Log file open, 10/16/22 21:14:04
LogWindows: Failed to load 'aqProf.dll' (GetLastError=126)
LogWindows: File 'aqProf.dll' does not exist
LogWindows: Failed to load 'VtuneApi.dll' (GetLastError=126)
LogWindows: File 'VtuneApi.dll' does not exist
LogWindows: Failed to load 'VtuneApi32e.dll' (GetLastError=126)
LogWindows: File 'VtuneApi32e.dll' does not exist
LogConsoleResponse: Display: Failed to find resolution value strings in scalability ini. Falling back to default.
LogConsoleResponse: Display: Failed to find resolution value strings in scalability ini. Falling back to default.
LogInit: Display: Running engine for game: SavePrincess
LogPlatformFile: Not using cached read wrapper
LogTaskGraph: Started task graph with 5 named threads and 26 total threads with 3 sets of task threads.
LogStats: Stats thread started at 0.180441
LogICUInternationalization: ICU TimeZone Detection - Raw Offset: -8:00, Platform Override: ''
LogInit: Display: Loading text-based GConfig....
LogPluginManager: Mounting plugin MeshPainting
LogPluginManager: Mounting plugin XGEController
LogPluginManager: Mounting plugin AISupport
LogPluginManager: Mounting plugin Paper2D
LogPluginManager: Mounting plugin EnvironmentQueryEditor
LogPluginManager: Mounting plugin LiveLink
LogPluginManager: Mounting plugin LightPropagationVolume
LogPluginManager: Mounting plugin GameplayCameras
LogPluginManager: Mounting plugin CameraShakePreviewer
LogPluginManager: Mounting plugin OodleData
LogPluginManager: Mounting plugin AnimationSharing
LogPluginManager: Mounting plugin OodleNetwork
LogPluginManager: Mounting plugin CLionSourceCodeAccess
LogPluginManager: Mounting plugin CodeLiteSourceCodeAccess
LogPluginManager: Mounting plugin KDevelopSourceCodeAccess
LogPluginManager: Mounting plugin NullSourceCodeAccess
LogPluginManager: Mounting plugin GitSourceControl
LogPluginManager: Mounting plugin PerforceSourceControl
LogPluginManager: Mounting plugin PixWinPlugin
LogPluginManager: Mounting plugin PluginUtils
LogPluginManager: Mounting plugin PlasticSourceControl
LogPluginManager: Mounting plugin PropertyAccessNode
LogPluginManager: Mounting plugin RiderSourceCodeAccess
LogPluginManager: Mounting plugin SubversionSourceControl
LogPluginManager: Mounting plugin TextureFormatOodle
LogPluginManager: Mounting plugin UObjectPlugin
LogPluginManager: Mounting plugin VisualStudioCodeSourceCodeAccess
LogPluginManager: Mounting plugin XCodeSourceCodeAccess
LogPluginManager: Mounting plugin VisualStudioSourceCodeAccess
LogPluginManager: Mounting plugin DatasmithContent
LogPluginManager: Mounting plugin VariantManagerContent
LogPluginManager: Mounting plugin AssetManagerEditor
LogPluginManager: Mounting plugin CryptoKeys
LogPluginManager: Mounting plugin CurveEditorTools
LogPluginManager: Mounting plugin DataValidation
LogPluginManager: Mounting plugin FacialAnimation
LogPluginManager: Mounting plugin GameplayTagsEditor
LogPluginManager: Mounting plugin GeometryMode
LogPluginManager: Mounting plugin MacGraphicsSwitching
LogPluginManager: Mounting plugin MaterialAnalyzer
LogPluginManager: Mounting plugin MobileLauncherProfileWizard
LogPluginManager: Mounting plugin PluginBrowser
LogPluginManager: Mounting plugin SpeedTreeImporter
LogPluginManager: Mounting plugin AlembicImporter
LogPluginManager: Mounting plugin AutomationUtils
LogPluginManager: Mounting plugin Niagara
LogPluginManager: Mounting plugin BackChannel
LogPluginManager: Mounting plugin ChaosClothEditor
LogPluginManager: Mounting plugin ChaosEditor
LogPluginManager: Mounting plugin ChaosNiagara
LogPluginManager: Mounting plugin ChaosSolverPlugin
LogPluginManager: Mounting plugin CharacterAI
LogPluginManager: Mounting plugin GeometryCache
LogPluginManager: Mounting plugin GeometryProcessing
LogPluginManager: Mounting plugin GeometryCollectionPlugin
LogPluginManager: Mounting plugin ChaosCloth
LogPluginManager: Mounting plugin OpenImageDenoise
LogPluginManager: Mounting plugin MotoSynth
LogPluginManager: Mounting plugin PlanarCut
LogPluginManager: Mounting plugin PlatformCrypto
LogPluginManager: Mounting plugin ProxyLODPlugin
LogPluginManager: Mounting plugin PythonScriptPlugin
LogPluginManager: Mounting plugin SkeletalReduction
LogPluginManager: Mounting plugin LuminPlatformFeatures
LogPluginManager: Mounting plugin MagicLeap
LogPluginManager: Mounting plugin MagicLeapMedia
LogPluginManager: Mounting plugin MagicLeapLightEstimation
LogPluginManager: Mounting plugin MagicLeapPassableWorld
LogPluginManager: Mounting plugin MLSDK
LogPluginManager: Mounting plugin AndroidMedia
LogPluginManager: Mounting plugin AvfMedia
LogPluginManager: Mounting plugin ImgMedia
LogPluginManager: Mounting plugin MediaCompositing
LogPluginManager: Mounting plugin MediaPlayerEditor
LogPluginManager: Mounting plugin WebMMedia
LogPluginManager: Mounting plugin WmfMedia
LogPluginManager: Mounting plugin TcpMessaging
LogPluginManager: Mounting plugin UdpMessaging
LogPluginManager: Mounting plugin OnlineSubsystem
LogPluginManager: Mounting plugin OnlineSubsystemNull
LogPluginManager: Mounting plugin OnlineSubsystemUtils
LogPluginManager: Mounting plugin ActorLayerUtilities
LogPluginManager: Mounting plugin LauncherChunkInstaller
LogPluginManager: Mounting plugin AndroidMoviePlayer
LogPluginManager: Mounting plugin AndroidPermission
LogPluginManager: Mounting plugin AndroidDeviceProfileSelector
LogPluginManager: Mounting plugin AppleImageUtils
LogPluginManager: Mounting plugin AppleMoviePlayer
LogPluginManager: Mounting plugin AssetTags
LogPluginManager: Mounting plugin ArchVisCharacter
LogPluginManager: Mounting plugin AudioCapture
LogPluginManager: Mounting plugin AudioSynesthesia
LogPluginManager: Mounting plugin CableComponent
LogPluginManager: Mounting plugin ChunkDownloader
LogPluginManager: Mounting plugin CustomMeshComponent
LogPluginManager: Mounting plugin EditableMesh
LogPluginManager: Mounting plugin ExampleDeviceProfileSelector
LogPluginManager: Mounting plugin GooglePAD
LogPluginManager: Mounting plugin GoogleCloudMessaging
LogPluginManager: Mounting plugin IOSDeviceProfileSelector
LogPluginManager: Mounting plugin LinuxDeviceProfileSelector
LogPluginManager: Mounting plugin LocationServicesBPLibrary
LogPluginManager: Mounting plugin MobilePatchingUtils
LogPluginManager: Mounting plugin OpenXR
LogPluginManager: Mounting plugin OpenXREyeTracker
LogPluginManager: Mounting plugin OpenXRHandTracking
LogPluginManager: Mounting plugin PhysXVehicles
LogPluginManager: Mounting plugin ActorSequence
LogPluginManager: Mounting plugin LevelSequenceEditor
LogPluginManager: Mounting plugin MatineeToLevelSequence
LogPluginManager: Mounting plugin TemplateSequence
LogPluginManager: Mounting plugin PostSplashScreen
LogPluginManager: Mounting plugin ProceduralMeshComponent
LogPluginManager: Mounting plugin PropertyAccessEditor
LogPluginManager: Mounting plugin RuntimePhysXCooking
LogPluginManager: Mounting plugin SignificanceManager
LogPluginManager: Mounting plugin Synthesis
LogPluginManager: Mounting plugin WebMMoviePlayer
LogPluginManager: Mounting plugin WindowsMoviePlayer
LogPluginManager: Mounting plugin ScreenshotTools
LogPluginManager: Mounting plugin Takes
LogPluginManager: Mounting plugin SoundFields
LogPluginManager: Mounting plugin ContentBrowserAssetDataSource
LogPluginManager: Mounting plugin ContentBrowserClassDataSource
LogPluginManager: Mounting plugin ContentBrowserFileDataSource
LogPluginManager: Mounting plugin OnlineSubsystemGooglePlay
LogPluginManager: Mounting plugin OnlineSubsystemIOS
LogPluginManager: Mounting plugin OculusVR
LogPluginManager: Mounting plugin SteamVR
PixWinPlugin: PIX capture plugin failed to initialize! Check that the process is launched from PIX.
LogInit: Using libcurl 7.55.1-DEV
LogInit:  - built for x86_64-pc-win32
LogInit:  - supports SSL with OpenSSL/1.1.1
LogInit:  - supports HTTP deflate (compression) using libz 1.2.8
LogInit:  - other features:
LogInit:      CURL_VERSION_SSL
LogInit:      CURL_VERSION_LIBZ
LogInit:      CURL_VERSION_IPV6
LogInit:      CURL_VERSION_ASYNCHDNS
LogInit:      CURL_VERSION_LARGEFILE
LogInit:      CURL_VERSION_IDN
LogInit:  CurlRequestOptions (configurable via config and command line):
LogInit:  - bVerifyPeer = true  - Libcurl will verify peer certificate
LogInit:  - bUseHttpProxy = false  - Libcurl will NOT use HTTP proxy
LogInit:  - bDontReuseConnections = false  - Libcurl will reuse connections
LogInit:  - MaxHostConnections = 16  - Libcurl will limit the number of connections to a host
LogInit:  - LocalHostAddr = Default
LogInit:  - BufferSize = 65536
LogOnline: OSS: Creating online subsystem instance for: NULL
LogInit: WinSock: version 1.1 (2.2), MaxSocks=32767, MaxUdp=65467
LogOnline: OSS: TryLoadSubsystemAndSetDefault: Loaded subsystem for module [NULL]
LogOculusPluginWrapper: OculusPlugin initialized successfully
LogHMD: Failed initializing OVRPlugin 1.59.0
LogInit: Build: ++UE4+Release-4.27-CL-18319896
LogInit: Engine Version: 4.27.2-18319896+++UE4+Release-4.27
LogInit: Compatible Engine Version: 4.27.0-17155196+++UE4+Release-4.27
LogInit: Net CL: 17155196
LogInit: OS: Windows 10 (Release 2009) (), CPU: Intel(R) Core(TM) i7-9700KF CPU @ 3.60GHz, GPU: NVIDIA GeForce RTX 3080
LogInit: Compiled (64-bit): Nov 30 2021 07:12:08
LogInit: Compiled with Visual C++: 19.24.28315.00
LogInit: Build Configuration: Development
LogInit: Branch Name: ++UE4+Release-4.27
LogInit: Command Line: 
LogInit: Base Directory: D:/UE_4.27/Engine/Binaries/Win64/
LogInit: Allocator: TBB
LogInit: Installed Engine Build: 1
LogDevObjectVersion: Number of dev versions registered: 29
LogDevObjectVersion:   Dev-Blueprints (B0D832E4-1F89-4F0D-ACCF-7EB736FD4AA2): 10
LogDevObjectVersion:   Dev-Build (E1C64328-A22C-4D53-A36C-8E866417BD8C): 0
LogDevObjectVersion:   Dev-Core (375EC13C-06E4-48FB-B500-84F0262A717E): 4
LogDevObjectVersion:   Dev-Editor (E4B068ED-F494-42E9-A231-DA0B2E46BB41): 40
LogDevObjectVersion:   Dev-Framework (CFFC743F-43B0-4480-9391-14DF171D2073): 37
LogDevObjectVersion:   Dev-Mobile (B02B49B5-BB20-44E9-A304-32B752E40360): 3
LogDevObjectVersion:   Dev-Networking (A4E4105C-59A1-49B5-A7C5-40C4547EDFEE): 0
LogDevObjectVersion:   Dev-Online (39C831C9-5AE6-47DC-9A44-9C173E1C8E7C): 0
LogDevObjectVersion:   Dev-Physics (78F01B33-EBEA-4F98-B9B4-84EACCB95AA2): 14
LogDevObjectVersion:   Dev-Platform (6631380F-2D4D-43E0-8009-CF276956A95A): 0
LogDevObjectVersion:   Dev-Rendering (12F88B9F-8875-4AFC-A67C-D90C383ABD29): 45
LogDevObjectVersion:   Dev-Sequencer (7B5AE74C-D270-4C10-A958-57980B212A5A): 13
LogDevObjectVersion:   Dev-VR (D7296918-1DD6-4BDD-9DE2-64A83CC13884): 3
LogDevObjectVersion:   Dev-LoadTimes (C2A15278-BFE7-4AFE-6C17-90FF531DF755): 1
LogDevObjectVersion:   Private-Geometry (6EACA3D4-40EC-4CC1-B786-8BED09428FC5): 3
LogDevObjectVersion:   Dev-AnimPhys (29E575DD-E0A3-4627-9D10-D276232CDCEA): 17
LogDevObjectVersion:   Dev-Anim (AF43A65D-7FD3-4947-9873-3E8ED9C1BB05): 15
LogDevObjectVersion:   Dev-ReflectionCapture (6B266CEC-1EC7-4B8F-A30B-E4D90942FC07): 1
LogDevObjectVersion:   Dev-Automation (0DF73D61-A23F-47EA-B727-89E90C41499A): 1
LogDevObjectVersion:   FortniteMain (601D1886-AC64-4F84-AA16-D3DE0DEAC7D6): 47
LogDevObjectVersion:   FortniteRelease (E7086368-6B23-4C58-8439-1B7016265E91): 1
LogDevObjectVersion:   Dev-Enterprise (9DFFBCD6-494F-0158-E221-12823C92A888): 10
LogDevObjectVersion:   Dev-Niagara (F2AED0AC-9AFE-416F-8664-AA7FFA26D6FC): 1
LogDevObjectVersion:   Dev-Destruction (174F1F0B-B4C6-45A5-B13F-2EE8D0FB917D): 10
LogDevObjectVersion:   Dev-Physics-Ext (35F94A83-E258-406C-A318-09F59610247C): 41
LogDevObjectVersion:   Dev-PhysicsMaterial-Chaos (B68FC16E-8B1B-42E2-B453-215C058844FE): 1
LogDevObjectVersion:   Dev-CineCamera (B2E18506-4273-CFC2-A54E-F4BB758BBA07): 1
LogDevObjectVersion:   Dev-VirtualProduction (64F58936-FD1B-42BA-BA96-7289D5D0FA4E): 1
LogDevObjectVersion:   Dev-MediaFramework (6F0ED827-A609-4895-9C91-998D90180EA4): 2
LogInit: Presizing for max 25165824 objects, including 0 objects not considered by GC, pre-allocating 0 bytes for permanent pool.
LogConfig: Applying CVar settings from Section [/Script/Engine.StreamingSettings] File [C:/Users/matoo/OneDrive/Documents/GitHub/SavePrincess/SavePrincess/Saved/Config/Windows/Engine.ini]
LogConfig: Setting CVar [[s.MinBulkDataSizeForAsyncLoading:131072]]
LogConfig: Setting CVar [[s.AsyncLoadingThreadEnabled:0]]
LogConfig: Setting CVar [[s.EventDrivenLoaderEnabled:1]]
LogConfig: Setting CVar [[s.WarnIfTimeLimitExceeded:0]]
LogConfig: Setting CVar [[s.TimeLimitExceededMultiplier:1.5]]
LogConfig: Setting CVar [[s.TimeLimitExceededMinTime:0.005]]
LogConfig: Setting CVar [[s.UseBackgroundLevelStreaming:1]]
LogConfig: Setting CVar [[s.PriorityAsyncLoadingExtraTime:15.0]]
LogConfig: Setting CVar [[s.LevelStreamingActorsUpdateTimeLimit:5.0]]
LogConfig: Setting CVar [[s.PriorityLevelStreamingActorsUpdateExtraTime:5.0]]
LogConfig: Setting CVar [[s.LevelStreamingComponentsRegistrationGranularity:10]]
LogConfig: Setting CVar [[s.UnregisterComponentsTimeLimit:1.0]]
LogConfig: Setting CVar [[s.LevelStreamingComponentsUnregistrationGranularity:5]]
LogConfig: Setting CVar [[s.FlushStreamingOnExit:1]]
LogInit: Object subsystem initialized
LogConfig: Setting CVar [[con.DebugEarlyDefault:1]]
LogConfig: Setting CVar [[r.setres:1280x720]]
[2022.10.17-04.14.05:092][  0]LogConfig: Setting CVar [[r.VSync:0]]
[2022.10.17-04.14.05:092][  0]LogConfig: Setting CVar [[r.RHICmdBypass:0]]
[2022.10.17-04.14.05:092][  0]LogConfig: Applying CVar settings from Section [/Script/Engine.RendererSettings] File [C:/Users/matoo/OneDrive/Documents/GitHub/SavePrincess/SavePrincess/Saved/Config/Windows/Engine.ini]
[2022.10.17-04.14.05:092][  0]LogConfig: Setting CVar [[r.GPUCrashDebugging:0]]
[2022.10.17-04.14.05:092][  0]LogConfig: Applying CVar settings from Section [/Script/Engine.RendererOverrideSettings] File [C:/Users/matoo/OneDrive/Documents/GitHub/SavePrincess/SavePrincess/Saved/Config/Windows/Engine.ini]
[2022.10.17-04.14.05:092][  0]LogConfig: Applying CVar settings from Section [/Script/Engine.StreamingSettings] File [C:/Users/matoo/OneDrive/Documents/GitHub/SavePrincess/SavePrincess/Saved/Config/Windows/Engine.ini]
[2022.10.17-04.14.05:092][  0]LogConfig: Setting CVar [[s.MinBulkDataSizeForAsyncLoading:131072]]
[2022.10.17-04.14.05:092][  0]LogConfig: Setting CVar [[s.AsyncLoadingThreadEnabled:0]]
[2022.10.17-04.14.05:092][  0]LogConfig: Setting CVar [[s.EventDrivenLoaderEnabled:1]]
[2022.10.17-04.14.05:092][  0]LogConfig: Setting CVar [[s.WarnIfTimeLimitExceeded:0]]
[2022.10.17-04.14.05:092][  0]LogConfig: Setting CVar [[s.TimeLimitExceededMultiplier:1.5]]
[2022.10.17-04.14.05:092][  0]LogConfig: Setting CVar [[s.TimeLimitExceededMinTime:0.005]]
[2022.10.17-04.14.05:092][  0]LogConfig: Setting CVar [[s.UseBackgroundLevelStreaming:1]]
[2022.10.17-04.14.05:092][  0]LogConfig: Setting CVar [[s.PriorityAsyncLoadingExtraTime:15.0]]
[2022.10.17-04.14.05:092][  0]LogConfig: Setting CVar [[s.LevelStreamingActorsUpdateTimeLimit:5.0]]
[2022.10.17-04.14.05:092][  0]LogConfig: Setting CVar [[s.PriorityLevelStreamingActorsUpdateExtraTime:5.0]]
[2022.10.17-04.14.05:092][  0]LogConfig: Setting CVar [[s.LevelStreamingComponentsRegistrationGranularity:10]]
[2022.10.17-04.14.05:092][  0]LogConfig: Setting CVar [[s.UnregisterComponentsTimeLimit:1.0]]
[2022.10.17-04.14.05:092][  0]LogConfig: Setting CVar [[s.LevelStreamingComponentsUnregistrationGranularity:5]]
[2022.10.17-04.14.05:092][  0]LogConfig: Setting CVar [[s.FlushStreamingOnExit:1]]
[2022.10.17-04.14.05:092][  0]LogConfig: Applying CVar settings from Section [/Script/Engine.GarbageCollectionSettings] File [C:/Users/matoo/OneDrive/Documents/GitHub/SavePrincess/SavePrincess/Saved/Config/Windows/Engine.ini]
[2022.10.17-04.14.05:092][  0]LogConfig: Setting CVar [[gc.MaxObjectsNotConsideredByGC:1]]
[2022.10.17-04.14.05:092][  0]LogConfig: Setting CVar [[gc.SizeOfPermanentObjectPool:0]]
[2022.10.17-04.14.05:092][  0]LogConfig: Setting CVar [[gc.FlushStreamingOnGC:0]]
[2022.10.17-04.14.05:092][  0]LogConfig: Setting CVar [[gc.NumRetriesBeforeForcingGC:10]]
[2022.10.17-04.14.05:092][  0]LogConfig: Setting CVar [[gc.AllowParallelGC:1]]
[2022.10.17-04.14.05:092][  0]LogConfig: Setting CVar [[gc.TimeBetweenPurgingPendingKillObjects:61.1]]
[2022.10.17-04.14.05:092][  0]LogConfig: Setting CVar [[gc.MaxObjectsInEditor:25165824]]
[2022.10.17-04.14.05:093][  0]LogConfig: Setting CVar [[gc.IncrementalBeginDestroyEnabled:1]]
[2022.10.17-04.14.05:093][  0]LogConfig: Setting CVar [[gc.CreateGCClusters:1]]
[2022.10.17-04.14.05:093][  0]LogConfig: Setting CVar [[gc.MinGCClusterSize:5]]
[2022.10.17-04.14.05:093][  0]LogConfig: Setting CVar [[gc.ActorClusteringEnabled:0]]
[2022.10.17-04.14.05:093][  0]LogConfig: Setting CVar [[gc.BlueprintClusteringEnabled:0]]
[2022.10.17-04.14.05:093][  0]LogConfig: Setting CVar [[gc.UseDisregardForGCOnDedicatedServers:0]]
[2022.10.17-04.14.05:093][  0]LogConfig: Setting CVar [[gc.MultithreadedDestructionEnabled:1]]
[2022.10.17-04.14.05:093][  0]LogConfig: Applying CVar settings from Section [/Script/Engine.NetworkSettings] File [C:/Users/matoo/OneDrive/Documents/GitHub/SavePrincess/SavePrincess/Saved/Config/Windows/Engine.ini]
[2022.10.17-04.14.05:093][  0]LogConfig: Applying CVar settings from Section [/Script/UnrealEd.CookerSettings] File [C:/Users/matoo/OneDrive/Documents/GitHub/SavePrincess/SavePrincess/Saved/Config/Windows/Engine.ini]
[2022.10.17-04.14.05:114][  0]LogConfig: Applying CVar settings from Section [ViewDistanceQuality@3] File [C:/Users/matoo/OneDrive/Documents/GitHub/SavePrincess/SavePrincess/Saved/Config/Windows/Scalability.ini]
[2022.10.17-04.14.05:114][  0]LogConfig: Setting CVar [[r.SkeletalMeshLODBias:0]]
[2022.10.17-04.14.05:114][  0]LogConfig: Setting CVar [[r.ViewDistanceScale:1.0]]
[2022.10.17-04.14.05:114][  0]LogConfig: Applying CVar settings from Section [AntiAliasingQuality@3] File [C:/Users/matoo/OneDrive/Documents/GitHub/SavePrincess/SavePrincess/Saved/Config/Windows/Scalability.ini]
[2022.10.17-04.14.05:114][  0]LogConfig: Setting CVar [[r.PostProcessAAQuality:4]]
[2022.10.17-04.14.05:114][  0]LogConfig: Applying CVar settings from Section [ShadowQuality@3] File [C:/Users/matoo/OneDrive/Documents/GitHub/SavePrincess/SavePrincess/Saved/Config/Windows/Scalability.ini]
[2022.10.17-04.14.05:114][  0]LogConfig: Setting CVar [[r.LightFunctionQuality:1]]
[2022.10.17-04.14.05:114][  0]LogConfig: Setting CVar [[r.ShadowQuality:5]]
[2022.10.17-04.14.05:114][  0]LogConfig: Setting CVar [[r.Shadow.CSM.MaxCascades:10]]
[2022.10.17-04.14.05:114][  0]LogConfig: Setting CVar [[r.Shadow.MaxResolution:2048]]
[2022.10.17-04.14.05:114][  0]LogConfig: Setting CVar [[r.Shadow.MaxCSMResolution:2048]]
[2022.10.17-04.14.05:114][  0]LogConfig: Setting CVar [[r.Shadow.RadiusThreshold:0.01]]
[2022.10.17-04.14.05:114][  0]LogConfig: Setting CVar [[r.Shadow.DistanceScale:1.0]]
[2022.10.17-04.14.05:114][  0]LogConfig: Setting CVar [[r.Shadow.CSM.TransitionScale:1.0]]
[2022.10.17-04.14.05:114][  0]LogConfig: Setting CVar [[r.Shadow.PreShadowResolutionFactor:1.0]]
[2022.10.17-04.14.05:114][  0]LogConfig: Setting CVar [[r.DistanceFieldShadowing:1]]
[2022.10.17-04.14.05:114][  0]LogConfig: Setting CVar [[r.DistanceFieldAO:1]]
[2022.10.17-04.14.05:114][  0]LogConfig: Setting CVar [[r.AOQuality:2]]
[2022.10.17-04.14.05:114][  0]LogConfig: Setting CVar [[r.VolumetricFog:1]]
[2022.10.17-04.14.05:114][  0]LogConfig: Setting CVar [[r.VolumetricFog.GridPixelSize:8]]
[2022.10.17-04.14.05:114][  0]LogConfig: Setting CVar [[r.VolumetricFog.GridSizeZ:128]]
[2022.10.17-04.14.05:114][  0]LogConfig: Setting CVar [[r.VolumetricFog.HistoryMissSupersampleCount:4]]
[2022.10.17-04.14.05:114][  0]LogConfig: Setting CVar [[r.LightMaxDrawDistanceScale:1]]
[2022.10.17-04.14.05:114][  0]LogConfig: Setting CVar [[r.CapsuleShadows:1]]
[2022.10.17-04.14.05:114][  0]LogConfig: Applying CVar settings from Section [PostProcessQuality@3] File [C:/Users/matoo/OneDrive/Documents/GitHub/SavePrincess/SavePrincess/Saved/Config/Windows/Scalability.ini]
[2022.10.17-04.14.05:114][  0]LogConfig: Setting CVar [[r.MotionBlurQuality:4]]
[2022.10.17-04.14.05:114][  0]LogConfig: Setting CVar [[r.AmbientOcclusionMipLevelFactor:0.4]]
[2022.10.17-04.14.05:115][  0]LogConfig: Setting CVar [[r.AmbientOcclusionMaxQuality:100]]
[2022.10.17-04.14.05:115][  0]LogConfig: Setting CVar [[r.AmbientOcclusionLevels:-1]]
[2022.10.17-04.14.05:115][  0]LogConfig: Setting CVar [[r.AmbientOcclusionRadiusScale:1.0]]
[2022.10.17-04.14.05:115][  0]LogConfig: Setting CVar [[r.DepthOfFieldQuality:2]]
[2022.10.17-04.14.05:115][  0]LogConfig: Setting CVar [[r.RenderTargetPoolMin:400]]
[2022.10.17-04.14.05:115][  0]LogConfig: Setting CVar [[r.LensFlareQuality:2]]
[2022.10.17-04.14.05:115][  0]LogConfig: Setting CVar [[r.SceneColorFringeQuality:1]]
[2022.10.17-04.14.05:115][  0]LogConfig: Setting CVar [[r.EyeAdaptationQuality:2]]
[2022.10.17-04.14.05:115][  0]LogConfig: Setting CVar [[r.BloomQuality:5]]
[2022.10.17-04.14.05:115][  0]LogConfig: Setting CVar [[r.FastBlurThreshold:100]]
[2022.10.17-04.14.05:115][  0]LogConfig: Setting CVar [[r.Upscale.Quality:3]]
[2022.10.17-04.14.05:115][  0]LogConfig: Setting CVar [[r.Tonemapper.GrainQuantization:1]]
[2022.10.17-04.14.05:115][  0]LogConfig: Setting CVar [[r.LightShaftQuality:1]]
[2022.10.17-04.14.05:115][  0]LogConfig: Setting CVar [[r.Filter.SizeScale:1]]
[2022.10.17-04.14.05:115][  0]LogConfig: Setting CVar [[r.Tonemapper.Quality:5]]
[2022.10.17-04.14.05:115][  0]LogConfig: Setting CVar [[r.DOF.Gather.AccumulatorQuality:1        ; higher gathering accumulator quality]]
[2022.10.17-04.14.05:115][  0]LogConfig: Setting CVar [[r.DOF.Gather.PostfilterMethod:1          ; Median3x3 postfilering method]]
[2022.10.17-04.14.05:115][  0]LogConfig: Setting CVar [[r.DOF.Gather.EnableBokehSettings:0       ; no bokeh simulation when gathering]]
[2022.10.17-04.14.05:115][  0]LogConfig: Setting CVar [[r.DOF.Gather.RingCount:4                 ; medium number of samples when gathering]]
[2022.10.17-04.14.05:115][  0]LogConfig: Setting CVar [[r.DOF.Scatter.ForegroundCompositing:1    ; additive foreground scattering]]
[2022.10.17-04.14.05:115][  0]LogConfig: Setting CVar [[r.DOF.Scatter.BackgroundCompositing:2    ; additive background scattering]]
[2022.10.17-04.14.05:115][  0]LogConfig: Setting CVar [[r.DOF.Scatter.EnableBokehSettings:1      ; bokeh simulation when scattering]]
[2022.10.17-04.14.05:115][  0]LogConfig: Setting CVar [[r.DOF.Scatter.MaxSpriteRatio:0.1         ; only a maximum of 10% of scattered bokeh]]
[2022.10.17-04.14.05:115][  0]LogConfig: Setting CVar [[r.DOF.Recombine.Quality:1                ; cheap slight out of focus]]
[2022.10.17-04.14.05:115][  0]LogConfig: Setting CVar [[r.DOF.Recombine.EnableBokehSettings:0    ; no bokeh simulation on slight out of focus]]
[2022.10.17-04.14.05:115][  0]LogConfig: Setting CVar [[r.DOF.TemporalAAQuality:1                ; more stable temporal accumulation]]
[2022.10.17-04.14.05:115][  0]LogConfig: Setting CVar [[r.DOF.Kernel.MaxForegroundRadius:0.025]]
[2022.10.17-04.14.05:115][  0]LogConfig: Setting CVar [[r.DOF.Kernel.MaxBackgroundRadius:0.025]]
[2022.10.17-04.14.05:115][  0]LogConfig: Applying CVar settings from Section [TextureQuality@3] File [C:/Users/matoo/OneDrive/Documents/GitHub/SavePrincess/SavePrincess/Saved/Config/Windows/Scalability.ini]
[2022.10.17-04.14.05:115][  0]LogConfig: Setting CVar [[r.Streaming.MipBias:0]]
[2022.10.17-04.14.05:115][  0]LogConfig: Setting CVar [[r.Streaming.AmortizeCPUToGPUCopy:0]]
[2022.10.17-04.14.05:115][  0]LogConfig: Setting CVar [[r.Streaming.MaxNumTexturesToStreamPerFrame:0]]
[2022.10.17-04.14.05:115][  0]LogConfig: Setting CVar [[r.Streaming.Boost:1]]
[2022.10.17-04.14.05:115][  0]LogConfig: Setting CVar [[r.MaxAnisotropy:8]]
[2022.10.17-04.14.05:115][  0]LogConfig: Setting CVar [[r.VT.MaxAnisotropy:8]]
[2022.10.17-04.14.05:115][  0]LogConfig: Setting CVar [[r.Streaming.LimitPoolSizeToVRAM:0]]
[2022.10.17-04.14.05:115][  0]LogConfig: Setting CVar [[r.Streaming.PoolSize:1000]]
[2022.10.17-04.14.05:115][  0]LogConfig: Setting CVar [[r.Streaming.MaxEffectiveScreenSize:0]]
[2022.10.17-04.14.05:115][  0]LogConfig: Applying CVar settings from Section [EffectsQuality@3] File [C:/Users/matoo/OneDrive/Documents/GitHub/SavePrincess/SavePrincess/Saved/Config/Windows/Scalability.ini]
[2022.10.17-04.14.05:115][  0]LogConfig: Setting CVar [[r.TranslucencyLightingVolumeDim:64]]
[2022.10.17-04.14.05:115][  0]LogConfig: Setting CVar [[r.RefractionQuality:2]]
[2022.10.17-04.14.05:115][  0]LogConfig: Setting CVar [[r.SSR.Quality:3]]
[2022.10.17-04.14.05:115][  0]LogConfig: Setting CVar [[r.SSR.HalfResSceneColor:0]]
[2022.10.17-04.14.05:115][  0]LogConfig: Setting CVar [[r.SceneColorFormat:4]]
[2022.10.17-04.14.05:115][  0]LogConfig: Setting CVar [[r.DetailMode:2]]
[2022.10.17-04.14.05:115][  0]LogConfig: Setting CVar [[r.TranslucencyVolumeBlur:1]]
[2022.10.17-04.14.05:115][  0]LogConfig: Setting CVar [[r.MaterialQualityLevel:1 ; High quality]]
[2022.10.17-04.14.05:115][  0]LogConfig: Setting CVar [[r.AnisotropicMaterials:1]]
[2022.10.17-04.14.05:115][  0]LogConfig: Setting CVar [[r.SSS.Scale:1]]
[2022.10.17-04.14.05:115][  0]LogConfig: Setting CVar [[r.SSS.SampleSet:2]]
[2022.10.17-04.14.05:115][  0]LogConfig: Setting CVar [[r.SSS.Quality:1]]
[2022.10.17-04.14.05:115][  0]LogConfig: Setting CVar [[r.SSS.HalfRes:0]]
[2022.10.17-04.14.05:115][  0]LogConfig: Setting CVar [[r.SSGI.Quality:3]]
[2022.10.17-04.14.05:115][  0]LogConfig: Setting CVar [[r.EmitterSpawnRateScale:1.0]]
[2022.10.17-04.14.05:115][  0]LogConfig: Setting CVar [[r.ParticleLightQuality:2]]
[2022.10.17-04.14.05:115][  0]LogConfig: Setting CVar [[r.SkyAtmosphere.AerialPerspectiveLUT.FastApplyOnOpaque:1 ; Always have FastSkyLUT 1 in this case to avoid wrong sky]]
[2022.10.17-04.14.05:115][  0]LogConfig: Setting CVar [[r.SkyAtmosphere.AerialPerspectiveLUT.SampleCountMaxPerSlice:4]]
[2022.10.17-04.14.05:115][  0]LogConfig: Setting CVar [[r.SkyAtmosphere.AerialPerspectiveLUT.DepthResolution:16.0]]
[2022.10.17-04.14.05:115][  0]LogConfig: Setting CVar [[r.SkyAtmosphere.FastSkyLUT:1]]
[2022.10.17-04.14.05:115][  0]LogConfig: Setting CVar [[r.SkyAtmosphere.FastSkyLUT.SampleCountMin:4.0]]
[2022.10.17-04.14.05:115][  0]LogConfig: Setting CVar [[r.SkyAtmosphere.FastSkyLUT.SampleCountMax:128.0]]
[2022.10.17-04.14.05:115][  0]LogConfig: Setting CVar [[r.SkyAtmosphere.SampleCountMin:4.0]]
[2022.10.17-04.14.05:115][  0]LogConfig: Setting CVar [[r.SkyAtmosphere.SampleCountMax:128.0]]
[2022.10.17-04.14.05:115][  0]LogConfig: Setting CVar [[r.SkyAtmosphere.TransmittanceLUT.UseSmallFormat:0]]
[2022.10.17-04.14.05:115][  0]LogConfig: Setting CVar [[r.SkyAtmosphere.TransmittanceLUT.SampleCount:10.0]]
[2022.10.17-04.14.05:115][  0]LogConfig: Setting CVar [[r.SkyAtmosphere.MultiScatteringLUT.SampleCount:15.0]]
[2022.10.17-04.14.05:115][  0]LogConfig: Setting CVar [[r.SkyLight.RealTimeReflectionCapture:1]]
[2022.10.17-04.14.05:115][  0]LogConfig: Applying CVar settings from Section [FoliageQuality@3] File [C:/Users/matoo/OneDrive/Documents/GitHub/SavePrincess/SavePrincess/Saved/Config/Windows/Scalability.ini]
[2022.10.17-04.14.05:115][  0]LogConfig: Setting CVar [[foliage.DensityScale:1.0]]
[2022.10.17-04.14.05:115][  0]LogConfig: Setting CVar [[grass.DensityScale:1.0]]
[2022.10.17-04.14.05:115][  0]LogConfig: Applying CVar settings from Section [ShadingQuality@3] File [C:/Users/matoo/OneDrive/Documents/GitHub/SavePrincess/SavePrincess/Saved/Config/Windows/Scalability.ini]
[2022.10.17-04.14.05:115][  0]LogConfig: Setting CVar [[r.HairStrands.SkyLighting.IntegrationType:2]]
[2022.10.17-04.14.05:115][  0]LogConfig: Setting CVar [[r.HairStrands.SkyAO.SampleCount:4]]
[2022.10.17-04.14.05:115][  0]LogConfig: Setting CVar [[r.HairStrands.Visibility.MSAA.SamplePerPixel:4]]
[2022.10.17-04.14.05:115][  0]LogInit: Selected Device Profile: [Windows]
[2022.10.17-04.14.05:115][  0]LogInit: Applying CVar settings loaded from the selected device profile: [Windows]
[2022.10.17-04.14.05:115][  0]LogHAL: Display: Platform has ~ 32 GB [34271191040 / 34359738368 / 32], which maps to Largest [LargestMinGB=32, LargerMinGB=12, DefaultMinGB=8, SmallerMinGB=6, SmallestMinGB=0)
[2022.10.17-04.14.05:115][  0]LogInit: Going up to parent DeviceProfile []
[2022.10.17-04.14.05:115][  0]LogConfig: Applying CVar settings from Section [ViewDistanceQuality@3] File [C:/Users/matoo/OneDrive/Documents/GitHub/SavePrincess/SavePrincess/Saved/Config/Windows/Scalability.ini]
[2022.10.17-04.14.05:115][  0]LogConfig: Setting CVar [[r.SkeletalMeshLODBias:0]]
[2022.10.17-04.14.05:115][  0]LogConfig: Setting CVar [[r.ViewDistanceScale:1.0]]
[2022.10.17-04.14.05:115][  0]LogConfig: Applying CVar settings from Section [AntiAliasingQuality@3] File [C:/Users/matoo/OneDrive/Documents/GitHub/SavePrincess/SavePrincess/Saved/Config/Windows/Scalability.ini]
[2022.10.17-04.14.05:115][  0]LogConfig: Setting CVar [[r.PostProcessAAQuality:4]]
[2022.10.17-04.14.05:115][  0]LogConfig: Applying CVar settings from Section [ShadowQuality@3] File [C:/Users/matoo/OneDrive/Documents/GitHub/SavePrincess/SavePrincess/Saved/Config/Windows/Scalability.ini]
[2022.10.17-04.14.05:115][  0]LogConfig: Setting CVar [[r.LightFunctionQuality:1]]
[2022.10.17-04.14.05:115][  0]LogConfig: Setting CVar [[r.ShadowQuality:5]]
[2022.10.17-04.14.05:115][  0]LogConfig: Setting CVar [[r.Shadow.CSM.MaxCascades:10]]
[2022.10.17-04.14.05:115][  0]LogConfig: Setting CVar [[r.Shadow.MaxResolution:2048]]
[2022.10.17-04.14.05:115][  0]LogConfig: Setting CVar [[r.Shadow.MaxCSMResolution:2048]]
[2022.10.17-04.14.05:115][  0]LogConfig: Setting CVar [[r.Shadow.RadiusThreshold:0.01]]
[2022.10.17-04.14.05:115][  0]LogConfig: Setting CVar [[r.Shadow.DistanceScale:1.0]]
[2022.10.17-04.14.05:115][  0]LogConfig: Setting CVar [[r.Shadow.CSM.TransitionScale:1.0]]
[2022.10.17-04.14.05:115][  0]LogConfig: Setting CVar [[r.Shadow.PreShadowResolutionFactor:1.0]]
[2022.10.17-04.14.05:115][  0]LogConfig: Setting CVar [[r.DistanceFieldShadowing:1]]
[2022.10.17-04.14.05:115][  0]LogConfig: Setting CVar [[r.DistanceFieldAO:1]]
[2022.10.17-04.14.05:115][  0]LogConfig: Setting CVar [[r.AOQuality:2]]
[2022.10.17-04.14.05:115][  0]LogConfig: Setting CVar [[r.VolumetricFog:1]]
[2022.10.17-04.14.05:115][  0]LogConfig: Setting CVar [[r.VolumetricFog.GridPixelSize:8]]
[2022.10.17-04.14.05:115][  0]LogConfig: Setting CVar [[r.VolumetricFog.GridSizeZ:128]]
[2022.10.17-04.14.05:115][  0]LogConfig: Setting CVar [[r.VolumetricFog.HistoryMissSupersampleCount:4]]
[2022.10.17-04.14.05:115][  0]LogConfig: Setting CVar [[r.LightMaxDrawDistanceScale:1]]
[2022.10.17-04.14.05:115][  0]LogConfig: Setting CVar [[r.CapsuleShadows:1]]
[2022.10.17-04.14.05:115][  0]LogConfig: Applying CVar settings from Section [PostProcessQuality@3] File [C:/Users/matoo/OneDrive/Documents/GitHub/SavePrincess/SavePrincess/Saved/Config/Windows/Scalability.ini]
[2022.10.17-04.14.05:116][  0]LogConfig: Setting CVar [[r.MotionBlurQuality:4]]
[2022.10.17-04.14.05:116][  0]LogConfig: Setting CVar [[r.AmbientOcclusionMipLevelFactor:0.4]]
[2022.10.17-04.14.05:116][  0]LogConfig: Setting CVar [[r.AmbientOcclusionMaxQuality:100]]
[2022.10.17-04.14.05:116][  0]LogConfig: Setting CVar [[r.AmbientOcclusionLevels:-1]]
[2022.10.17-04.14.05:116][  0]LogConfig: Setting CVar [[r.AmbientOcclusionRadiusScale:1.0]]
[2022.10.17-04.14.05:116][  0]LogConfig: Setting CVar [[r.DepthOfFieldQuality:2]]
[2022.10.17-04.14.05:116][  0]LogConfig: Setting CVar [[r.RenderTargetPoolMin:400]]
[2022.10.17-04.14.05:116][  0]LogConfig: Setting CVar [[r.LensFlareQuality:2]]
[2022.10.17-04.14.05:116][  0]LogConfig: Setting CVar [[r.SceneColorFringeQuality:1]]
[2022.10.17-04.14.05:116][  0]LogConfig: Setting CVar [[r.EyeAdaptationQuality:2]]
[2022.10.17-04.14.05:116][  0]LogConfig: Setting CVar [[r.BloomQuality:5]]
[2022.10.17-04.14.05:116][  0]LogConfig: Setting CVar [[r.FastBlurThreshold:100]]
[2022.10.17-04.14.05:116][  0]LogConfig: Setting CVar [[r.Upscale.Quality:3]]
[2022.10.17-04.14.05:116][  0]LogConfig: Setting CVar [[r.Tonemapper.GrainQuantization:1]]
[2022.10.17-04.14.05:116][  0]LogConfig: Setting CVar [[r.LightShaftQuality:1]]
[2022.10.17-04.14.05:116][  0]LogConfig: Setting CVar [[r.Filter.SizeScale:1]]
[2022.10.17-04.14.05:116][  0]LogConfig: Setting CVar [[r.Tonemapper.Quality:5]]
[2022.10.17-04.14.05:116][  0]LogConfig: Setting CVar [[r.DOF.Gather.AccumulatorQuality:1        ; higher gathering accumulator quality]]
[2022.10.17-04.14.05:116][  0]LogConfig: Setting CVar [[r.DOF.Gather.PostfilterMethod:1          ; Median3x3 postfilering method]]
[2022.10.17-04.14.05:116][  0]LogConfig: Setting CVar [[r.DOF.Gather.EnableBokehSettings:0       ; no bokeh simulation when gathering]]
[2022.10.17-04.14.05:116][  0]LogConfig: Setting CVar [[r.DOF.Gather.RingCount:4                 ; medium number of samples when gathering]]
[2022.10.17-04.14.05:116][  0]LogConfig: Setting CVar [[r.DOF.Scatter.ForegroundCompositing:1    ; additive foreground scattering]]
[2022.10.17-04.14.05:116][  0]LogConfig: Setting CVar [[r.DOF.Scatter.BackgroundCompositing:2    ; additive background scattering]]
[2022.10.17-04.14.05:116][  0]LogConfig: Setting CVar [[r.DOF.Scatter.EnableBokehSettings:1      ; bokeh simulation when scattering]]
[2022.10.17-04.14.05:116][  0]LogConfig: Setting CVar [[r.DOF.Scatter.MaxSpriteRatio:0.1         ; only a maximum of 10% of scattered bokeh]]
[2022.10.17-04.14.05:116][  0]LogConfig: Setting CVar [[r.DOF.Recombine.Quality:1                ; cheap slight out of focus]]
[2022.10.17-04.14.05:116][  0]LogConfig: Setting CVar [[r.DOF.Recombine.EnableBokehSettings:0    ; no bokeh simulation on slight out of focus]]
[2022.10.17-04.14.05:116][  0]LogConfig: Setting CVar [[r.DOF.TemporalAAQuality:1                ; more stable temporal accumulation]]
[2022.10.17-04.14.05:116][  0]LogConfig: Setting CVar [[r.DOF.Kernel.MaxForegroundRadius:0.025]]
[2022.10.17-04.14.05:116][  0]LogConfig: Setting CVar [[r.DOF.Kernel.MaxBackgroundRadius:0.025]]
[2022.10.17-04.14.05:116][  0]LogConfig: Applying CVar settings from Section [TextureQuality@3] File [C:/Users/matoo/OneDrive/Documents/GitHub/SavePrincess/SavePrincess/Saved/Config/Windows/Scalability.ini]
[2022.10.17-04.14.05:116][  0]LogConfig: Setting CVar [[r.Streaming.MipBias:0]]
[2022.10.17-04.14.05:116][  0]LogConfig: Setting CVar [[r.Streaming.AmortizeCPUToGPUCopy:0]]
[2022.10.17-04.14.05:116][  0]LogConfig: Setting CVar [[r.Streaming.MaxNumTexturesToStreamPerFrame:0]]
[2022.10.17-04.14.05:116][  0]LogConfig: Setting CVar [[r.Streaming.Boost:1]]
[2022.10.17-04.14.05:116][  0]LogConfig: Setting CVar [[r.MaxAnisotropy:8]]
[2022.10.17-04.14.05:116][  0]LogConfig: Setting CVar [[r.VT.MaxAnisotropy:8]]
[2022.10.17-04.14.05:116][  0]LogConfig: Setting CVar [[r.Streaming.LimitPoolSizeToVRAM:0]]
[2022.10.17-04.14.05:116][  0]LogConfig: Setting CVar [[r.Streaming.PoolSize:1000]]
[2022.10.17-04.14.05:116][  0]LogConfig: Setting CVar [[r.Streaming.MaxEffectiveScreenSize:0]]
[2022.10.17-04.14.05:116][  0]LogConfig: Applying CVar settings from Section [EffectsQuality@3] File [C:/Users/matoo/OneDrive/Documents/GitHub/SavePrincess/SavePrincess/Saved/Config/Windows/Scalability.ini]
[2022.10.17-04.14.05:116][  0]LogConfig: Setting CVar [[r.TranslucencyLightingVolumeDim:64]]
[2022.10.17-04.14.05:116][  0]LogConfig: Setting CVar [[r.RefractionQuality:2]]
[2022.10.17-04.14.05:116][  0]LogConfig: Setting CVar [[r.SSR.Quality:3]]
[2022.10.17-04.14.05:116][  0]LogConfig: Setting CVar [[r.SSR.HalfResSceneColor:0]]
[2022.10.17-04.14.05:116][  0]LogConfig: Setting CVar [[r.SceneColorFormat:4]]
[2022.10.17-04.14.05:116][  0]LogConfig: Setting CVar [[r.DetailMode:2]]
[2022.10.17-04.14.05:116][  0]LogConfig: Setting CVar [[r.TranslucencyVolumeBlur:1]]
[2022.10.17-04.14.05:116][  0]LogConfig: Setting CVar [[r.MaterialQualityLevel:1 ; High quality]]
[2022.10.17-04.14.05:116][  0]LogConfig: Setting CVar [[r.AnisotropicMaterials:1]]
[2022.10.17-04.14.05:116][  0]LogConfig: Setting CVar [[r.SSS.Scale:1]]
[2022.10.17-04.14.05:116][  0]LogConfig: Setting CVar [[r.SSS.SampleSet:2]]
[2022.10.17-04.14.05:116][  0]LogConfig: Setting CVar [[r.SSS.Quality:1]]
[2022.10.17-04.14.05:116][  0]LogConfig: Setting CVar [[r.SSS.HalfRes:0]]
[2022.10.17-04.14.05:116][  0]LogConfig: Setting CVar [[r.SSGI.Quality:3]]
[2022.10.17-04.14.05:116][  0]LogConfig: Setting CVar [[r.EmitterSpawnRateScale:1.0]]
[2022.10.17-04.14.05:116][  0]LogConfig: Setting CVar [[r.ParticleLightQuality:2]]
[2022.10.17-04.14.05:116][  0]LogConfig: Setting CVar [[r.SkyAtmosphere.AerialPerspectiveLUT.FastApplyOnOpaque:1 ; Always have FastSkyLUT 1 in this case to avoid wrong sky]]
[2022.10.17-04.14.05:116][  0]LogConfig: Setting CVar [[r.SkyAtmosphere.AerialPerspectiveLUT.SampleCountMaxPerSlice:4]]
[2022.10.17-04.14.05:116][  0]LogConfig: Setting CVar [[r.SkyAtmosphere.AerialPerspectiveLUT.DepthResolution:16.0]]
[2022.10.17-04.14.05:116][  0]LogConfig: Setting CVar [[r.SkyAtmosphere.FastSkyLUT:1]]
[2022.10.17-04.14.05:116][  0]LogConfig: Setting CVar [[r.SkyAtmosphere.FastSkyLUT.SampleCountMin:4.0]]
[2022.10.17-04.14.05:116][  0]LogConfig: Setting CVar [[r.SkyAtmosphere.FastSkyLUT.SampleCountMax:128.0]]
[2022.10.17-04.14.05:116][  0]LogConfig: Setting CVar [[r.SkyAtmosphere.SampleCountMin:4.0]]
[2022.10.17-04.14.05:116][  0]LogConfig: Setting CVar [[r.SkyAtmosphere.SampleCountMax:128.0]]
[2022.10.17-04.14.05:116][  0]LogConfig: Setting CVar [[r.SkyAtmosphere.TransmittanceLUT.UseSmallFormat:0]]
[2022.10.17-04.14.05:116][  0]LogConfig: Setting CVar [[r.SkyAtmosphere.TransmittanceLUT.SampleCount:10.0]]
[2022.10.17-04.14.05:116][  0]LogConfig: Setting CVar [[r.SkyAtmosphere.MultiScatteringLUT.SampleCount:15.0]]
[2022.10.17-04.14.05:116][  0]LogConfig: Setting CVar [[r.SkyLight.RealTimeReflectionCapture:1]]
[2022.10.17-04.14.05:116][  0]LogConfig: Applying CVar settings from Section [FoliageQuality@3] File [C:/Users/matoo/OneDrive/Documents/GitHub/SavePrincess/SavePrincess/Saved/Config/Windows/Scalability.ini]
[2022.10.17-04.14.05:116][  0]LogConfig: Setting CVar [[foliage.DensityScale:1.0]]
[2022.10.17-04.14.05:116][  0]LogConfig: Setting CVar [[grass.DensityScale:1.0]]
[2022.10.17-04.14.05:116][  0]LogConfig: Applying CVar settings from Section [ShadingQuality@3] File [C:/Users/matoo/OneDrive/Documents/GitHub/SavePrincess/SavePrincess/Saved/Config/Windows/Scalability.ini]
[2022.10.17-04.14.05:116][  0]LogConfig: Setting CVar [[r.HairStrands.SkyLighting.IntegrationType:2]]
[2022.10.17-04.14.05:116][  0]LogConfig: Setting CVar [[r.HairStrands.SkyAO.SampleCount:4]]
[2022.10.17-04.14.05:116][  0]LogConfig: Setting CVar [[r.HairStrands.Visibility.MSAA.SamplePerPixel:4]]
[2022.10.17-04.14.05:116][  0]LogConfig: Applying CVar settings from Section [Startup] File [../../../Engine/Config/ConsoleVariables.ini]
[2022.10.17-04.14.05:116][  0]LogConfig: Setting CVar [[net.UseAdaptiveNetUpdateFrequency:0]]
[2022.10.17-04.14.05:116][  0]LogConfig: Setting CVar [[p.chaos.AllowCreatePhysxBodies:1]]
[2022.10.17-04.14.05:116][  0]LogConfig: Setting CVar [[fx.SkipVectorVMBackendOptimizations:1]]
[2022.10.17-04.14.05:116][  0]LogConfig: Applying CVar settings from Section [ConsoleVariables] File [C:/Users/matoo/OneDrive/Documents/GitHub/SavePrincess/SavePrincess/Saved/Config/Windows/Engine.ini]
[2022.10.17-04.14.05:116][  0]LogConfig: Applying CVar settings from Section [ConsoleVariables] File [C:/Users/matoo/OneDrive/Documents/GitHub/SavePrincess/SavePrincess/Saved/Config/Windows/Editor.ini]
[2022.10.17-04.14.05:116][  0]LogInit: Computer: DESKTOP-R5E1UO9
[2022.10.17-04.14.05:116][  0]LogInit: User: matoo
[2022.10.17-04.14.05:116][  0]LogInit: CPU Page size=4096, Cores=8
[2022.10.17-04.14.05:116][  0]LogInit: High frequency timer resolution =10.000000 MHz
[2022.10.17-04.14.05:117][  0]LogMemory: Memory total: Physical=31.9GB (32GB approx)
[2022.10.17-04.14.05:117][  0]LogMemory: Platform Memory Stats for Windows
[2022.10.17-04.14.05:117][  0]LogMemory: Process Physical Memory: 146.30 MB used, 150.77 MB peak
[2022.10.17-04.14.05:117][  0]LogMemory: Process Virtual Memory: 128.93 MB used, 128.93 MB peak
[2022.10.17-04.14.05:117][  0]LogMemory: Physical Memory: 13345.79 MB used,  19337.76 MB free, 32683.55 MB total
[2022.10.17-04.14.05:117][  0]LogMemory: Virtual Memory: 134201960.00 MB used,  15765.61 MB free, 134217728.00 MB total
[2022.10.17-04.14.05:120][  0]LogWindows: WindowsPlatformFeatures enabled
[2022.10.17-04.14.05:149][  0]LogInit: Physics initialised using underlying interface: PhysX
[2022.10.17-04.14.05:150][  0]LogInit: Using OS detected language (en-US).
[2022.10.17-04.14.05:150][  0]LogInit: Using OS detected locale (en-US).
[2022.10.17-04.14.05:151][  0]LogTextLocalizationManager: No specific localization for 'en-US' exists, so the 'en' localization will be used.
[2022.10.17-04.14.05:289][  0]LogInit: Setting process to per monitor DPI aware
[2022.10.17-04.14.05:297][  0]LogWindowsTextInputMethodSystem: Display: IME system deactivated.
[2022.10.17-04.14.05:309][  0]LogSlate: New Slate User Created.  User Index 0, Is Virtual User: 0
[2022.10.17-04.14.05:309][  0]LogSlate: Slate User Registered.  User Index 0, Is Virtual User: 0
[2022.10.17-04.14.05:391][  0]LogD3D11RHI: Loaded GFSDK_Aftermath_Lib.x64.dll
[2022.10.17-04.14.05:431][  0]LogHMD: Failed to initialize OpenVR with code 108
[2022.10.17-04.14.05:431][  0]LogD3D11RHI: D3D11 min allowed feature level: 11_0
[2022.10.17-04.14.05:431][  0]LogD3D11RHI: D3D11 max allowed feature level: 11_0
[2022.10.17-04.14.05:431][  0]LogD3D11RHI: D3D11 adapters:
[2022.10.17-04.14.05:521][  0]LogD3D11RHI:    0. 'NVIDIA GeForce RTX 3080' (Feature Level 11_0)
[2022.10.17-04.14.05:521][  0]LogD3D11RHI:       10078/0/16341 MB DedicatedVideo/DedicatedSystem/SharedSystem, Outputs:2, VendorId:0x10de
[2022.10.17-04.14.05:523][  0]LogD3D11RHI:    1. 'Microsoft Basic Render Driver' (Feature Level 11_0)
[2022.10.17-04.14.05:523][  0]LogD3D11RHI:       0/0/16341 MB DedicatedVideo/DedicatedSystem/SharedSystem, Outputs:0, VendorId:0x1414
[2022.10.17-04.14.05:523][  0]LogD3D11RHI: Chosen D3D11 Adapter:
[2022.10.17-04.14.05:523][  0]LogD3D11RHI:     Description : NVIDIA GeForce RTX 3080
[2022.10.17-04.14.05:523][  0]LogD3D11RHI:     VendorId    : 10de
[2022.10.17-04.14.05:523][  0]LogD3D11RHI:     DeviceId    : 2216
[2022.10.17-04.14.05:523][  0]LogD3D11RHI:     SubSysId    : 403f1458
[2022.10.17-04.14.05:523][  0]LogD3D11RHI:     Revision    : 00a1
[2022.10.17-04.14.05:523][  0]LogD3D11RHI:     DedicatedVideoMemory : 10567548928 bytes
[2022.10.17-04.14.05:523][  0]LogD3D11RHI:     DedicatedSystemMemory : 0 bytes
[2022.10.17-04.14.05:523][  0]LogD3D11RHI:     SharedSystemMemory : 17135595520 bytes
[2022.10.17-04.14.05:523][  0]LogD3D11RHI:     AdapterLuid : 0 65094
[2022.10.17-04.14.05:528][  0]LogD3D11RHI: Creating new Direct3DDevice
[2022.10.17-04.14.05:528][  0]LogD3D11RHI:     GPU DeviceId: 0x2216 (for the marketing name, search the web for "GPU Device Id")
[2022.10.17-04.14.05:528][  0]LogWindows: EnumDisplayDevices:
[2022.10.17-04.14.05:528][  0]LogWindows:    0. 'NVIDIA GeForce RTX 3080' (P:1 D:1)
[2022.10.17-04.14.05:528][  0]LogWindows:    1. 'NVIDIA GeForce RTX 3080' (P:0 D:1)
[2022.10.17-04.14.05:528][  0]LogWindows:    2. 'NVIDIA GeForce RTX 3080' (P:0 D:0)
[2022.10.17-04.14.05:528][  0]LogWindows:    3. 'NVIDIA GeForce RTX 3080' (P:0 D:0)
[2022.10.17-04.14.05:529][  0]LogWindows: DebugString: FoundDriverCount:4 
[2022.10.17-04.14.05:529][  0]LogD3D11RHI:     Adapter Name: NVIDIA GeForce RTX 3080
[2022.10.17-04.14.05:529][  0]LogD3D11RHI:   Driver Version: 516.59 (internal:31.0.15.1659, unified:516.59)
[2022.10.17-04.14.05:529][  0]LogD3D11RHI:      Driver Date: 6-23-2022
[2022.10.17-04.14.05:529][  0]LogRHI: Texture pool is 7054 MB (70% of 10078 MB)
[2022.10.17-04.14.05:529][  0]LogD3D11RHI: Creating D3DDevice using adapter:
[2022.10.17-04.14.05:529][  0]LogD3D11RHI:     Description : NVIDIA GeForce RTX 3080
[2022.10.17-04.14.05:529][  0]LogD3D11RHI:     VendorId    : 10de
[2022.10.17-04.14.05:529][  0]LogD3D11RHI:     DeviceId    : 2216
[2022.10.17-04.14.05:529][  0]LogD3D11RHI:     SubSysId    : 403f1458
[2022.10.17-04.14.05:529][  0]LogD3D11RHI:     Revision    : 00a1
[2022.10.17-04.14.05:529][  0]LogD3D11RHI:     DedicatedVideoMemory : 10567548928 bytes
[2022.10.17-04.14.05:529][  0]LogD3D11RHI:     DedicatedSystemMemory : 0 bytes
[2022.10.17-04.14.05:529][  0]LogD3D11RHI:     SharedSystemMemory : 17135595520 bytes
[2022.10.17-04.14.05:529][  0]LogD3D11RHI:     AdapterLuid : 0 65094
[2022.10.17-04.14.05:581][  0]LogD3D11RHI: RHI has support for 64 bit atomics
[2022.10.17-04.14.05:581][  0]LogD3D11RHI: Async texture creation enabled
[2022.10.17-04.14.05:581][  0]LogD3D11RHI: Array index from any shader is supported
[2022.10.17-04.14.05:583][  0]LogD3D11RHI: HDR output is supported on display 0 (NvId: 0x80061080).
[2022.10.17-04.14.05:601][  0]LogD3D11RHI: GPU Timing Frequency: 1000.000000 (Debug: 2 1)
[2022.10.17-04.14.05:622][  0]LogRHI: GeForceNow SDK initialized: 1
[2022.10.17-04.14.05:838][  0]LogTargetPlatformManager: Display: Loaded TargetPlatform 'AllDesktop'
[2022.10.17-04.14.05:854][  0]LogTargetPlatformManager: Display: Loaded TargetPlatform 'Android'
[2022.10.17-04.14.05:854][  0]LogTargetPlatformManager: Display: Loaded TargetPlatform 'Android_ASTC'
[2022.10.17-04.14.05:854][  0]LogTargetPlatformManager: Display: Loaded TargetPlatform 'Android_DXT'
[2022.10.17-04.14.05:854][  0]LogTargetPlatformManager: Display: Loaded TargetPlatform 'Android_ETC2'
[2022.10.17-04.14.05:854][  0]LogTargetPlatformManager: Display: Loaded TargetPlatform 'AndroidClient'
[2022.10.17-04.14.05:854][  0]LogTargetPlatformManager: Display: Loaded TargetPlatform 'Android_ASTCClient'
[2022.10.17-04.14.05:854][  0]LogTargetPlatformManager: Display: Loaded TargetPlatform 'Android_DXTClient'
[2022.10.17-04.14.05:854][  0]LogTargetPlatformManager: Display: Loaded TargetPlatform 'Android_ETC2Client'
[2022.10.17-04.14.05:854][  0]LogTargetPlatformManager: Display: Loaded TargetPlatform 'Android_Multi'
[2022.10.17-04.14.05:854][  0]LogTargetPlatformManager: Display: Loaded TargetPlatform 'Android_MultiClient'
[2022.10.17-04.14.05:867][  0]LogTargetPlatformManager: Display: Loaded TargetPlatform 'IOSClient'
[2022.10.17-04.14.05:867][  0]LogTargetPlatformManager: Display: Loaded TargetPlatform 'IOS'
[2022.10.17-04.14.05:873][  0]LogTargetPlatformManager: Display: Loaded TargetPlatform 'Linux'
[2022.10.17-04.14.05:877][  0]LogTargetPlatformManager: Display: Loaded TargetPlatform 'LinuxNoEditor'
[2022.10.17-04.14.05:879][  0]LogTargetPlatformManager: Display: Loaded TargetPlatform 'LinuxClient'
[2022.10.17-04.14.05:882][  0]LogTargetPlatformManager: Display: Loaded TargetPlatform 'LinuxServer'
[2022.10.17-04.14.05:889][  0]LogTargetPlatformManager: Display: Loaded TargetPlatform 'LinuxAArch64NoEditor'
[2022.10.17-04.14.05:892][  0]LogTargetPlatformManager: Display: Loaded TargetPlatform 'LinuxAArch64Client'
[2022.10.17-04.14.05:895][  0]LogTargetPlatformManager: Display: Loaded TargetPlatform 'LinuxAArch64Server'
[2022.10.17-04.14.05:912][  0]LogTargetPlatformManager: Display: Loaded TargetPlatform 'Lumin'
[2022.10.17-04.14.05:912][  0]LogTargetPlatformManager: Display: Loaded TargetPlatform 'LuminClient'
[2022.10.17-04.14.05:918][  0]LogTargetPlatformManager: Display: Loaded TargetPlatform 'MacNoEditor'
[2022.10.17-04.14.05:921][  0]LogTargetPlatformManager: Display: Loaded TargetPlatform 'Mac'
[2022.10.17-04.14.05:924][  0]LogTargetPlatformManager: Display: Loaded TargetPlatform 'MacClient'
[2022.10.17-04.14.05:927][  0]LogTargetPlatformManager: Display: Loaded TargetPlatform 'MacServer'
[2022.10.17-04.14.05:934][  0]LogTargetPlatformManager: Display: Loaded TargetPlatform 'TVOSClient'
[2022.10.17-04.14.05:934][  0]LogTargetPlatformManager: Display: Loaded TargetPlatform 'TVOS'
[2022.10.17-04.14.05:941][  0]LogTargetPlatformManager: Display: Loaded TargetPlatform 'WindowsNoEditor'
[2022.10.17-04.14.05:944][  0]LogTargetPlatformManager: Display: Loaded TargetPlatform 'Windows'
[2022.10.17-04.14.05:947][  0]LogTargetPlatformManager: Display: Loaded TargetPlatform 'WindowsClient'
[2022.10.17-04.14.05:950][  0]LogTargetPlatformManager: Display: Loaded TargetPlatform 'WindowsServer'
[2022.10.17-04.14.05:950][  0]LogTargetPlatformManager: Display: Building Assets For Windows
[2022.10.17-04.14.05:955][  0]LogAudioDebug: Display: Lib vorbis DLL was dynamically loaded.
[2022.10.17-04.14.05:976][  0]LogTextureFormatOodle: Display: Oodle Texture 2.9.0 init RDO Off
[2022.10.17-04.14.05:996][  0]LogRendererCore: Ray tracing is disabled. Reason: r.RayTracing=0.
[2022.10.17-04.14.05:996][  0]LogShaderCompilers: Guid format shader working directory is -21 characters bigger than the processId version (C:/Users/matoo/OneDrive/Documents/GitHub/SavePrincess/SavePrincess/Intermediate/Shaders/WorkingDirectory/25940/).
[2022.10.17-04.14.05:996][  0]LogShaderCompilers: Cleaned the shader compiler working directory 'C:/Users/matoo/AppData/Local/Temp/UnrealShaderWorkingDir/A28E56F34DC4B260C43400B0103BC1DF/'.
[2022.10.17-04.14.05:997][  0]LogXGEController: Cannot use XGE Controller as Incredibuild is not installed on this machine.
[2022.10.17-04.14.05:997][  0]LogShaderCompilers: Cannot use XGE Shader Compiler as Incredibuild is not installed on this machine.
[2022.10.17-04.14.05:997][  0]LogShaderCompilers: Display: Using Local Shader Compiler.
[2022.10.17-04.14.06:604][  0]LogDerivedDataCache: Display: Max Cache Size: 512 MB
[2022.10.17-04.14.06:645][  0]LogDerivedDataCache: Loaded boot cache 0.04s 94MB C:/Users/matoo/AppData/Local/UnrealEngine/4.27/DerivedDataCache/Boot.ddc.
[2022.10.17-04.14.06:645][  0]LogDerivedDataCache: Display: Loaded Boot cache: C:/Users/matoo/AppData/Local/UnrealEngine/4.27/DerivedDataCache/Boot.ddc
[2022.10.17-04.14.06:645][  0]LogDerivedDataCache: FDerivedDataBackendGraph:  Pak pak cache file C:/Users/matoo/OneDrive/Documents/GitHub/SavePrincess/SavePrincess/DerivedDataCache/DDC.ddp not found, will not use a pak cache.
[2022.10.17-04.14.06:645][  0]LogDerivedDataCache: Unable to find inner node Pak for hierarchical cache Hierarchy.
[2022.10.17-04.14.06:645][  0]LogDerivedDataCache: FDerivedDataBackendGraph:  CompressedPak pak cache file C:/Users/matoo/OneDrive/Documents/GitHub/SavePrincess/SavePrincess/DerivedDataCache/Compressed.ddp not found, will not use a pak cache.
[2022.10.17-04.14.06:645][  0]LogDerivedDataCache: Unable to find inner node CompressedPak for hierarchical cache Hierarchy.
[2022.10.17-04.14.06:658][  0]LogDerivedDataCache: Display: Pak cache opened for reading ../../../Engine/DerivedDataCache/Compressed.ddp.
[2022.10.17-04.14.06:658][  0]LogDerivedDataCache: FDerivedDataBackendGraph:  EnterprisePak pak cache file ../../../Enterprise/DerivedDataCache/Compressed.ddp not found, will not use a pak cache.
[2022.10.17-04.14.06:658][  0]LogDerivedDataCache: Unable to find inner node EnterprisePak for hierarchical cache Hierarchy.
[2022.10.17-04.14.06:667][  0]LogDerivedDataCache: Speed tests for C:/Users/matoo/AppData/Local/UnrealEngine/Common/DerivedDataCache took 0.01 seconds
[2022.10.17-04.14.06:667][  0]LogDerivedDataCache: Display: Performance to C:/Users/matoo/AppData/Local/UnrealEngine/Common/DerivedDataCache: Latency=0.02ms. RandomReadSpeed=1977.22MBs, RandomWriteSpeed=121.22MBs. Assigned SpeedClass 'Local'
[2022.10.17-04.14.06:669][  0]LogDerivedDataCache: Using Local data cache path C:/Users/matoo/AppData/Local/UnrealEngine/Common/DerivedDataCache: Writable
[2022.10.17-04.14.06:669][  0]LogDerivedDataCache: Shared data cache path not found in *engine.ini, will not use an Shared cache.
[2022.10.17-04.14.06:669][  0]LogDerivedDataCache: Unable to find inner node Shared for hierarchical cache Hierarchy.
[2022.10.17-04.14.06:707][  0]LogSlate: Using FreeType 2.10.0
[2022.10.17-04.14.06:707][  0]LogSlate: SlateFontServices - WITH_FREETYPE: 1, WITH_HARFBUZZ: 1
[2022.10.17-04.14.06:724][  0]LogAssetRegistry: FAssetRegistry took 0.0019 seconds to start up
[2022.10.17-04.14.06:898][  0]LogInit: Selected Device Profile: [Windows]
[2022.10.17-04.14.06:898][  0]LogInit: Active device profile: [000001B93C8C0900][000001B93261AD00 49] Windows
[2022.10.17-04.14.06:898][  0]LogInit: Profiles: [000001B93C8C0900][000001B93261AD00 49] Windows, [000001B93C83F800][000001B932626E80 49] WindowsNoEditor, [000001B93C8C3500][000001B93262B000 49] WindowsServer, [000001B93C83CE00][000001B93262F180 49] WindowsClient, [000001B93C8C3800][000001B932659300 49] IOS, [000001B93C83E800][000001B932661480 49] iPadAir, [000001B93C8C2000][000001B932669600 49] iPadAir2, [000001B93C6F4A00][000001B9369918C0 49] IPadPro, [000001B93C6F4B00][000001B9325FB900 49] iPadAir3, [000001B93C83D900][000001B9369CFA80 49] iPadAir4, [000001B93C6F7400][000001B93C12BC00 49] iPadMini2, [000001B93C83EA00][000001B93C12E200 49] iPadMini3, [000001B93C6F5700][000001B93D20E380 49] iPadMini4, [000001B93C8C1100][000001B93D212500 49] iPadMini5, [000001B93C6FC300][000001B93D21A7C0 49] iPhone6, [000001B93C6FC400][000001B93D216800 49] iPodTouch6, [000001B93C6F7600][000001B93C132A40 49] iPhone7, [000001B93C6F5800][000001B932616A80 49] iPodTouch7, [000001B93C6FFF00][000001B93C136BC0 49] iPhone5S, [000001B93C83E200][000001B93C13AD00 49] iPhone6Plus, [000001B93C6F4200][000001B936A16E80 49] iPhone6S, [000001B93C83E400][000001B93C143000 49] iPhone6SPlus, [000001B93C6F7C00][000001B93D28F180 49] iPhone7Plus, [000001B93C83C300][000001B93D293300 49] iPhoneSE, [000001B93C6F7500][000001B93D297480 49] iPhone8, [000001B93C83DE00][000001B93D29B600 49] iPhone8Plus, [000001B93C6F5100][000001B93D2A3780 49] iPhoneX, [000001B93C83C400][000001B93D2B1900 49] iPhoneXS, [000001B93C6F5300][000001B93D2B5A80 49] iPhoneXSMax, [000001B93C83D400][000001B93D2B9C00 49] iPhoneXR, [000001B93C6F7800][000001B93D2BC200 49] iPhone11, [000001B93C83EE00][000001B93D5EC380 49] iPhone11Pro, [000001B93C6F7700][000001B93D5F0500 49] iPhone11ProMax, [000001B93C83CF00][000001B93C0DA680 49] iPhoneSE2, [000001B93C6F6E00][000001B93C0F2800 49] iPhone12Mini, [000001B93C83FC00][000001B93D1D4980 49] iPhone12, [000001B93C6F6400][000001B93D1D8B00 49] iPhone12Pro, [000001B93C83C700][000001B93C13EC40 49] iPhone12ProMax, [000001B93C6F6300][000001B93D1DCD80 49] iPadPro105, [000001B93C83F100][000001B93D1E4EC0 49] iPadPro129, [000001B93C6F6200][000001B93D1ED040 49] iPadPro97, [000001B93C83CB00][000001B93D65B1C0 49] iPadPro2_129, [000001B93C6F7200][000001B93D65F340 49] iPad5, [000001B93C83F400][000001B93D6634C0 49] iPad6, [000001B93C6F7300][000001B93D667640 49] iPad7, [000001B93C83C200][000001B93D66B7C0 49] iPad8, [000001B93C6F5A00][000001B9369D3940 49] iPadPro11, [000001B93C83D600][000001B9369D7AC0 49] iPadPro2_11, [000001B93C6F5D00][000001B9369DA0C0 49] iPadPro3_129, [000001B93C83F900][000001B9369DE240 49] iPadPro4_129, [000001B93C6F7000][000001B9369E23C0 49] AppleTV, [000001B93C83FF00][000001B9369E6540 49] AppleTV4K, [000001B93C6F4100][000001B9369EA6C0 49] TVOS, [000001B93C83E500][000001B9369EE840 49] Mac, [000001B93C6F7B00][000001B9372C29C0 49] MacClient, [000001B93C83DB00][000001B9372C6B40 49] MacNoEditor, [000001B93C6F6C00][000001B9372CACC0 49] MacServer, [000001B93C83CA00][000001B93D1E8E00 49] Linux, [000001B93C6F6000][000001B9372CEF40 49] LinuxAArch64, [000001B93C83E700][000001B93D657080 49] LinuxNoEditor, [000001B93C6F6500][000001B93D1E11C0 49] LinuxAArch64NoEditor, [000001B93C83D500][000001B93D1D1340 49] LinuxClient, [000001B93C6F7900][000001B9372D74C0 49] LinuxAArch64Client, [000001B93C83D700][000001B9372DB640 49] LinuxServer, [000001B93C6F5900][000001B9372DF7C0 49] LinuxAArch64Server, [000001B93C83F700][000001B9372E3940 49] Android, [000001B93C6F4600][000001B9372E7AC0 49] Android_Low, [000001B93C83ED00][000001B9372EA0C0 49] Android_Mid, [000001B93C8C3A00][000001B9372EE240 49] Android_High, [000001B93C6FDC00][000001B93D62E3C0 49] Android_Default, [000001B93C8C2100][000001B93D632540 49] Android_Adreno4xx, [000001B93C6FE700][000001B93D6366C0 49] Android_Adreno5xx_Low, [000001B93C8C0A00][000001B93D63A840 49] Android_Adreno5xx, [000001B93C6FED00][000001B93D63E9C0 49] Android_Adreno6xx, [000001B93C8C1200][000001B93D642B40 49] Android_Adreno6xx_Vulkan, [000001B93C6FE800][000001B93D646CC0 49] Android_Mali_T6xx, [000001B93C8C2600][000001B93D64AE40 49] Android_Mali_T7xx, [000001B93C6FEE00][000001B9372D2F80 49] Android_Mali_T8xx, [000001B93C8C3200][000001B93D64F0C0 49] Android_Mali_G71, [000001B93C6FFC00][000001B93D653200 49] Android_Mali_G72, [000001B93C8C2A00][000001B93D5B1340 49] Android_Mali_G72_Vulkan, [000001B93C6FDB00][000001B93D5B94C0 49] Android_Mali_G76, [000001B93C8C1A00][000001B93D5BD640 49] Android_Mali_G76_Vulkan, [000001B93C6FE000][000001B93D5C17C0 49] Android_Mali_G77, [000001B93C8C2D00][000001B93D5C5940 49] Android_Mali_G77_Vulkan, [000001B93C6FF800][000001B93D5C9AC0 49] Android_Mali_G78, [000001B93C8C2800][000001B93D5CC0C0 49] Android_Mali_G78_Vulkan, [000001B93C6FD200][000001B93D5D0240 49] Android_Mali_G710, [000001B93C8C0E00][000001B93D5D43C0 49] Android_Mali_G710_Vulkan, [000001B93C6FF500][000001B93D5D8540 49] Android_Vulkan_SM5, [000001B93C8C3400][000001B93D5DC6C0 49] Android_PowerVR_G6xxx, [000001B93C6FEC00][000001B93D5E0840 49] Android_PowerVR_GT7xxx, [000001B93C8C3C00][000001B93D5E49C0 49] Android_PowerVR_GE8xxx, [000001B93C6FCE00][000001B93D5E8B40 49] Android_PowerVR_GM9xxx, [000001B93C8C1800][000001B93D8B6CC0 49] Android_PowerVR_GM9xxx_Vulkan, [000001B93C6FE400][000001B93D8BAE40 49] Android_TegraK1, [000001B93C8C1000][000001B93D8BEFC0 49] Android_Unknown_Vulkan, [000001B93C83FA00][000001B93D8C3140 49] Lumin, [000001B93C8C1E00][000001B93D5B5280 49] Lumin_Desktop, [000001B93C83DC00][000001B93D8C73C0 49] HoloLens, 
[2022.10.17-04.14.06:993][  0]LogMeshReduction: Using QuadricMeshReduction for automatic static mesh reduction
[2022.10.17-04.14.06:993][  0]LogMeshReduction: Using SimplygonMeshReduction for automatic skeletal mesh reduction
[2022.10.17-04.14.06:993][  0]LogMeshReduction: Using ProxyLODMeshReduction for automatic mesh merging
[2022.10.17-04.14.06:993][  0]LogMeshReduction: No distributed automatic mesh merging module available
[2022.10.17-04.14.06:993][  0]LogMeshMerging: No distributed automatic mesh merging module available
[2022.10.17-04.14.07:005][  0]LogNetVersion: SavePrincess 1.0.0, NetCL: 17155196, EngineNetVer: 17, GameNetVer: 0 (Checksum: 2606911838)
[2022.10.17-04.14.07:284][  0]LogTexture: Default maximum texture size for cubemaps generated from long-lat sources has been changed from 512 to unlimited. In order to preserve old behaiour for '/Engine/MapTemplates/Sky/DaylightAmbientCubemap.DaylightAmbientCubemap', its maximum texture size has been explicitly set to 512.
[2022.10.17-04.14.07:326][  0]LogHMD: PokeAHoleMaterial loaded successfully
[2022.10.17-04.14.07:330][  0]LogUObjectArray: 17178 objects as part of root set at end of initial load.
[2022.10.17-04.14.07:330][  0]LogUObjectAllocator: 4302048 out of 0 bytes used by permanent object pool.
[2022.10.17-04.14.07:330][  0]LogUObjectArray: CloseDisregardForGC: 0/0 objects in disregard for GC pool
[2022.10.17-04.14.07:511][  0]LogNiagaraDebuggerClient: Niagara Debugger Client Initialized | Session: 7A2C00BE41E559DA9D1B1A986D17E345 | Instance: 1587118842EB033705DF07ACF21273AC (DESKTOP-R5E1UO9-25940).
[2022.10.17-04.14.07:534][  0]LogPython: Using Python 3.7.7
[2022.10.17-04.14.08:030][  0]LogTcpMessaging: Initializing TcpMessaging bridge
[2022.10.17-04.14.08:033][  0]LogUdpMessaging: Initializing bridge on interface 0.0.0.0:0 to multicast group 230.0.0.1:6666.
[2022.10.17-04.14.08:128][  0]SourceControl: Source control is disabled
[2022.10.17-04.14.08:129][  0]SourceControl: Source control is disabled
[2022.10.17-04.14.08:131][  0]SourceControl: Source control is disabled
[2022.10.17-04.14.08:134][  0]SourceControl: Source control is disabled
[2022.10.17-04.14.08:138][  0]SourceControl: Source control is disabled
[2022.10.17-04.14.08:142][  0]LogUProjectInfo: Found projects:
[2022.10.17-04.14.08:274][  0]LogOpenImageDenoise: OIDN starting up
[2022.10.17-04.14.08:309][  0]LogAndroidPermission: UAndroidPermissionCallbackProxy::GetInstance
[2022.10.17-04.14.08:324][  0]LogAudioCaptureCore: Display: No Audio Capture implementations found. Audio input will be silent.
[2022.10.17-04.14.08:324][  0]LogAudioCaptureCore: Display: No Audio Capture implementations found. Audio input will be silent.
[2022.10.17-04.14.08:407][  0]LogCollectionManager: Loaded 0 collections in 0.000448 seconds
[2022.10.17-04.14.08:422][  0]LogFileCache: Scanning file cache for directory 'C:/Users/matoo/OneDrive/Documents/GitHub/SavePrincess/SavePrincess/Saved/Collections/' took 0.00s
[2022.10.17-04.14.08:422][  0]LogFileCache: Scanning file cache for directory 'C:/Users/matoo/OneDrive/Documents/GitHub/SavePrincess/SavePrincess/Content/Developers/matoo/Collections/' took 0.00s
[2022.10.17-04.14.08:422][  0]LogFileCache: Scanning file cache for directory 'C:/Users/matoo/OneDrive/Documents/GitHub/SavePrincess/SavePrincess/Content/Collections/' took 0.00s
[2022.10.17-04.14.08:422][  0]LogOcInput: OculusInput pre-init called
[2022.10.17-04.14.08:602][  0]LogEngine: Initializing Engine...
[2022.10.17-04.14.08:652][  0]LogHMD: Failed to initialize OpenVR with code 108
[2022.10.17-04.21.08:920][  0]LogHMD: Optional extension XR_VARJO_quad_views is not available
[2022.10.17-04.21.08:920][  0]LogHMD: Warning: Required extension XR_EXT_hand_tracking is not available
[2022.10.17-04.21.08:920][  0]LogHMD: Could not enable all required OpenXR extensions for OpenXRHandTracking on current system. This plugin will be loaded but ignored, but will be enabled on a target platform that supports the required extension.
[2022.10.17-04.21.08:920][  0]LogHMD: Warning: Required extension XR_EXT_eye_gaze_interaction is not available
[2022.10.17-04.21.08:920][  0]LogHMD: Could not enable all required OpenXR extensions for OpenXREyeTracker on current system. This plugin will be loaded but ignored, but will be enabled on a target platform that supports the required extension.
