Log file open, 10/16/22 21:20:43
LogWindows: Failed to load 'aqProf.dll' (GetLastError=126)
LogWindows: File 'aqProf.dll' does not exist
LogWindows: Failed to load 'VtuneApi.dll' (GetLastError=126)
LogWindows: File 'VtuneApi.dll' does not exist
LogWindows: Failed to load 'VtuneApi32e.dll' (GetLastError=126)
LogWindows: File 'VtuneApi32e.dll' does not exist
LogConsoleResponse: Display: Failed to find resolution value strings in scalability ini. Falling back to default.
LogConsoleResponse: Display: Failed to find resolution value strings in scalability ini. Falling back to default.
LogInit: Display: Running engine for game: SavePrincess
LogPlatformFile: Not using cached read wrapper
LogTaskGraph: Started task graph with 5 named threads and 26 total threads with 3 sets of task threads.
LogStats: Stats thread started at 0.191304
LogICUInternationalization: ICU TimeZone Detection - Raw Offset: -8:00, Platform Override: ''
LogInit: Display: Loading text-based GConfig....
LogPluginManager: Mounting plugin MeshPainting
LogPluginManager: Mounting plugin XGEController
LogPluginManager: Mounting plugin Paper2D
LogPluginManager: Mounting plugin LiveLink
LogPluginManager: Mounting plugin LightPropagationVolume
LogPluginManager: Mounting plugin AISupport
LogPluginManager: Mounting plugin EnvironmentQueryEditor
LogPluginManager: Mounting plugin OodleData
LogPluginManager: Mounting plugin OodleNetwork
LogPluginManager: Mounting plugin CameraShakePreviewer
LogPluginManager: Mounting plugin GameplayCameras
LogPluginManager: Mounting plugin AssetManagerEditor
LogPluginManager: Mounting plugin CurveEditorTools
LogPluginManager: Mounting plugin CryptoKeys
LogPluginManager: Mounting plugin DataValidation
LogPluginManager: Mounting plugin FacialAnimation
LogPluginManager: Mounting plugin GameplayTagsEditor
LogPluginManager: Mounting plugin GeometryMode
LogPluginManager: Mounting plugin MacGraphicsSwitching
LogPluginManager: Mounting plugin MaterialAnalyzer
LogPluginManager: Mounting plugin MobileLauncherProfileWizard
LogPluginManager: Mounting plugin PluginBrowser
LogPluginManager: Mounting plugin SpeedTreeImporter
LogPluginManager: Mounting plugin AnimationSharing
LogPluginManager: Mounting plugin CLionSourceCodeAccess
LogPluginManager: Mounting plugin DatasmithContent
LogPluginManager: Mounting plugin CodeLiteSourceCodeAccess
LogPluginManager: Mounting plugin GitSourceControl
LogPluginManager: Mounting plugin KDevelopSourceCodeAccess
LogPluginManager: Mounting plugin NullSourceCodeAccess
LogPluginManager: Mounting plugin PerforceSourceControl
LogPluginManager: Mounting plugin PixWinPlugin
LogPluginManager: Mounting plugin PlasticSourceControl
LogPluginManager: Mounting plugin PluginUtils
LogPluginManager: Mounting plugin PropertyAccessNode
LogPluginManager: Mounting plugin RiderSourceCodeAccess
LogPluginManager: Mounting plugin SubversionSourceControl
LogPluginManager: Mounting plugin UObjectPlugin
LogPluginManager: Mounting plugin VariantManagerContent
LogPluginManager: Mounting plugin VisualStudioSourceCodeAccess
LogPluginManager: Mounting plugin VisualStudioCodeSourceCodeAccess
LogPluginManager: Mounting plugin XCodeSourceCodeAccess
LogPluginManager: Mounting plugin TextureFormatOodle
LogPluginManager: Mounting plugin AlembicImporter
LogPluginManager: Mounting plugin AutomationUtils
LogPluginManager: Mounting plugin BackChannel
LogPluginManager: Mounting plugin ChaosCloth
LogPluginManager: Mounting plugin ChaosClothEditor
LogPluginManager: Mounting plugin ChaosEditor
LogPluginManager: Mounting plugin ChaosNiagara
LogPluginManager: Mounting plugin ChaosSolverPlugin
LogPluginManager: Mounting plugin CharacterAI
LogPluginManager: Mounting plugin GeometryCache
LogPluginManager: Mounting plugin GeometryCollectionPlugin
LogPluginManager: Mounting plugin GeometryProcessing
LogPluginManager: Mounting plugin MotoSynth
LogPluginManager: Mounting plugin OpenImageDenoise
LogPluginManager: Mounting plugin PlanarCut
LogPluginManager: Mounting plugin PlatformCrypto
LogPluginManager: Mounting plugin ProxyLODPlugin
LogPluginManager: Mounting plugin PythonScriptPlugin
LogPluginManager: Mounting plugin Niagara
LogPluginManager: Mounting plugin SkeletalReduction
LogPluginManager: Mounting plugin LuminPlatformFeatures
LogPluginManager: Mounting plugin MagicLeap
LogPluginManager: Mounting plugin MagicLeapLightEstimation
LogPluginManager: Mounting plugin MagicLeapMedia
LogPluginManager: Mounting plugin MagicLeapPassableWorld
LogPluginManager: Mounting plugin MLSDK
LogPluginManager: Mounting plugin AndroidMedia
LogPluginManager: Mounting plugin AvfMedia
LogPluginManager: Mounting plugin ImgMedia
LogPluginManager: Mounting plugin MediaCompositing
LogPluginManager: Mounting plugin MediaPlayerEditor
LogPluginManager: Mounting plugin WebMMedia
LogPluginManager: Mounting plugin WmfMedia
LogPluginManager: Mounting plugin TcpMessaging
LogPluginManager: Mounting plugin UdpMessaging
LogPluginManager: Mounting plugin ActorSequence
LogPluginManager: Mounting plugin LevelSequenceEditor
LogPluginManager: Mounting plugin MatineeToLevelSequence
LogPluginManager: Mounting plugin OnlineSubsystem
LogPluginManager: Mounting plugin TemplateSequence
LogPluginManager: Mounting plugin OnlineSubsystemNull
LogPluginManager: Mounting plugin OnlineSubsystemUtils
LogPluginManager: Mounting plugin LauncherChunkInstaller
LogPluginManager: Mounting plugin ActorLayerUtilities
LogPluginManager: Mounting plugin AndroidMoviePlayer
LogPluginManager: Mounting plugin AndroidDeviceProfileSelector
LogPluginManager: Mounting plugin AndroidPermission
LogPluginManager: Mounting plugin AppleImageUtils
LogPluginManager: Mounting plugin AppleMoviePlayer
LogPluginManager: Mounting plugin ArchVisCharacter
LogPluginManager: Mounting plugin AssetTags
LogPluginManager: Mounting plugin AudioSynesthesia
LogPluginManager: Mounting plugin ChunkDownloader
LogPluginManager: Mounting plugin CableComponent
LogPluginManager: Mounting plugin CustomMeshComponent
LogPluginManager: Mounting plugin AudioCapture
LogPluginManager: Mounting plugin EditableMesh
LogPluginManager: Mounting plugin ExampleDeviceProfileSelector
LogPluginManager: Mounting plugin GoogleCloudMessaging
LogPluginManager: Mounting plugin GooglePAD
LogPluginManager: Mounting plugin IOSDeviceProfileSelector
LogPluginManager: Mounting plugin LinuxDeviceProfileSelector
LogPluginManager: Mounting plugin LocationServicesBPLibrary
LogPluginManager: Mounting plugin MobilePatchingUtils
LogPluginManager: Mounting plugin OpenXR
LogPluginManager: Mounting plugin OpenXREyeTracker
LogPluginManager: Mounting plugin OpenXRHandTracking
LogPluginManager: Mounting plugin PhysXVehicles
LogPluginManager: Mounting plugin PostSplashScreen
LogPluginManager: Mounting plugin RuntimePhysXCooking
LogPluginManager: Mounting plugin ProceduralMeshComponent
LogPluginManager: Mounting plugin SignificanceManager
LogPluginManager: Mounting plugin SoundFields
LogPluginManager: Mounting plugin Synthesis
LogPluginManager: Mounting plugin WebMMoviePlayer
LogPluginManager: Mounting plugin WindowsMoviePlayer
LogPluginManager: Mounting plugin ScreenshotTools
LogPluginManager: Mounting plugin Takes
LogPluginManager: Mounting plugin PropertyAccessEditor
LogPluginManager: Mounting plugin ContentBrowserClassDataSource
LogPluginManager: Mounting plugin ContentBrowserAssetDataSource
LogPluginManager: Mounting plugin ContentBrowserFileDataSource
LogPluginManager: Mounting plugin OnlineSubsystemGooglePlay
LogPluginManager: Mounting plugin OnlineSubsystemIOS
LogPluginManager: Mounting plugin OculusVR
LogPluginManager: Mounting plugin SteamVR
PixWinPlugin: PIX capture plugin failed to initialize! Check that the process is launched from PIX.
LogInit: Using libcurl 7.55.1-DEV
LogInit:  - built for x86_64-pc-win32
LogInit:  - supports SSL with OpenSSL/1.1.1
LogInit:  - supports HTTP deflate (compression) using libz 1.2.8
LogInit:  - other features:
LogInit:      CURL_VERSION_SSL
LogInit:      CURL_VERSION_LIBZ
LogInit:      CURL_VERSION_IPV6
LogInit:      CURL_VERSION_ASYNCHDNS
LogInit:      CURL_VERSION_LARGEFILE
LogInit:      CURL_VERSION_IDN
LogInit:  CurlRequestOptions (configurable via config and command line):
LogInit:  - bVerifyPeer = true  - Libcurl will verify peer certificate
LogInit:  - bUseHttpProxy = false  - Libcurl will NOT use HTTP proxy
LogInit:  - bDontReuseConnections = false  - Libcurl will reuse connections
LogInit:  - MaxHostConnections = 16  - Libcurl will limit the number of connections to a host
LogInit:  - LocalHostAddr = Default
LogInit:  - BufferSize = 65536
LogOnline: OSS: Creating online subsystem instance for: NULL
LogInit: WinSock: version 1.1 (2.2), MaxSocks=32767, MaxUdp=65467
LogOnline: OSS: TryLoadSubsystemAndSetDefault: Loaded subsystem for module [NULL]
LogOculusPluginWrapper: OculusPlugin initialized successfully
LogHMD: Failed initializing OVRPlugin 1.59.0
LogInit: Build: ++UE4+Release-4.27-CL-18319896
LogInit: Engine Version: 4.27.2-18319896+++UE4+Release-4.27
LogInit: Compatible Engine Version: 4.27.0-17155196+++UE4+Release-4.27
LogInit: Net CL: 17155196
LogInit: OS: Windows 10 (Release 2009) (), CPU: Intel(R) Core(TM) i7-9700KF CPU @ 3.60GHz, GPU: NVIDIA GeForce RTX 3080
LogInit: Compiled (64-bit): Nov 30 2021 07:12:08
LogInit: Compiled with Visual C++: 19.24.28315.00
LogInit: Build Configuration: Development
LogInit: Branch Name: ++UE4+Release-4.27
LogInit: Command Line: 
LogInit: Base Directory: D:/UE_4.27/Engine/Binaries/Win64/
LogInit: Allocator: TBB
LogInit: Installed Engine Build: 1
LogDevObjectVersion: Number of dev versions registered: 29
LogDevObjectVersion:   Dev-Blueprints (B0D832E4-1F89-4F0D-ACCF-7EB736FD4AA2): 10
LogDevObjectVersion:   Dev-Build (E1C64328-A22C-4D53-A36C-8E866417BD8C): 0
LogDevObjectVersion:   Dev-Core (375EC13C-06E4-48FB-B500-84F0262A717E): 4
LogDevObjectVersion:   Dev-Editor (E4B068ED-F494-42E9-A231-DA0B2E46BB41): 40
LogDevObjectVersion:   Dev-Framework (CFFC743F-43B0-4480-9391-14DF171D2073): 37
LogDevObjectVersion:   Dev-Mobile (B02B49B5-BB20-44E9-A304-32B752E40360): 3
LogDevObjectVersion:   Dev-Networking (A4E4105C-59A1-49B5-A7C5-40C4547EDFEE): 0
LogDevObjectVersion:   Dev-Online (39C831C9-5AE6-47DC-9A44-9C173E1C8E7C): 0
LogDevObjectVersion:   Dev-Physics (78F01B33-EBEA-4F98-B9B4-84EACCB95AA2): 14
LogDevObjectVersion:   Dev-Platform (6631380F-2D4D-43E0-8009-CF276956A95A): 0
LogDevObjectVersion:   Dev-Rendering (12F88B9F-8875-4AFC-A67C-D90C383ABD29): 45
LogDevObjectVersion:   Dev-Sequencer (7B5AE74C-D270-4C10-A958-57980B212A5A): 13
LogDevObjectVersion:   Dev-VR (D7296918-1DD6-4BDD-9DE2-64A83CC13884): 3
LogDevObjectVersion:   Dev-LoadTimes (C2A15278-BFE7-4AFE-6C17-90FF531DF755): 1
LogDevObjectVersion:   Private-Geometry (6EACA3D4-40EC-4CC1-B786-8BED09428FC5): 3
LogDevObjectVersion:   Dev-AnimPhys (29E575DD-E0A3-4627-9D10-D276232CDCEA): 17
LogDevObjectVersion:   Dev-Anim (AF43A65D-7FD3-4947-9873-3E8ED9C1BB05): 15
LogDevObjectVersion:   Dev-ReflectionCapture (6B266CEC-1EC7-4B8F-A30B-E4D90942FC07): 1
LogDevObjectVersion:   Dev-Automation (0DF73D61-A23F-47EA-B727-89E90C41499A): 1
LogDevObjectVersion:   FortniteMain (601D1886-AC64-4F84-AA16-D3DE0DEAC7D6): 47
LogDevObjectVersion:   FortniteRelease (E7086368-6B23-4C58-8439-1B7016265E91): 1
LogDevObjectVersion:   Dev-Enterprise (9DFFBCD6-494F-0158-E221-12823C92A888): 10
LogDevObjectVersion:   Dev-Niagara (F2AED0AC-9AFE-416F-8664-AA7FFA26D6FC): 1
LogDevObjectVersion:   Dev-Destruction (174F1F0B-B4C6-45A5-B13F-2EE8D0FB917D): 10
LogDevObjectVersion:   Dev-Physics-Ext (35F94A83-E258-406C-A318-09F59610247C): 41
LogDevObjectVersion:   Dev-PhysicsMaterial-Chaos (B68FC16E-8B1B-42E2-B453-215C058844FE): 1
LogDevObjectVersion:   Dev-CineCamera (B2E18506-4273-CFC2-A54E-F4BB758BBA07): 1
LogDevObjectVersion:   Dev-VirtualProduction (64F58936-FD1B-42BA-BA96-7289D5D0FA4E): 1
LogDevObjectVersion:   Dev-MediaFramework (6F0ED827-A609-4895-9C91-998D90180EA4): 2
LogInit: Presizing for max 25165824 objects, including 0 objects not considered by GC, pre-allocating 0 bytes for permanent pool.
LogConfig: Applying CVar settings from Section [/Script/Engine.StreamingSettings] File [C:/Users/matoo/OneDrive/Documents/GitHub/SavePrincess/SavePrincess/Saved/Config/Windows/Engine.ini]
LogConfig: Setting CVar [[s.MinBulkDataSizeForAsyncLoading:131072]]
LogConfig: Setting CVar [[s.AsyncLoadingThreadEnabled:0]]
LogConfig: Setting CVar [[s.EventDrivenLoaderEnabled:1]]
LogConfig: Setting CVar [[s.WarnIfTimeLimitExceeded:0]]
LogConfig: Setting CVar [[s.TimeLimitExceededMultiplier:1.5]]
LogConfig: Setting CVar [[s.TimeLimitExceededMinTime:0.005]]
LogConfig: Setting CVar [[s.UseBackgroundLevelStreaming:1]]
LogConfig: Setting CVar [[s.PriorityAsyncLoadingExtraTime:15.0]]
LogConfig: Setting CVar [[s.LevelStreamingActorsUpdateTimeLimit:5.0]]
LogConfig: Setting CVar [[s.PriorityLevelStreamingActorsUpdateExtraTime:5.0]]
LogConfig: Setting CVar [[s.LevelStreamingComponentsRegistrationGranularity:10]]
LogConfig: Setting CVar [[s.UnregisterComponentsTimeLimit:1.0]]
LogConfig: Setting CVar [[s.LevelStreamingComponentsUnregistrationGranularity:5]]
LogConfig: Setting CVar [[s.FlushStreamingOnExit:1]]
LogInit: Object subsystem initialized
LogConfig: Setting CVar [[con.DebugEarlyDefault:1]]
LogConfig: Setting CVar [[r.setres:1280x720]]
[2022.10.17-04.20.43:547][  0]LogConfig: Setting CVar [[r.VSync:0]]
[2022.10.17-04.20.43:547][  0]LogConfig: Setting CVar [[r.RHICmdBypass:0]]
[2022.10.17-04.20.43:547][  0]LogConfig: Applying CVar settings from Section [/Script/Engine.RendererSettings] File [C:/Users/matoo/OneDrive/Documents/GitHub/SavePrincess/SavePrincess/Saved/Config/Windows/Engine.ini]
[2022.10.17-04.20.43:547][  0]LogConfig: Setting CVar [[r.GPUCrashDebugging:0]]
[2022.10.17-04.20.43:547][  0]LogConfig: Applying CVar settings from Section [/Script/Engine.RendererOverrideSettings] File [C:/Users/matoo/OneDrive/Documents/GitHub/SavePrincess/SavePrincess/Saved/Config/Windows/Engine.ini]
[2022.10.17-04.20.43:547][  0]LogConfig: Applying CVar settings from Section [/Script/Engine.StreamingSettings] File [C:/Users/matoo/OneDrive/Documents/GitHub/SavePrincess/SavePrincess/Saved/Config/Windows/Engine.ini]
[2022.10.17-04.20.43:547][  0]LogConfig: Setting CVar [[s.MinBulkDataSizeForAsyncLoading:131072]]
[2022.10.17-04.20.43:547][  0]LogConfig: Setting CVar [[s.AsyncLoadingThreadEnabled:0]]
[2022.10.17-04.20.43:547][  0]LogConfig: Setting CVar [[s.EventDrivenLoaderEnabled:1]]
[2022.10.17-04.20.43:547][  0]LogConfig: Setting CVar [[s.WarnIfTimeLimitExceeded:0]]
[2022.10.17-04.20.43:547][  0]LogConfig: Setting CVar [[s.TimeLimitExceededMultiplier:1.5]]
[2022.10.17-04.20.43:547][  0]LogConfig: Setting CVar [[s.TimeLimitExceededMinTime:0.005]]
[2022.10.17-04.20.43:547][  0]LogConfig: Setting CVar [[s.UseBackgroundLevelStreaming:1]]
[2022.10.17-04.20.43:547][  0]LogConfig: Setting CVar [[s.PriorityAsyncLoadingExtraTime:15.0]]
[2022.10.17-04.20.43:547][  0]LogConfig: Setting CVar [[s.LevelStreamingActorsUpdateTimeLimit:5.0]]
[2022.10.17-04.20.43:548][  0]LogConfig: Setting CVar [[s.PriorityLevelStreamingActorsUpdateExtraTime:5.0]]
[2022.10.17-04.20.43:548][  0]LogConfig: Setting CVar [[s.LevelStreamingComponentsRegistrationGranularity:10]]
[2022.10.17-04.20.43:548][  0]LogConfig: Setting CVar [[s.UnregisterComponentsTimeLimit:1.0]]
[2022.10.17-04.20.43:548][  0]LogConfig: Setting CVar [[s.LevelStreamingComponentsUnregistrationGranularity:5]]
[2022.10.17-04.20.43:548][  0]LogConfig: Setting CVar [[s.FlushStreamingOnExit:1]]
[2022.10.17-04.20.43:548][  0]LogConfig: Applying CVar settings from Section [/Script/Engine.GarbageCollectionSettings] File [C:/Users/matoo/OneDrive/Documents/GitHub/SavePrincess/SavePrincess/Saved/Config/Windows/Engine.ini]
[2022.10.17-04.20.43:548][  0]LogConfig: Setting CVar [[gc.MaxObjectsNotConsideredByGC:1]]
[2022.10.17-04.20.43:548][  0]LogConfig: Setting CVar [[gc.SizeOfPermanentObjectPool:0]]
[2022.10.17-04.20.43:548][  0]LogConfig: Setting CVar [[gc.FlushStreamingOnGC:0]]
[2022.10.17-04.20.43:548][  0]LogConfig: Setting CVar [[gc.NumRetriesBeforeForcingGC:10]]
[2022.10.17-04.20.43:548][  0]LogConfig: Setting CVar [[gc.AllowParallelGC:1]]
[2022.10.17-04.20.43:548][  0]LogConfig: Setting CVar [[gc.TimeBetweenPurgingPendingKillObjects:61.1]]
[2022.10.17-04.20.43:548][  0]LogConfig: Setting CVar [[gc.MaxObjectsInEditor:25165824]]
[2022.10.17-04.20.43:548][  0]LogConfig: Setting CVar [[gc.IncrementalBeginDestroyEnabled:1]]
[2022.10.17-04.20.43:548][  0]LogConfig: Setting CVar [[gc.CreateGCClusters:1]]
[2022.10.17-04.20.43:548][  0]LogConfig: Setting CVar [[gc.MinGCClusterSize:5]]
[2022.10.17-04.20.43:548][  0]LogConfig: Setting CVar [[gc.ActorClusteringEnabled:0]]
[2022.10.17-04.20.43:548][  0]LogConfig: Setting CVar [[gc.BlueprintClusteringEnabled:0]]
[2022.10.17-04.20.43:548][  0]LogConfig: Setting CVar [[gc.UseDisregardForGCOnDedicatedServers:0]]
[2022.10.17-04.20.43:548][  0]LogConfig: Setting CVar [[gc.MultithreadedDestructionEnabled:1]]
[2022.10.17-04.20.43:548][  0]LogConfig: Applying CVar settings from Section [/Script/Engine.NetworkSettings] File [C:/Users/matoo/OneDrive/Documents/GitHub/SavePrincess/SavePrincess/Saved/Config/Windows/Engine.ini]
[2022.10.17-04.20.43:548][  0]LogConfig: Applying CVar settings from Section [/Script/UnrealEd.CookerSettings] File [C:/Users/matoo/OneDrive/Documents/GitHub/SavePrincess/SavePrincess/Saved/Config/Windows/Engine.ini]
[2022.10.17-04.20.43:569][  0]LogConfig: Applying CVar settings from Section [ViewDistanceQuality@3] File [C:/Users/matoo/OneDrive/Documents/GitHub/SavePrincess/SavePrincess/Saved/Config/Windows/Scalability.ini]
[2022.10.17-04.20.43:569][  0]LogConfig: Setting CVar [[r.SkeletalMeshLODBias:0]]
[2022.10.17-04.20.43:569][  0]LogConfig: Setting CVar [[r.ViewDistanceScale:1.0]]
[2022.10.17-04.20.43:569][  0]LogConfig: Applying CVar settings from Section [AntiAliasingQuality@3] File [C:/Users/matoo/OneDrive/Documents/GitHub/SavePrincess/SavePrincess/Saved/Config/Windows/Scalability.ini]
[2022.10.17-04.20.43:569][  0]LogConfig: Setting CVar [[r.PostProcessAAQuality:4]]
[2022.10.17-04.20.43:569][  0]LogConfig: Applying CVar settings from Section [ShadowQuality@3] File [C:/Users/matoo/OneDrive/Documents/GitHub/SavePrincess/SavePrincess/Saved/Config/Windows/Scalability.ini]
[2022.10.17-04.20.43:569][  0]LogConfig: Setting CVar [[r.LightFunctionQuality:1]]
[2022.10.17-04.20.43:569][  0]LogConfig: Setting CVar [[r.ShadowQuality:5]]
[2022.10.17-04.20.43:569][  0]LogConfig: Setting CVar [[r.Shadow.CSM.MaxCascades:10]]
[2022.10.17-04.20.43:569][  0]LogConfig: Setting CVar [[r.Shadow.MaxResolution:2048]]
[2022.10.17-04.20.43:569][  0]LogConfig: Setting CVar [[r.Shadow.MaxCSMResolution:2048]]
[2022.10.17-04.20.43:569][  0]LogConfig: Setting CVar [[r.Shadow.RadiusThreshold:0.01]]
[2022.10.17-04.20.43:569][  0]LogConfig: Setting CVar [[r.Shadow.DistanceScale:1.0]]
[2022.10.17-04.20.43:569][  0]LogConfig: Setting CVar [[r.Shadow.CSM.TransitionScale:1.0]]
[2022.10.17-04.20.43:569][  0]LogConfig: Setting CVar [[r.Shadow.PreShadowResolutionFactor:1.0]]
[2022.10.17-04.20.43:569][  0]LogConfig: Setting CVar [[r.DistanceFieldShadowing:1]]
[2022.10.17-04.20.43:569][  0]LogConfig: Setting CVar [[r.DistanceFieldAO:1]]
[2022.10.17-04.20.43:569][  0]LogConfig: Setting CVar [[r.AOQuality:2]]
[2022.10.17-04.20.43:569][  0]LogConfig: Setting CVar [[r.VolumetricFog:1]]
[2022.10.17-04.20.43:569][  0]LogConfig: Setting CVar [[r.VolumetricFog.GridPixelSize:8]]
[2022.10.17-04.20.43:569][  0]LogConfig: Setting CVar [[r.VolumetricFog.GridSizeZ:128]]
[2022.10.17-04.20.43:569][  0]LogConfig: Setting CVar [[r.VolumetricFog.HistoryMissSupersampleCount:4]]
[2022.10.17-04.20.43:569][  0]LogConfig: Setting CVar [[r.LightMaxDrawDistanceScale:1]]
[2022.10.17-04.20.43:569][  0]LogConfig: Setting CVar [[r.CapsuleShadows:1]]
[2022.10.17-04.20.43:569][  0]LogConfig: Applying CVar settings from Section [PostProcessQuality@3] File [C:/Users/matoo/OneDrive/Documents/GitHub/SavePrincess/SavePrincess/Saved/Config/Windows/Scalability.ini]
[2022.10.17-04.20.43:569][  0]LogConfig: Setting CVar [[r.MotionBlurQuality:4]]
[2022.10.17-04.20.43:569][  0]LogConfig: Setting CVar [[r.AmbientOcclusionMipLevelFactor:0.4]]
[2022.10.17-04.20.43:569][  0]LogConfig: Setting CVar [[r.AmbientOcclusionMaxQuality:100]]
[2022.10.17-04.20.43:569][  0]LogConfig: Setting CVar [[r.AmbientOcclusionLevels:-1]]
[2022.10.17-04.20.43:569][  0]LogConfig: Setting CVar [[r.AmbientOcclusionRadiusScale:1.0]]
[2022.10.17-04.20.43:569][  0]LogConfig: Setting CVar [[r.DepthOfFieldQuality:2]]
[2022.10.17-04.20.43:569][  0]LogConfig: Setting CVar [[r.RenderTargetPoolMin:400]]
[2022.10.17-04.20.43:569][  0]LogConfig: Setting CVar [[r.LensFlareQuality:2]]
[2022.10.17-04.20.43:569][  0]LogConfig: Setting CVar [[r.SceneColorFringeQuality:1]]
[2022.10.17-04.20.43:569][  0]LogConfig: Setting CVar [[r.EyeAdaptationQuality:2]]
[2022.10.17-04.20.43:569][  0]LogConfig: Setting CVar [[r.BloomQuality:5]]
[2022.10.17-04.20.43:569][  0]LogConfig: Setting CVar [[r.FastBlurThreshold:100]]
[2022.10.17-04.20.43:569][  0]LogConfig: Setting CVar [[r.Upscale.Quality:3]]
[2022.10.17-04.20.43:569][  0]LogConfig: Setting CVar [[r.Tonemapper.GrainQuantization:1]]
[2022.10.17-04.20.43:569][  0]LogConfig: Setting CVar [[r.LightShaftQuality:1]]
[2022.10.17-04.20.43:569][  0]LogConfig: Setting CVar [[r.Filter.SizeScale:1]]
[2022.10.17-04.20.43:569][  0]LogConfig: Setting CVar [[r.Tonemapper.Quality:5]]
[2022.10.17-04.20.43:569][  0]LogConfig: Setting CVar [[r.DOF.Gather.AccumulatorQuality:1        ; higher gathering accumulator quality]]
[2022.10.17-04.20.43:569][  0]LogConfig: Setting CVar [[r.DOF.Gather.PostfilterMethod:1          ; Median3x3 postfilering method]]
[2022.10.17-04.20.43:569][  0]LogConfig: Setting CVar [[r.DOF.Gather.EnableBokehSettings:0       ; no bokeh simulation when gathering]]
[2022.10.17-04.20.43:569][  0]LogConfig: Setting CVar [[r.DOF.Gather.RingCount:4                 ; medium number of samples when gathering]]
[2022.10.17-04.20.43:569][  0]LogConfig: Setting CVar [[r.DOF.Scatter.ForegroundCompositing:1    ; additive foreground scattering]]
[2022.10.17-04.20.43:569][  0]LogConfig: Setting CVar [[r.DOF.Scatter.BackgroundCompositing:2    ; additive background scattering]]
[2022.10.17-04.20.43:569][  0]LogConfig: Setting CVar [[r.DOF.Scatter.EnableBokehSettings:1      ; bokeh simulation when scattering]]
[2022.10.17-04.20.43:569][  0]LogConfig: Setting CVar [[r.DOF.Scatter.MaxSpriteRatio:0.1         ; only a maximum of 10% of scattered bokeh]]
[2022.10.17-04.20.43:569][  0]LogConfig: Setting CVar [[r.DOF.Recombine.Quality:1                ; cheap slight out of focus]]
[2022.10.17-04.20.43:569][  0]LogConfig: Setting CVar [[r.DOF.Recombine.EnableBokehSettings:0    ; no bokeh simulation on slight out of focus]]
[2022.10.17-04.20.43:569][  0]LogConfig: Setting CVar [[r.DOF.TemporalAAQuality:1                ; more stable temporal accumulation]]
[2022.10.17-04.20.43:570][  0]LogConfig: Setting CVar [[r.DOF.Kernel.MaxForegroundRadius:0.025]]
[2022.10.17-04.20.43:570][  0]LogConfig: Setting CVar [[r.DOF.Kernel.MaxBackgroundRadius:0.025]]
[2022.10.17-04.20.43:570][  0]LogConfig: Applying CVar settings from Section [TextureQuality@3] File [C:/Users/matoo/OneDrive/Documents/GitHub/SavePrincess/SavePrincess/Saved/Config/Windows/Scalability.ini]
[2022.10.17-04.20.43:570][  0]LogConfig: Setting CVar [[r.Streaming.MipBias:0]]
[2022.10.17-04.20.43:570][  0]LogConfig: Setting CVar [[r.Streaming.AmortizeCPUToGPUCopy:0]]
[2022.10.17-04.20.43:570][  0]LogConfig: Setting CVar [[r.Streaming.MaxNumTexturesToStreamPerFrame:0]]
[2022.10.17-04.20.43:570][  0]LogConfig: Setting CVar [[r.Streaming.Boost:1]]
[2022.10.17-04.20.43:570][  0]LogConfig: Setting CVar [[r.MaxAnisotropy:8]]
[2022.10.17-04.20.43:570][  0]LogConfig: Setting CVar [[r.VT.MaxAnisotropy:8]]
[2022.10.17-04.20.43:570][  0]LogConfig: Setting CVar [[r.Streaming.LimitPoolSizeToVRAM:0]]
[2022.10.17-04.20.43:570][  0]LogConfig: Setting CVar [[r.Streaming.PoolSize:1000]]
[2022.10.17-04.20.43:570][  0]LogConfig: Setting CVar [[r.Streaming.MaxEffectiveScreenSize:0]]
[2022.10.17-04.20.43:570][  0]LogConfig: Applying CVar settings from Section [EffectsQuality@3] File [C:/Users/matoo/OneDrive/Documents/GitHub/SavePrincess/SavePrincess/Saved/Config/Windows/Scalability.ini]
[2022.10.17-04.20.43:570][  0]LogConfig: Setting CVar [[r.TranslucencyLightingVolumeDim:64]]
[2022.10.17-04.20.43:570][  0]LogConfig: Setting CVar [[r.RefractionQuality:2]]
[2022.10.17-04.20.43:570][  0]LogConfig: Setting CVar [[r.SSR.Quality:3]]
[2022.10.17-04.20.43:570][  0]LogConfig: Setting CVar [[r.SSR.HalfResSceneColor:0]]
[2022.10.17-04.20.43:570][  0]LogConfig: Setting CVar [[r.SceneColorFormat:4]]
[2022.10.17-04.20.43:570][  0]LogConfig: Setting CVar [[r.DetailMode:2]]
[2022.10.17-04.20.43:570][  0]LogConfig: Setting CVar [[r.TranslucencyVolumeBlur:1]]
[2022.10.17-04.20.43:570][  0]LogConfig: Setting CVar [[r.MaterialQualityLevel:1 ; High quality]]
[2022.10.17-04.20.43:570][  0]LogConfig: Setting CVar [[r.AnisotropicMaterials:1]]
[2022.10.17-04.20.43:570][  0]LogConfig: Setting CVar [[r.SSS.Scale:1]]
[2022.10.17-04.20.43:570][  0]LogConfig: Setting CVar [[r.SSS.SampleSet:2]]
[2022.10.17-04.20.43:570][  0]LogConfig: Setting CVar [[r.SSS.Quality:1]]
[2022.10.17-04.20.43:570][  0]LogConfig: Setting CVar [[r.SSS.HalfRes:0]]
[2022.10.17-04.20.43:570][  0]LogConfig: Setting CVar [[r.SSGI.Quality:3]]
[2022.10.17-04.20.43:570][  0]LogConfig: Setting CVar [[r.EmitterSpawnRateScale:1.0]]
[2022.10.17-04.20.43:570][  0]LogConfig: Setting CVar [[r.ParticleLightQuality:2]]
[2022.10.17-04.20.43:570][  0]LogConfig: Setting CVar [[r.SkyAtmosphere.AerialPerspectiveLUT.FastApplyOnOpaque:1 ; Always have FastSkyLUT 1 in this case to avoid wrong sky]]
[2022.10.17-04.20.43:570][  0]LogConfig: Setting CVar [[r.SkyAtmosphere.AerialPerspectiveLUT.SampleCountMaxPerSlice:4]]
[2022.10.17-04.20.43:570][  0]LogConfig: Setting CVar [[r.SkyAtmosphere.AerialPerspectiveLUT.DepthResolution:16.0]]
[2022.10.17-04.20.43:570][  0]LogConfig: Setting CVar [[r.SkyAtmosphere.FastSkyLUT:1]]
[2022.10.17-04.20.43:570][  0]LogConfig: Setting CVar [[r.SkyAtmosphere.FastSkyLUT.SampleCountMin:4.0]]
[2022.10.17-04.20.43:570][  0]LogConfig: Setting CVar [[r.SkyAtmosphere.FastSkyLUT.SampleCountMax:128.0]]
[2022.10.17-04.20.43:570][  0]LogConfig: Setting CVar [[r.SkyAtmosphere.SampleCountMin:4.0]]
[2022.10.17-04.20.43:570][  0]LogConfig: Setting CVar [[r.SkyAtmosphere.SampleCountMax:128.0]]
[2022.10.17-04.20.43:570][  0]LogConfig: Setting CVar [[r.SkyAtmosphere.TransmittanceLUT.UseSmallFormat:0]]
[2022.10.17-04.20.43:570][  0]LogConfig: Setting CVar [[r.SkyAtmosphere.TransmittanceLUT.SampleCount:10.0]]
[2022.10.17-04.20.43:570][  0]LogConfig: Setting CVar [[r.SkyAtmosphere.MultiScatteringLUT.SampleCount:15.0]]
[2022.10.17-04.20.43:570][  0]LogConfig: Setting CVar [[r.SkyLight.RealTimeReflectionCapture:1]]
[2022.10.17-04.20.43:570][  0]LogConfig: Applying CVar settings from Section [FoliageQuality@3] File [C:/Users/matoo/OneDrive/Documents/GitHub/SavePrincess/SavePrincess/Saved/Config/Windows/Scalability.ini]
[2022.10.17-04.20.43:570][  0]LogConfig: Setting CVar [[foliage.DensityScale:1.0]]
[2022.10.17-04.20.43:570][  0]LogConfig: Setting CVar [[grass.DensityScale:1.0]]
[2022.10.17-04.20.43:570][  0]LogConfig: Applying CVar settings from Section [ShadingQuality@3] File [C:/Users/matoo/OneDrive/Documents/GitHub/SavePrincess/SavePrincess/Saved/Config/Windows/Scalability.ini]
[2022.10.17-04.20.43:570][  0]LogConfig: Setting CVar [[r.HairStrands.SkyLighting.IntegrationType:2]]
[2022.10.17-04.20.43:570][  0]LogConfig: Setting CVar [[r.HairStrands.SkyAO.SampleCount:4]]
[2022.10.17-04.20.43:570][  0]LogConfig: Setting CVar [[r.HairStrands.Visibility.MSAA.SamplePerPixel:4]]
[2022.10.17-04.20.43:570][  0]LogInit: Selected Device Profile: [Windows]
[2022.10.17-04.20.43:570][  0]LogInit: Applying CVar settings loaded from the selected device profile: [Windows]
[2022.10.17-04.20.43:570][  0]LogHAL: Display: Platform has ~ 32 GB [34271191040 / 34359738368 / 32], which maps to Largest [LargestMinGB=32, LargerMinGB=12, DefaultMinGB=8, SmallerMinGB=6, SmallestMinGB=0)
[2022.10.17-04.20.43:570][  0]LogInit: Going up to parent DeviceProfile []
[2022.10.17-04.20.43:570][  0]LogConfig: Applying CVar settings from Section [ViewDistanceQuality@3] File [C:/Users/matoo/OneDrive/Documents/GitHub/SavePrincess/SavePrincess/Saved/Config/Windows/Scalability.ini]
[2022.10.17-04.20.43:570][  0]LogConfig: Setting CVar [[r.SkeletalMeshLODBias:0]]
[2022.10.17-04.20.43:570][  0]LogConfig: Setting CVar [[r.ViewDistanceScale:1.0]]
[2022.10.17-04.20.43:570][  0]LogConfig: Applying CVar settings from Section [AntiAliasingQuality@3] File [C:/Users/matoo/OneDrive/Documents/GitHub/SavePrincess/SavePrincess/Saved/Config/Windows/Scalability.ini]
[2022.10.17-04.20.43:570][  0]LogConfig: Setting CVar [[r.PostProcessAAQuality:4]]
[2022.10.17-04.20.43:570][  0]LogConfig: Applying CVar settings from Section [ShadowQuality@3] File [C:/Users/matoo/OneDrive/Documents/GitHub/SavePrincess/SavePrincess/Saved/Config/Windows/Scalability.ini]
[2022.10.17-04.20.43:570][  0]LogConfig: Setting CVar [[r.LightFunctionQuality:1]]
[2022.10.17-04.20.43:570][  0]LogConfig: Setting CVar [[r.ShadowQuality:5]]
[2022.10.17-04.20.43:570][  0]LogConfig: Setting CVar [[r.Shadow.CSM.MaxCascades:10]]
[2022.10.17-04.20.43:570][  0]LogConfig: Setting CVar [[r.Shadow.MaxResolution:2048]]
[2022.10.17-04.20.43:570][  0]LogConfig: Setting CVar [[r.Shadow.MaxCSMResolution:2048]]
[2022.10.17-04.20.43:570][  0]LogConfig: Setting CVar [[r.Shadow.RadiusThreshold:0.01]]
[2022.10.17-04.20.43:570][  0]LogConfig: Setting CVar [[r.Shadow.DistanceScale:1.0]]
[2022.10.17-04.20.43:570][  0]LogConfig: Setting CVar [[r.Shadow.CSM.TransitionScale:1.0]]
[2022.10.17-04.20.43:570][  0]LogConfig: Setting CVar [[r.Shadow.PreShadowResolutionFactor:1.0]]
[2022.10.17-04.20.43:570][  0]LogConfig: Setting CVar [[r.DistanceFieldShadowing:1]]
[2022.10.17-04.20.43:570][  0]LogConfig: Setting CVar [[r.DistanceFieldAO:1]]
[2022.10.17-04.20.43:570][  0]LogConfig: Setting CVar [[r.AOQuality:2]]
[2022.10.17-04.20.43:570][  0]LogConfig: Setting CVar [[r.VolumetricFog:1]]
[2022.10.17-04.20.43:570][  0]LogConfig: Setting CVar [[r.VolumetricFog.GridPixelSize:8]]
[2022.10.17-04.20.43:570][  0]LogConfig: Setting CVar [[r.VolumetricFog.GridSizeZ:128]]
[2022.10.17-04.20.43:570][  0]LogConfig: Setting CVar [[r.VolumetricFog.HistoryMissSupersampleCount:4]]
[2022.10.17-04.20.43:570][  0]LogConfig: Setting CVar [[r.LightMaxDrawDistanceScale:1]]
[2022.10.17-04.20.43:570][  0]LogConfig: Setting CVar [[r.CapsuleShadows:1]]
[2022.10.17-04.20.43:570][  0]LogConfig: Applying CVar settings from Section [PostProcessQuality@3] File [C:/Users/matoo/OneDrive/Documents/GitHub/SavePrincess/SavePrincess/Saved/Config/Windows/Scalability.ini]
[2022.10.17-04.20.43:570][  0]LogConfig: Setting CVar [[r.MotionBlurQuality:4]]
[2022.10.17-04.20.43:570][  0]LogConfig: Setting CVar [[r.AmbientOcclusionMipLevelFactor:0.4]]
[2022.10.17-04.20.43:570][  0]LogConfig: Setting CVar [[r.AmbientOcclusionMaxQuality:100]]
[2022.10.17-04.20.43:570][  0]LogConfig: Setting CVar [[r.AmbientOcclusionLevels:-1]]
[2022.10.17-04.20.43:570][  0]LogConfig: Setting CVar [[r.AmbientOcclusionRadiusScale:1.0]]
[2022.10.17-04.20.43:570][  0]LogConfig: Setting CVar [[r.DepthOfFieldQuality:2]]
[2022.10.17-04.20.43:570][  0]LogConfig: Setting CVar [[r.RenderTargetPoolMin:400]]
[2022.10.17-04.20.43:570][  0]LogConfig: Setting CVar [[r.LensFlareQuality:2]]
[2022.10.17-04.20.43:570][  0]LogConfig: Setting CVar [[r.SceneColorFringeQuality:1]]
[2022.10.17-04.20.43:570][  0]LogConfig: Setting CVar [[r.EyeAdaptationQuality:2]]
[2022.10.17-04.20.43:571][  0]LogConfig: Setting CVar [[r.BloomQuality:5]]
[2022.10.17-04.20.43:571][  0]LogConfig: Setting CVar [[r.FastBlurThreshold:100]]
[2022.10.17-04.20.43:571][  0]LogConfig: Setting CVar [[r.Upscale.Quality:3]]
[2022.10.17-04.20.43:571][  0]LogConfig: Setting CVar [[r.Tonemapper.GrainQuantization:1]]
[2022.10.17-04.20.43:571][  0]LogConfig: Setting CVar [[r.LightShaftQuality:1]]
[2022.10.17-04.20.43:571][  0]LogConfig: Setting CVar [[r.Filter.SizeScale:1]]
[2022.10.17-04.20.43:571][  0]LogConfig: Setting CVar [[r.Tonemapper.Quality:5]]
[2022.10.17-04.20.43:571][  0]LogConfig: Setting CVar [[r.DOF.Gather.AccumulatorQuality:1        ; higher gathering accumulator quality]]
[2022.10.17-04.20.43:571][  0]LogConfig: Setting CVar [[r.DOF.Gather.PostfilterMethod:1          ; Median3x3 postfilering method]]
[2022.10.17-04.20.43:571][  0]LogConfig: Setting CVar [[r.DOF.Gather.EnableBokehSettings:0       ; no bokeh simulation when gathering]]
[2022.10.17-04.20.43:571][  0]LogConfig: Setting CVar [[r.DOF.Gather.RingCount:4                 ; medium number of samples when gathering]]
[2022.10.17-04.20.43:571][  0]LogConfig: Setting CVar [[r.DOF.Scatter.ForegroundCompositing:1    ; additive foreground scattering]]
[2022.10.17-04.20.43:571][  0]LogConfig: Setting CVar [[r.DOF.Scatter.BackgroundCompositing:2    ; additive background scattering]]
[2022.10.17-04.20.43:571][  0]LogConfig: Setting CVar [[r.DOF.Scatter.EnableBokehSettings:1      ; bokeh simulation when scattering]]
[2022.10.17-04.20.43:571][  0]LogConfig: Setting CVar [[r.DOF.Scatter.MaxSpriteRatio:0.1         ; only a maximum of 10% of scattered bokeh]]
[2022.10.17-04.20.43:571][  0]LogConfig: Setting CVar [[r.DOF.Recombine.Quality:1                ; cheap slight out of focus]]
[2022.10.17-04.20.43:571][  0]LogConfig: Setting CVar [[r.DOF.Recombine.EnableBokehSettings:0    ; no bokeh simulation on slight out of focus]]
[2022.10.17-04.20.43:571][  0]LogConfig: Setting CVar [[r.DOF.TemporalAAQuality:1                ; more stable temporal accumulation]]
[2022.10.17-04.20.43:571][  0]LogConfig: Setting CVar [[r.DOF.Kernel.MaxForegroundRadius:0.025]]
[2022.10.17-04.20.43:571][  0]LogConfig: Setting CVar [[r.DOF.Kernel.MaxBackgroundRadius:0.025]]
[2022.10.17-04.20.43:571][  0]LogConfig: Applying CVar settings from Section [TextureQuality@3] File [C:/Users/matoo/OneDrive/Documents/GitHub/SavePrincess/SavePrincess/Saved/Config/Windows/Scalability.ini]
[2022.10.17-04.20.43:571][  0]LogConfig: Setting CVar [[r.Streaming.MipBias:0]]
[2022.10.17-04.20.43:571][  0]LogConfig: Setting CVar [[r.Streaming.AmortizeCPUToGPUCopy:0]]
[2022.10.17-04.20.43:571][  0]LogConfig: Setting CVar [[r.Streaming.MaxNumTexturesToStreamPerFrame:0]]
[2022.10.17-04.20.43:571][  0]LogConfig: Setting CVar [[r.Streaming.Boost:1]]
[2022.10.17-04.20.43:571][  0]LogConfig: Setting CVar [[r.MaxAnisotropy:8]]
[2022.10.17-04.20.43:571][  0]LogConfig: Setting CVar [[r.VT.MaxAnisotropy:8]]
[2022.10.17-04.20.43:571][  0]LogConfig: Setting CVar [[r.Streaming.LimitPoolSizeToVRAM:0]]
[2022.10.17-04.20.43:571][  0]LogConfig: Setting CVar [[r.Streaming.PoolSize:1000]]
[2022.10.17-04.20.43:571][  0]LogConfig: Setting CVar [[r.Streaming.MaxEffectiveScreenSize:0]]
[2022.10.17-04.20.43:571][  0]LogConfig: Applying CVar settings from Section [EffectsQuality@3] File [C:/Users/matoo/OneDrive/Documents/GitHub/SavePrincess/SavePrincess/Saved/Config/Windows/Scalability.ini]
[2022.10.17-04.20.43:571][  0]LogConfig: Setting CVar [[r.TranslucencyLightingVolumeDim:64]]
[2022.10.17-04.20.43:571][  0]LogConfig: Setting CVar [[r.RefractionQuality:2]]
[2022.10.17-04.20.43:571][  0]LogConfig: Setting CVar [[r.SSR.Quality:3]]
[2022.10.17-04.20.43:571][  0]LogConfig: Setting CVar [[r.SSR.HalfResSceneColor:0]]
[2022.10.17-04.20.43:571][  0]LogConfig: Setting CVar [[r.SceneColorFormat:4]]
[2022.10.17-04.20.43:571][  0]LogConfig: Setting CVar [[r.DetailMode:2]]
[2022.10.17-04.20.43:571][  0]LogConfig: Setting CVar [[r.TranslucencyVolumeBlur:1]]
[2022.10.17-04.20.43:571][  0]LogConfig: Setting CVar [[r.MaterialQualityLevel:1 ; High quality]]
[2022.10.17-04.20.43:571][  0]LogConfig: Setting CVar [[r.AnisotropicMaterials:1]]
[2022.10.17-04.20.43:571][  0]LogConfig: Setting CVar [[r.SSS.Scale:1]]
[2022.10.17-04.20.43:571][  0]LogConfig: Setting CVar [[r.SSS.SampleSet:2]]
[2022.10.17-04.20.43:571][  0]LogConfig: Setting CVar [[r.SSS.Quality:1]]
[2022.10.17-04.20.43:571][  0]LogConfig: Setting CVar [[r.SSS.HalfRes:0]]
[2022.10.17-04.20.43:571][  0]LogConfig: Setting CVar [[r.SSGI.Quality:3]]
[2022.10.17-04.20.43:571][  0]LogConfig: Setting CVar [[r.EmitterSpawnRateScale:1.0]]
[2022.10.17-04.20.43:571][  0]LogConfig: Setting CVar [[r.ParticleLightQuality:2]]
[2022.10.17-04.20.43:571][  0]LogConfig: Setting CVar [[r.SkyAtmosphere.AerialPerspectiveLUT.FastApplyOnOpaque:1 ; Always have FastSkyLUT 1 in this case to avoid wrong sky]]
[2022.10.17-04.20.43:571][  0]LogConfig: Setting CVar [[r.SkyAtmosphere.AerialPerspectiveLUT.SampleCountMaxPerSlice:4]]
[2022.10.17-04.20.43:571][  0]LogConfig: Setting CVar [[r.SkyAtmosphere.AerialPerspectiveLUT.DepthResolution:16.0]]
[2022.10.17-04.20.43:571][  0]LogConfig: Setting CVar [[r.SkyAtmosphere.FastSkyLUT:1]]
[2022.10.17-04.20.43:571][  0]LogConfig: Setting CVar [[r.SkyAtmosphere.FastSkyLUT.SampleCountMin:4.0]]
[2022.10.17-04.20.43:571][  0]LogConfig: Setting CVar [[r.SkyAtmosphere.FastSkyLUT.SampleCountMax:128.0]]
[2022.10.17-04.20.43:571][  0]LogConfig: Setting CVar [[r.SkyAtmosphere.SampleCountMin:4.0]]
[2022.10.17-04.20.43:571][  0]LogConfig: Setting CVar [[r.SkyAtmosphere.SampleCountMax:128.0]]
[2022.10.17-04.20.43:571][  0]LogConfig: Setting CVar [[r.SkyAtmosphere.TransmittanceLUT.UseSmallFormat:0]]
[2022.10.17-04.20.43:571][  0]LogConfig: Setting CVar [[r.SkyAtmosphere.TransmittanceLUT.SampleCount:10.0]]
[2022.10.17-04.20.43:571][  0]LogConfig: Setting CVar [[r.SkyAtmosphere.MultiScatteringLUT.SampleCount:15.0]]
[2022.10.17-04.20.43:571][  0]LogConfig: Setting CVar [[r.SkyLight.RealTimeReflectionCapture:1]]
[2022.10.17-04.20.43:571][  0]LogConfig: Applying CVar settings from Section [FoliageQuality@3] File [C:/Users/matoo/OneDrive/Documents/GitHub/SavePrincess/SavePrincess/Saved/Config/Windows/Scalability.ini]
[2022.10.17-04.20.43:571][  0]LogConfig: Setting CVar [[foliage.DensityScale:1.0]]
[2022.10.17-04.20.43:571][  0]LogConfig: Setting CVar [[grass.DensityScale:1.0]]
[2022.10.17-04.20.43:571][  0]LogConfig: Applying CVar settings from Section [ShadingQuality@3] File [C:/Users/matoo/OneDrive/Documents/GitHub/SavePrincess/SavePrincess/Saved/Config/Windows/Scalability.ini]
[2022.10.17-04.20.43:571][  0]LogConfig: Setting CVar [[r.HairStrands.SkyLighting.IntegrationType:2]]
[2022.10.17-04.20.43:571][  0]LogConfig: Setting CVar [[r.HairStrands.SkyAO.SampleCount:4]]
[2022.10.17-04.20.43:571][  0]LogConfig: Setting CVar [[r.HairStrands.Visibility.MSAA.SamplePerPixel:4]]
[2022.10.17-04.20.43:571][  0]LogConfig: Applying CVar settings from Section [Startup] File [../../../Engine/Config/ConsoleVariables.ini]
[2022.10.17-04.20.43:571][  0]LogConfig: Setting CVar [[net.UseAdaptiveNetUpdateFrequency:0]]
[2022.10.17-04.20.43:571][  0]LogConfig: Setting CVar [[p.chaos.AllowCreatePhysxBodies:1]]
[2022.10.17-04.20.43:571][  0]LogConfig: Setting CVar [[fx.SkipVectorVMBackendOptimizations:1]]
[2022.10.17-04.20.43:571][  0]LogConfig: Applying CVar settings from Section [ConsoleVariables] File [C:/Users/matoo/OneDrive/Documents/GitHub/SavePrincess/SavePrincess/Saved/Config/Windows/Engine.ini]
[2022.10.17-04.20.43:571][  0]LogConfig: Applying CVar settings from Section [ConsoleVariables] File [C:/Users/matoo/OneDrive/Documents/GitHub/SavePrincess/SavePrincess/Saved/Config/Windows/Editor.ini]
[2022.10.17-04.20.43:571][  0]LogInit: Computer: DESKTOP-R5E1UO9
[2022.10.17-04.20.43:571][  0]LogInit: User: matoo
[2022.10.17-04.20.43:571][  0]LogInit: CPU Page size=4096, Cores=8
[2022.10.17-04.20.43:571][  0]LogInit: High frequency timer resolution =10.000000 MHz
[2022.10.17-04.20.43:571][  0]LogMemory: Memory total: Physical=31.9GB (32GB approx)
[2022.10.17-04.20.43:571][  0]LogMemory: Platform Memory Stats for Windows
[2022.10.17-04.20.43:571][  0]LogMemory: Process Physical Memory: 146.37 MB used, 150.88 MB peak
[2022.10.17-04.20.43:571][  0]LogMemory: Process Virtual Memory: 128.87 MB used, 128.87 MB peak
[2022.10.17-04.20.43:571][  0]LogMemory: Physical Memory: 15086.49 MB used,  17597.07 MB free, 32683.55 MB total
[2022.10.17-04.20.43:571][  0]LogMemory: Virtual Memory: 134204104.00 MB used,  13624.81 MB free, 134217728.00 MB total
[2022.10.17-04.20.43:575][  0]LogWindows: WindowsPlatformFeatures enabled
[2022.10.17-04.20.43:604][  0]LogInit: Physics initialised using underlying interface: PhysX
[2022.10.17-04.20.43:604][  0]LogInit: Using OS detected language (en-US).
[2022.10.17-04.20.43:604][  0]LogInit: Using OS detected locale (en-US).
[2022.10.17-04.20.43:606][  0]LogTextLocalizationManager: No specific localization for 'en-US' exists, so the 'en' localization will be used.
[2022.10.17-04.20.43:752][  0]LogInit: Setting process to per monitor DPI aware
[2022.10.17-04.20.43:763][  0]LogWindowsTextInputMethodSystem: Display: IME system deactivated.
[2022.10.17-04.20.43:773][  0]LogSlate: New Slate User Created.  User Index 0, Is Virtual User: 0
[2022.10.17-04.20.43:773][  0]LogSlate: Slate User Registered.  User Index 0, Is Virtual User: 0
[2022.10.17-04.20.43:859][  0]LogD3D11RHI: Loaded GFSDK_Aftermath_Lib.x64.dll
[2022.10.17-04.20.43:901][  0]LogHMD: Failed to initialize OpenVR with code 108
[2022.10.17-04.20.43:901][  0]LogD3D11RHI: D3D11 min allowed feature level: 11_0
[2022.10.17-04.20.43:901][  0]LogD3D11RHI: D3D11 max allowed feature level: 11_0
[2022.10.17-04.20.43:901][  0]LogD3D11RHI: D3D11 adapters:
[2022.10.17-04.20.43:982][  0]LogD3D11RHI:    0. 'NVIDIA GeForce RTX 3080' (Feature Level 11_0)
[2022.10.17-04.20.43:983][  0]LogD3D11RHI:       10078/0/16341 MB DedicatedVideo/DedicatedSystem/SharedSystem, Outputs:2, VendorId:0x10de
[2022.10.17-04.20.43:984][  0]LogD3D11RHI:    1. 'Microsoft Basic Render Driver' (Feature Level 11_0)
[2022.10.17-04.20.43:984][  0]LogD3D11RHI:       0/0/16341 MB DedicatedVideo/DedicatedSystem/SharedSystem, Outputs:0, VendorId:0x1414
[2022.10.17-04.20.43:984][  0]LogD3D11RHI: Chosen D3D11 Adapter:
[2022.10.17-04.20.43:984][  0]LogD3D11RHI:     Description : NVIDIA GeForce RTX 3080
[2022.10.17-04.20.43:984][  0]LogD3D11RHI:     VendorId    : 10de
[2022.10.17-04.20.43:984][  0]LogD3D11RHI:     DeviceId    : 2216
[2022.10.17-04.20.43:984][  0]LogD3D11RHI:     SubSysId    : 403f1458
[2022.10.17-04.20.43:984][  0]LogD3D11RHI:     Revision    : 00a1
[2022.10.17-04.20.43:984][  0]LogD3D11RHI:     DedicatedVideoMemory : 10567548928 bytes
[2022.10.17-04.20.43:984][  0]LogD3D11RHI:     DedicatedSystemMemory : 0 bytes
[2022.10.17-04.20.43:984][  0]LogD3D11RHI:     SharedSystemMemory : 17135595520 bytes
[2022.10.17-04.20.43:984][  0]LogD3D11RHI:     AdapterLuid : 0 65094
[2022.10.17-04.20.43:989][  0]LogD3D11RHI: Creating new Direct3DDevice
[2022.10.17-04.20.43:989][  0]LogD3D11RHI:     GPU DeviceId: 0x2216 (for the marketing name, search the web for "GPU Device Id")
[2022.10.17-04.20.43:989][  0]LogWindows: EnumDisplayDevices:
[2022.10.17-04.20.43:989][  0]LogWindows:    0. 'NVIDIA GeForce RTX 3080' (P:1 D:1)
[2022.10.17-04.20.43:989][  0]LogWindows:    1. 'NVIDIA GeForce RTX 3080' (P:0 D:1)
[2022.10.17-04.20.43:989][  0]LogWindows:    2. 'NVIDIA GeForce RTX 3080' (P:0 D:0)
[2022.10.17-04.20.43:990][  0]LogWindows:    3. 'NVIDIA GeForce RTX 3080' (P:0 D:0)
[2022.10.17-04.20.43:990][  0]LogWindows: DebugString: FoundDriverCount:4 
[2022.10.17-04.20.43:990][  0]LogD3D11RHI:     Adapter Name: NVIDIA GeForce RTX 3080
[2022.10.17-04.20.43:990][  0]LogD3D11RHI:   Driver Version: 516.59 (internal:31.0.15.1659, unified:516.59)
[2022.10.17-04.20.43:990][  0]LogD3D11RHI:      Driver Date: 6-23-2022
[2022.10.17-04.20.43:990][  0]LogRHI: Texture pool is 7054 MB (70% of 10078 MB)
[2022.10.17-04.20.43:990][  0]LogD3D11RHI: Creating D3DDevice using adapter:
[2022.10.17-04.20.43:990][  0]LogD3D11RHI:     Description : NVIDIA GeForce RTX 3080
[2022.10.17-04.20.43:990][  0]LogD3D11RHI:     VendorId    : 10de
[2022.10.17-04.20.43:990][  0]LogD3D11RHI:     DeviceId    : 2216
[2022.10.17-04.20.43:990][  0]LogD3D11RHI:     SubSysId    : 403f1458
[2022.10.17-04.20.43:990][  0]LogD3D11RHI:     Revision    : 00a1
[2022.10.17-04.20.43:990][  0]LogD3D11RHI:     DedicatedVideoMemory : 10567548928 bytes
[2022.10.17-04.20.43:990][  0]LogD3D11RHI:     DedicatedSystemMemory : 0 bytes
[2022.10.17-04.20.43:990][  0]LogD3D11RHI:     SharedSystemMemory : 17135595520 bytes
[2022.10.17-04.20.43:990][  0]LogD3D11RHI:     AdapterLuid : 0 65094
[2022.10.17-04.20.44:041][  0]LogD3D11RHI: RHI has support for 64 bit atomics
[2022.10.17-04.20.44:041][  0]LogD3D11RHI: Async texture creation enabled
[2022.10.17-04.20.44:041][  0]LogD3D11RHI: Array index from any shader is supported
[2022.10.17-04.20.44:042][  0]LogD3D11RHI: HDR output is supported on display 0 (NvId: 0x80061080).
[2022.10.17-04.20.44:059][  0]LogD3D11RHI: GPU Timing Frequency: 1000.000000 (Debug: 2 1)
[2022.10.17-04.20.44:079][  0]LogRHI: GeForceNow SDK initialized: 1
[2022.10.17-04.20.44:306][  0]LogTargetPlatformManager: Display: Loaded TargetPlatform 'AllDesktop'
[2022.10.17-04.20.44:322][  0]LogTargetPlatformManager: Display: Loaded TargetPlatform 'Android'
[2022.10.17-04.20.44:322][  0]LogTargetPlatformManager: Display: Loaded TargetPlatform 'Android_ASTC'
[2022.10.17-04.20.44:322][  0]LogTargetPlatformManager: Display: Loaded TargetPlatform 'Android_DXT'
[2022.10.17-04.20.44:322][  0]LogTargetPlatformManager: Display: Loaded TargetPlatform 'Android_ETC2'
[2022.10.17-04.20.44:322][  0]LogTargetPlatformManager: Display: Loaded TargetPlatform 'AndroidClient'
[2022.10.17-04.20.44:322][  0]LogTargetPlatformManager: Display: Loaded TargetPlatform 'Android_ASTCClient'
[2022.10.17-04.20.44:322][  0]LogTargetPlatformManager: Display: Loaded TargetPlatform 'Android_DXTClient'
[2022.10.17-04.20.44:322][  0]LogTargetPlatformManager: Display: Loaded TargetPlatform 'Android_ETC2Client'
[2022.10.17-04.20.44:322][  0]LogTargetPlatformManager: Display: Loaded TargetPlatform 'Android_Multi'
[2022.10.17-04.20.44:322][  0]LogTargetPlatformManager: Display: Loaded TargetPlatform 'Android_MultiClient'
[2022.10.17-04.20.44:335][  0]LogTargetPlatformManager: Display: Loaded TargetPlatform 'IOSClient'
[2022.10.17-04.20.44:335][  0]LogTargetPlatformManager: Display: Loaded TargetPlatform 'IOS'
[2022.10.17-04.20.44:342][  0]LogTargetPlatformManager: Display: Loaded TargetPlatform 'Linux'
[2022.10.17-04.20.44:345][  0]LogTargetPlatformManager: Display: Loaded TargetPlatform 'LinuxNoEditor'
[2022.10.17-04.20.44:348][  0]LogTargetPlatformManager: Display: Loaded TargetPlatform 'LinuxClient'
[2022.10.17-04.20.44:351][  0]LogTargetPlatformManager: Display: Loaded TargetPlatform 'LinuxServer'
[2022.10.17-04.20.44:358][  0]LogTargetPlatformManager: Display: Loaded TargetPlatform 'LinuxAArch64NoEditor'
[2022.10.17-04.20.44:361][  0]LogTargetPlatformManager: Display: Loaded TargetPlatform 'LinuxAArch64Client'
[2022.10.17-04.20.44:364][  0]LogTargetPlatformManager: Display: Loaded TargetPlatform 'LinuxAArch64Server'
[2022.10.17-04.20.44:381][  0]LogTargetPlatformManager: Display: Loaded TargetPlatform 'Lumin'
[2022.10.17-04.20.44:381][  0]LogTargetPlatformManager: Display: Loaded TargetPlatform 'LuminClient'
[2022.10.17-04.20.44:387][  0]LogTargetPlatformManager: Display: Loaded TargetPlatform 'MacNoEditor'
[2022.10.17-04.20.44:390][  0]LogTargetPlatformManager: Display: Loaded TargetPlatform 'Mac'
[2022.10.17-04.20.44:393][  0]LogTargetPlatformManager: Display: Loaded TargetPlatform 'MacClient'
[2022.10.17-04.20.44:396][  0]LogTargetPlatformManager: Display: Loaded TargetPlatform 'MacServer'
[2022.10.17-04.20.44:403][  0]LogTargetPlatformManager: Display: Loaded TargetPlatform 'TVOSClient'
[2022.10.17-04.20.44:403][  0]LogTargetPlatformManager: Display: Loaded TargetPlatform 'TVOS'
[2022.10.17-04.20.44:410][  0]LogTargetPlatformManager: Display: Loaded TargetPlatform 'WindowsNoEditor'
[2022.10.17-04.20.44:413][  0]LogTargetPlatformManager: Display: Loaded TargetPlatform 'Windows'
[2022.10.17-04.20.44:416][  0]LogTargetPlatformManager: Display: Loaded TargetPlatform 'WindowsClient'
[2022.10.17-04.20.44:419][  0]LogTargetPlatformManager: Display: Loaded TargetPlatform 'WindowsServer'
[2022.10.17-04.20.44:419][  0]LogTargetPlatformManager: Display: Building Assets For Windows
[2022.10.17-04.20.44:424][  0]LogAudioDebug: Display: Lib vorbis DLL was dynamically loaded.
[2022.10.17-04.20.44:443][  0]LogTextureFormatOodle: Display: Oodle Texture 2.9.0 init RDO Off
[2022.10.17-04.20.44:464][  0]LogRendererCore: Ray tracing is disabled. Reason: r.RayTracing=0.
[2022.10.17-04.20.44:464][  0]LogShaderCompilers: Guid format shader working directory is -21 characters bigger than the processId version (C:/Users/matoo/OneDrive/Documents/GitHub/SavePrincess/SavePrincess/Intermediate/Shaders/WorkingDirectory/14280/).
[2022.10.17-04.20.44:464][  0]LogShaderCompilers: Cleaned the shader compiler working directory 'C:/Users/matoo/AppData/Local/Temp/UnrealShaderWorkingDir/1EF5C3CC47E4A31B51F8C5A151816B2A/'.
[2022.10.17-04.20.44:464][  0]LogXGEController: Cannot use XGE Controller as Incredibuild is not installed on this machine.
[2022.10.17-04.20.44:464][  0]LogShaderCompilers: Cannot use XGE Shader Compiler as Incredibuild is not installed on this machine.
[2022.10.17-04.20.44:464][  0]LogShaderCompilers: Display: Using Local Shader Compiler.
[2022.10.17-04.20.45:074][  0]LogDerivedDataCache: Display: Max Cache Size: 512 MB
[2022.10.17-04.20.45:116][  0]LogDerivedDataCache: Loaded boot cache 0.04s 94MB C:/Users/matoo/AppData/Local/UnrealEngine/4.27/DerivedDataCache/Boot.ddc.
[2022.10.17-04.20.45:116][  0]LogDerivedDataCache: Display: Loaded Boot cache: C:/Users/matoo/AppData/Local/UnrealEngine/4.27/DerivedDataCache/Boot.ddc
[2022.10.17-04.20.45:116][  0]LogDerivedDataCache: FDerivedDataBackendGraph:  Pak pak cache file C:/Users/matoo/OneDrive/Documents/GitHub/SavePrincess/SavePrincess/DerivedDataCache/DDC.ddp not found, will not use a pak cache.
[2022.10.17-04.20.45:116][  0]LogDerivedDataCache: Unable to find inner node Pak for hierarchical cache Hierarchy.
[2022.10.17-04.20.45:117][  0]LogDerivedDataCache: FDerivedDataBackendGraph:  CompressedPak pak cache file C:/Users/matoo/OneDrive/Documents/GitHub/SavePrincess/SavePrincess/DerivedDataCache/Compressed.ddp not found, will not use a pak cache.
[2022.10.17-04.20.45:117][  0]LogDerivedDataCache: Unable to find inner node CompressedPak for hierarchical cache Hierarchy.
[2022.10.17-04.20.45:129][  0]LogDerivedDataCache: Display: Pak cache opened for reading ../../../Engine/DerivedDataCache/Compressed.ddp.
[2022.10.17-04.20.45:129][  0]LogDerivedDataCache: FDerivedDataBackendGraph:  EnterprisePak pak cache file ../../../Enterprise/DerivedDataCache/Compressed.ddp not found, will not use a pak cache.
[2022.10.17-04.20.45:129][  0]LogDerivedDataCache: Unable to find inner node EnterprisePak for hierarchical cache Hierarchy.
[2022.10.17-04.20.45:138][  0]LogDerivedDataCache: Speed tests for C:/Users/matoo/AppData/Local/UnrealEngine/Common/DerivedDataCache took 0.01 seconds
[2022.10.17-04.20.45:138][  0]LogDerivedDataCache: Display: Performance to C:/Users/matoo/AppData/Local/UnrealEngine/Common/DerivedDataCache: Latency=0.02ms. RandomReadSpeed=1988.64MBs, RandomWriteSpeed=118.62MBs. Assigned SpeedClass 'Local'
[2022.10.17-04.20.45:139][  0]LogDerivedDataCache: Using Local data cache path C:/Users/matoo/AppData/Local/UnrealEngine/Common/DerivedDataCache: Writable
[2022.10.17-04.20.45:139][  0]LogDerivedDataCache: Shared data cache path not found in *engine.ini, will not use an Shared cache.
[2022.10.17-04.20.45:139][  0]LogDerivedDataCache: Unable to find inner node Shared for hierarchical cache Hierarchy.
[2022.10.17-04.20.45:176][  0]LogSlate: Using FreeType 2.10.0
[2022.10.17-04.20.45:177][  0]LogSlate: SlateFontServices - WITH_FREETYPE: 1, WITH_HARFBUZZ: 1
[2022.10.17-04.20.45:196][  0]LogAssetRegistry: FAssetRegistry took 0.0020 seconds to start up
[2022.10.17-04.20.45:371][  0]LogInit: Selected Device Profile: [Windows]
[2022.10.17-04.20.45:371][  0]LogInit: Active device profile: [000001F655040900][000001F6536E8DC0 49] Windows
[2022.10.17-04.20.45:371][  0]LogInit: Profiles: [000001F655040900][000001F6536E8DC0 49] Windows, [000001F654FDF800][000001F6536F8F40 49] WindowsNoEditor, [000001F655043500][000001F6536FD0C0 49] WindowsServer, [000001F654FDCE00][000001F653701240 49] WindowsClient, [000001F655043800][000001F6537053C0 49] IOS, [000001F654FDE800][000001F653709540 49] iPadAir, [000001F655042000][000001F65370D6C0 49] iPadAir2, [000001F654DC0A00][000001F65371D980 49] IPadPro, [000001F654DC0B00][000001F6537119C0 49] iPadAir3, [000001F654FDD900][000001F653721B40 49] iPadAir4, [000001F654DC3400][000001F653724140 49] iPadMini2, [000001F654FDEA00][000001F6537282C0 49] iPadMini3, [000001F654DC1700][000001F655B00440 49] iPadMini4, [000001F655041100][000001F655B3C5C0 49] iPadMini5, [000001F654E00300][000001F655B44880 49] iPhone6, [000001F654E00400][000001F655B408C0 49] iPodTouch6, [000001F654DC3600][000001F655B48B00 49] iPhone7, [000001F654DC1800][000001F6536ECB40 49] iPodTouch7, [000001F654E03F00][000001F655B4CC80 49] iPhone5S, [000001F654FDE200][000001F64811CDC0 49] iPhone6Plus, [000001F654DC0200][000001F655F3EF40 49] iPhone6S, [000001F654FDE400][000001F655F430C0 49] iPhone6SPlus, [000001F654DC3C00][000001F655F47240 49] iPhone7Plus, [000001F654FDC300][000001F655F4B3C0 49] iPhoneSE, [000001F654DC3500][000001F655F4F540 49] iPhone8, [000001F654FDDE00][000001F655F536C0 49] iPhone8Plus, [000001F654DC1100][000001F655F57840 49] iPhoneX, [000001F654FDC400][000001F655F5B9C0 49] iPhoneXS, [000001F654DC1300][000001F648125B40 49] iPhoneXSMax, [000001F654FDD400][000001F648128140 49] iPhoneXR, [000001F654DC3800][000001F64812C2C0 49] iPhone11, [000001F654FDEE00][000001F648130440 49] iPhone11Pro, [000001F654DC3700][000001F6481345C0 49] iPhone11ProMax, [000001F654FDCF00][000001F648138740 49] iPhoneSE2, [000001F654DC2E00][000001F64813C8C0 49] iPhone12Mini, [000001F654FDFC00][000001F648140A40 49] iPhone12, [000001F654DC2400][000001F655F3AB80 49] iPhone12Pro, [000001F654FDC700][000001F648144CC0 49] iPhone12ProMax, [000001F654DC2300][000001F648148E00 49] iPadPro105, [000001F654FDF100][000001F64814CF40 49] iPadPro129, [000001F654DC2200][000001F6481550C0 49] iPadPro97, [000001F654FDCB00][000001F648159240 49] iPadPro2_129, [000001F654DC3200][000001F64815D3C0 49] iPad5, [000001F654FDF400][000001F648161540 49] iPad6, [000001F654DC3300][000001F6481656C0 49] iPad7, [000001F654FDC200][000001F648169840 49] iPad8, [000001F654DC1A00][000001F64816D9C0 49] iPadPro11, [000001F654FDD600][000001F6486DFB40 49] iPadPro2_11, [000001F654DC1D00][000001F6486E2140 49] iPadPro3_129, [000001F654FDF900][000001F6486E62C0 49] iPadPro4_129, [000001F654DC3000][000001F6486EA440 49] AppleTV, [000001F654FDFF00][000001F6486EE5C0 49] AppleTV4K, [000001F654DC0100][000001F6486F2740 49] TVOS, [000001F654FDE500][000001F6486F68C0 49] Mac, [000001F654DC3B00][000001F6486FAA40 49] MacClient, [000001F654FDDB00][000001F6486FEBC0 49] MacNoEditor, [000001F654DC2C00][000001F648702D40 49] MacServer, [000001F654FDCA00][000001F648150E80 49] Linux, [000001F654DC2000][000001F648706FC0 49] LinuxAArch64, [000001F654FDE700][000001F64870B100 49] LinuxNoEditor, [000001F654DC2500][000001F648713280 49] LinuxAArch64NoEditor, [000001F654FDD500][000001F648717400 49] LinuxClient, [000001F654DC3900][000001F64871B580 49] LinuxAArch64Client, [000001F654FDD700][000001F64871F700 49] LinuxServer, [000001F654DC1900][000001F648723880 49] LinuxAArch64Server, [000001F654FDF700][000001F648727A00 49] Android, [000001F654DC0600][000001F64872BB80 49] Android_Low, [000001F654FDED00][000001F64872E180 49] Android_Mid, [000001F655043A00][000001F648732300 49] Android_High, [000001F654E01C00][000001F648736480 49] Android_Default, [000001F655042100][000001F64873A600 49] Android_Adreno4xx, [000001F654E02700][000001F64873E780 49] Android_Adreno5xx_Low, [000001F655040A00][000001F648742900 49] Android_Adreno5xx, [000001F654E02D00][000001F648746A80 49] Android_Adreno6xx, [000001F655041200][000001F64874AC00 49] Android_Adreno6xx_Vulkan, [000001F654E02800][000001F64874ED80 49] Android_Mali_T6xx, [000001F655042600][000001F648752F00 49] Android_Mali_T7xx, [000001F654E02E00][000001F64870F040 49] Android_Mali_T8xx, [000001F655043200][000001F648757180 49] Android_Mali_G71, [000001F654E03C00][000001F64875B2C0 49] Android_Mali_G72, [000001F655042A00][000001F648763440 49] Android_Mali_G72_Vulkan, [000001F654E01B00][000001F6533415C0 49] Android_Mali_G76, [000001F655041A00][000001F653345740 49] Android_Mali_G76_Vulkan, [000001F654E02000][000001F6533498C0 49] Android_Mali_G77, [000001F655042D00][000001F65334DA40 49] Android_Mali_G77_Vulkan, [000001F654E03800][000001F653351BC0 49] Android_Mali_G78, [000001F655042800][000001F6533541C0 49] Android_Mali_G78_Vulkan, [000001F654E01200][000001F653358340 49] Android_Mali_G710, [000001F655040E00][000001F65335C4C0 49] Android_Mali_G710_Vulkan, [000001F654E03500][000001F653360640 49] Android_Vulkan_SM5, [000001F655043400][000001F6533647C0 49] Android_PowerVR_G6xxx, [000001F654E02C00][000001F653368940 49] Android_PowerVR_GT7xxx, [000001F655043C00][000001F65336CAC0 49] Android_PowerVR_GE8xxx, [000001F654E00E00][000001F653370C40 49] Android_PowerVR_GM9xxx, [000001F655041800][000001F653374DC0 49] Android_PowerVR_GM9xxx_Vulkan, [000001F654E02400][000001F653378F40 49] Android_TegraK1, [000001F655041000][000001F65337D0C0 49] Android_Unknown_Vulkan, [000001F654FDFA00][000001F64875F200 49] Lumin, [000001F655041E00][000001F653381340 49] Lumin_Desktop, [000001F654FDDC00][000001F653385480 49] HoloLens, 
[2022.10.17-04.20.45:467][  0]LogMeshReduction: Using QuadricMeshReduction for automatic static mesh reduction
[2022.10.17-04.20.45:467][  0]LogMeshReduction: Using SimplygonMeshReduction for automatic skeletal mesh reduction
[2022.10.17-04.20.45:467][  0]LogMeshReduction: Using ProxyLODMeshReduction for automatic mesh merging
[2022.10.17-04.20.45:467][  0]LogMeshReduction: No distributed automatic mesh merging module available
[2022.10.17-04.20.45:467][  0]LogMeshMerging: No distributed automatic mesh merging module available
[2022.10.17-04.20.45:480][  0]LogNetVersion: SavePrincess 1.0.0, NetCL: 17155196, EngineNetVer: 17, GameNetVer: 0 (Checksum: 2606911838)
[2022.10.17-04.20.45:744][  0]LogTexture: Default maximum texture size for cubemaps generated from long-lat sources has been changed from 512 to unlimited. In order to preserve old behaiour for '/Engine/MapTemplates/Sky/DaylightAmbientCubemap.DaylightAmbientCubemap', its maximum texture size has been explicitly set to 512.
[2022.10.17-04.20.45:784][  0]LogHMD: PokeAHoleMaterial loaded successfully
[2022.10.17-04.20.45:788][  0]LogUObjectArray: 17178 objects as part of root set at end of initial load.
[2022.10.17-04.20.45:788][  0]LogUObjectAllocator: 4302048 out of 0 bytes used by permanent object pool.
[2022.10.17-04.20.45:788][  0]LogUObjectArray: CloseDisregardForGC: 0/0 objects in disregard for GC pool
[2022.10.17-04.20.45:962][  0]LogPython: Using Python 3.7.7
[2022.10.17-04.20.46:381][  0]LogNiagaraDebuggerClient: Niagara Debugger Client Initialized | Session: C37D6CAB48ACDD94672149A38144E1C4 | Instance: 1CE77F78405A77ECBD1FF6B5771CD0A9 (DESKTOP-R5E1UO9-14280).
[2022.10.17-04.20.46:489][  0]LogTcpMessaging: Initializing TcpMessaging bridge
[2022.10.17-04.20.46:492][  0]LogUdpMessaging: Initializing bridge on interface 0.0.0.0:0 to multicast group 230.0.0.1:6666.
[2022.10.17-04.20.46:636][  0]SourceControl: Source control is disabled
[2022.10.17-04.20.46:636][  0]SourceControl: Source control is disabled
[2022.10.17-04.20.46:638][  0]SourceControl: Source control is disabled
[2022.10.17-04.20.46:640][  0]SourceControl: Source control is disabled
[2022.10.17-04.20.46:644][  0]SourceControl: Source control is disabled
[2022.10.17-04.20.46:652][  0]LogUProjectInfo: Found projects:
[2022.10.17-04.20.46:738][  0]LogOpenImageDenoise: OIDN starting up
[2022.10.17-04.20.46:771][  0]LogAndroidPermission: UAndroidPermissionCallbackProxy::GetInstance
[2022.10.17-04.20.46:794][  0]LogAudioCaptureCore: Display: No Audio Capture implementations found. Audio input will be silent.
[2022.10.17-04.20.46:794][  0]LogAudioCaptureCore: Display: No Audio Capture implementations found. Audio input will be silent.
[2022.10.17-04.20.46:870][  0]LogCollectionManager: Loaded 0 collections in 0.000451 seconds
[2022.10.17-04.20.46:885][  0]LogFileCache: Scanning file cache for directory 'C:/Users/matoo/OneDrive/Documents/GitHub/SavePrincess/SavePrincess/Saved/Collections/' took 0.00s
[2022.10.17-04.20.46:885][  0]LogFileCache: Scanning file cache for directory 'C:/Users/matoo/OneDrive/Documents/GitHub/SavePrincess/SavePrincess/Content/Developers/matoo/Collections/' took 0.00s
[2022.10.17-04.20.46:885][  0]LogFileCache: Scanning file cache for directory 'C:/Users/matoo/OneDrive/Documents/GitHub/SavePrincess/SavePrincess/Content/Collections/' took 0.00s
[2022.10.17-04.20.46:885][  0]LogOcInput: OculusInput pre-init called
[2022.10.17-04.20.47:065][  0]LogEngine: Initializing Engine...
[2022.10.17-04.20.47:122][  0]LogHMD: Failed to initialize OpenVR with code 108
