Log file open, 10/16/22 21:13:40
LogWindows: Failed to load 'aqProf.dll' (GetLastError=126)
LogWindows: File 'aqProf.dll' does not exist
LogWindows: Failed to load 'VtuneApi.dll' (GetLastError=126)
LogWindows: File 'VtuneApi.dll' does not exist
LogWindows: Failed to load 'VtuneApi32e.dll' (GetLastError=126)
LogWindows: File 'VtuneApi32e.dll' does not exist
LogConsoleResponse: Display: Failed to find resolution value strings in scalability ini. Falling back to default.
LogConsoleResponse: Display: Failed to find resolution value strings in scalability ini. Falling back to default.
LogInit: Display: Running engine for game: SavePrincess
LogPlatformFile: Not using cached read wrapper
LogTaskGraph: Started task graph with 5 named threads and 26 total threads with 3 sets of task threads.
LogStats: Stats thread started at 0.181477
LogICUInternationalization: ICU TimeZone Detection - Raw Offset: -8:00, Platform Override: ''
LogInit: Display: Loading text-based GConfig....
LogPluginManager: Mounting plugin MeshPainting
LogPluginManager: Mounting plugin XGEController
LogPluginManager: Mounting plugin Paper2D
LogPluginManager: Mounting plugin EnvironmentQueryEditor
LogPluginManager: Mounting plugin AISupport
LogPluginManager: Mounting plugin LightPropagationVolume
LogPluginManager: Mounting plugin LiveLink
LogPluginManager: Mounting plugin OodleData
LogPluginManager: Mounting plugin OodleNetwork
LogPluginManager: Mounting plugin CameraShakePreviewer
LogPluginManager: Mounting plugin GameplayCameras
LogPluginManager: Mounting plugin AnimationSharing
LogPluginManager: Mounting plugin CLionSourceCodeAccess
LogPluginManager: Mounting plugin AssetManagerEditor
LogPluginManager: Mounting plugin CodeLiteSourceCodeAccess
LogPluginManager: Mounting plugin GitSourceControl
LogPluginManager: Mounting plugin KDevelopSourceCodeAccess
LogPluginManager: Mounting plugin NullSourceCodeAccess
LogPluginManager: Mounting plugin CryptoKeys
LogPluginManager: Mounting plugin CurveEditorTools
LogPluginManager: Mounting plugin DataValidation
LogPluginManager: Mounting plugin PixWinPlugin
LogPluginManager: Mounting plugin PerforceSourceControl
LogPluginManager: Mounting plugin FacialAnimation
LogPluginManager: Mounting plugin PlasticSourceControl
LogPluginManager: Mounting plugin GameplayTagsEditor
LogPluginManager: Mounting plugin PluginUtils
LogPluginManager: Mounting plugin GeometryMode
LogPluginManager: Mounting plugin PropertyAccessNode
LogPluginManager: Mounting plugin RiderSourceCodeAccess
LogPluginManager: Mounting plugin SubversionSourceControl
LogPluginManager: Mounting plugin TextureFormatOodle
LogPluginManager: Mounting plugin UObjectPlugin
LogPluginManager: Mounting plugin VisualStudioCodeSourceCodeAccess
LogPluginManager: Mounting plugin VisualStudioSourceCodeAccess
LogPluginManager: Mounting plugin XCodeSourceCodeAccess
LogPluginManager: Mounting plugin MacGraphicsSwitching
LogPluginManager: Mounting plugin MaterialAnalyzer
LogPluginManager: Mounting plugin MobileLauncherProfileWizard
LogPluginManager: Mounting plugin PluginBrowser
LogPluginManager: Mounting plugin SpeedTreeImporter
LogPluginManager: Mounting plugin Niagara
LogPluginManager: Mounting plugin VariantManagerContent
LogPluginManager: Mounting plugin AndroidMedia
LogPluginManager: Mounting plugin AvfMedia
LogPluginManager: Mounting plugin ImgMedia
LogPluginManager: Mounting plugin MediaCompositing
LogPluginManager: Mounting plugin MediaPlayerEditor
LogPluginManager: Mounting plugin WebMMedia
LogPluginManager: Mounting plugin WmfMedia
LogPluginManager: Mounting plugin LuminPlatformFeatures
LogPluginManager: Mounting plugin MagicLeap
LogPluginManager: Mounting plugin MagicLeapLightEstimation
LogPluginManager: Mounting plugin MagicLeapMedia
LogPluginManager: Mounting plugin DatasmithContent
LogPluginManager: Mounting plugin MagicLeapPassableWorld
LogPluginManager: Mounting plugin MLSDK
LogPluginManager: Mounting plugin TcpMessaging
LogPluginManager: Mounting plugin UdpMessaging
LogPluginManager: Mounting plugin ActorSequence
LogPluginManager: Mounting plugin MatineeToLevelSequence
LogPluginManager: Mounting plugin LevelSequenceEditor
LogPluginManager: Mounting plugin TemplateSequence
LogPluginManager: Mounting plugin OnlineSubsystem
LogPluginManager: Mounting plugin OnlineSubsystemNull
LogPluginManager: Mounting plugin OnlineSubsystemUtils
LogPluginManager: Mounting plugin LauncherChunkInstaller
LogPluginManager: Mounting plugin ActorLayerUtilities
LogPluginManager: Mounting plugin AndroidMoviePlayer
LogPluginManager: Mounting plugin AndroidDeviceProfileSelector
LogPluginManager: Mounting plugin AndroidPermission
LogPluginManager: Mounting plugin AppleImageUtils
LogPluginManager: Mounting plugin AppleMoviePlayer
LogPluginManager: Mounting plugin ArchVisCharacter
LogPluginManager: Mounting plugin AssetTags
LogPluginManager: Mounting plugin AudioCapture
LogPluginManager: Mounting plugin AudioSynesthesia
LogPluginManager: Mounting plugin CableComponent
LogPluginManager: Mounting plugin ChunkDownloader
LogPluginManager: Mounting plugin CustomMeshComponent
LogPluginManager: Mounting plugin EditableMesh
LogPluginManager: Mounting plugin ExampleDeviceProfileSelector
LogPluginManager: Mounting plugin GoogleCloudMessaging
LogPluginManager: Mounting plugin GooglePAD
LogPluginManager: Mounting plugin IOSDeviceProfileSelector
LogPluginManager: Mounting plugin LinuxDeviceProfileSelector
LogPluginManager: Mounting plugin LocationServicesBPLibrary
LogPluginManager: Mounting plugin MobilePatchingUtils
LogPluginManager: Mounting plugin OpenXR
LogPluginManager: Mounting plugin OpenXREyeTracker
LogPluginManager: Mounting plugin OpenXRHandTracking
LogPluginManager: Mounting plugin PostSplashScreen
LogPluginManager: Mounting plugin PhysXVehicles
LogPluginManager: Mounting plugin ProceduralMeshComponent
LogPluginManager: Mounting plugin PropertyAccessEditor
LogPluginManager: Mounting plugin RuntimePhysXCooking
LogPluginManager: Mounting plugin SignificanceManager
LogPluginManager: Mounting plugin SoundFields
LogPluginManager: Mounting plugin Synthesis
LogPluginManager: Mounting plugin WebMMoviePlayer
LogPluginManager: Mounting plugin WindowsMoviePlayer
LogPluginManager: Mounting plugin ScreenshotTools
LogPluginManager: Mounting plugin AlembicImporter
LogPluginManager: Mounting plugin Takes
LogPluginManager: Mounting plugin AutomationUtils
LogPluginManager: Mounting plugin BackChannel
LogPluginManager: Mounting plugin ChaosCloth
LogPluginManager: Mounting plugin ChaosClothEditor
LogPluginManager: Mounting plugin ChaosEditor
LogPluginManager: Mounting plugin ChaosNiagara
LogPluginManager: Mounting plugin ChaosSolverPlugin
LogPluginManager: Mounting plugin CharacterAI
LogPluginManager: Mounting plugin GeometryCache
LogPluginManager: Mounting plugin GeometryCollectionPlugin
LogPluginManager: Mounting plugin GeometryProcessing
LogPluginManager: Mounting plugin MotoSynth
LogPluginManager: Mounting plugin OpenImageDenoise
LogPluginManager: Mounting plugin PlanarCut
LogPluginManager: Mounting plugin ProxyLODPlugin
LogPluginManager: Mounting plugin PythonScriptPlugin
LogPluginManager: Mounting plugin SkeletalReduction
LogPluginManager: Mounting plugin PlatformCrypto
LogPluginManager: Mounting plugin ContentBrowserAssetDataSource
LogPluginManager: Mounting plugin ContentBrowserClassDataSource
LogPluginManager: Mounting plugin ContentBrowserFileDataSource
LogPluginManager: Mounting plugin OnlineSubsystemIOS
LogPluginManager: Mounting plugin OnlineSubsystemGooglePlay
LogPluginManager: Mounting plugin OculusVR
LogPluginManager: Mounting plugin SteamVR
PixWinPlugin: PIX capture plugin failed to initialize! Check that the process is launched from PIX.
LogInit: Using libcurl 7.55.1-DEV
LogInit:  - built for x86_64-pc-win32
LogInit:  - supports SSL with OpenSSL/1.1.1
LogInit:  - supports HTTP deflate (compression) using libz 1.2.8
LogInit:  - other features:
LogInit:      CURL_VERSION_SSL
LogInit:      CURL_VERSION_LIBZ
LogInit:      CURL_VERSION_IPV6
LogInit:      CURL_VERSION_ASYNCHDNS
LogInit:      CURL_VERSION_LARGEFILE
LogInit:      CURL_VERSION_IDN
LogInit:  CurlRequestOptions (configurable via config and command line):
LogInit:  - bVerifyPeer = true  - Libcurl will verify peer certificate
LogInit:  - bUseHttpProxy = false  - Libcurl will NOT use HTTP proxy
LogInit:  - bDontReuseConnections = false  - Libcurl will reuse connections
LogInit:  - MaxHostConnections = 16  - Libcurl will limit the number of connections to a host
LogInit:  - LocalHostAddr = Default
LogInit:  - BufferSize = 65536
LogOnline: OSS: Creating online subsystem instance for: NULL
LogInit: WinSock: version 1.1 (2.2), MaxSocks=32767, MaxUdp=65467
LogOnline: OSS: TryLoadSubsystemAndSetDefault: Loaded subsystem for module [NULL]
LogOculusPluginWrapper: OculusPlugin initialized successfully
LogHMD: Failed initializing OVRPlugin 1.59.0
LogInit: Build: ++UE4+Release-4.27-CL-18319896
LogInit: Engine Version: 4.27.2-18319896+++UE4+Release-4.27
LogInit: Compatible Engine Version: 4.27.0-17155196+++UE4+Release-4.27
LogInit: Net CL: 17155196
LogInit: OS: Windows 10 (Release 2009) (), CPU: Intel(R) Core(TM) i7-9700KF CPU @ 3.60GHz, GPU: NVIDIA GeForce RTX 3080
LogInit: Compiled (64-bit): Nov 30 2021 07:12:08
LogInit: Compiled with Visual C++: 19.24.28315.00
LogInit: Build Configuration: Development
LogInit: Branch Name: ++UE4+Release-4.27
LogInit: Command Line: 
LogInit: Base Directory: D:/UE_4.27/Engine/Binaries/Win64/
LogInit: Allocator: TBB
LogInit: Installed Engine Build: 1
LogDevObjectVersion: Number of dev versions registered: 29
LogDevObjectVersion:   Dev-Blueprints (B0D832E4-1F89-4F0D-ACCF-7EB736FD4AA2): 10
LogDevObjectVersion:   Dev-Build (E1C64328-A22C-4D53-A36C-8E866417BD8C): 0
LogDevObjectVersion:   Dev-Core (375EC13C-06E4-48FB-B500-84F0262A717E): 4
LogDevObjectVersion:   Dev-Editor (E4B068ED-F494-42E9-A231-DA0B2E46BB41): 40
LogDevObjectVersion:   Dev-Framework (CFFC743F-43B0-4480-9391-14DF171D2073): 37
LogDevObjectVersion:   Dev-Mobile (B02B49B5-BB20-44E9-A304-32B752E40360): 3
LogDevObjectVersion:   Dev-Networking (A4E4105C-59A1-49B5-A7C5-40C4547EDFEE): 0
LogDevObjectVersion:   Dev-Online (39C831C9-5AE6-47DC-9A44-9C173E1C8E7C): 0
LogDevObjectVersion:   Dev-Physics (78F01B33-EBEA-4F98-B9B4-84EACCB95AA2): 14
LogDevObjectVersion:   Dev-Platform (6631380F-2D4D-43E0-8009-CF276956A95A): 0
LogDevObjectVersion:   Dev-Rendering (12F88B9F-8875-4AFC-A67C-D90C383ABD29): 45
LogDevObjectVersion:   Dev-Sequencer (7B5AE74C-D270-4C10-A958-57980B212A5A): 13
LogDevObjectVersion:   Dev-VR (D7296918-1DD6-4BDD-9DE2-64A83CC13884): 3
LogDevObjectVersion:   Dev-LoadTimes (C2A15278-BFE7-4AFE-6C17-90FF531DF755): 1
LogDevObjectVersion:   Private-Geometry (6EACA3D4-40EC-4CC1-B786-8BED09428FC5): 3
LogDevObjectVersion:   Dev-AnimPhys (29E575DD-E0A3-4627-9D10-D276232CDCEA): 17
LogDevObjectVersion:   Dev-Anim (AF43A65D-7FD3-4947-9873-3E8ED9C1BB05): 15
LogDevObjectVersion:   Dev-ReflectionCapture (6B266CEC-1EC7-4B8F-A30B-E4D90942FC07): 1
LogDevObjectVersion:   Dev-Automation (0DF73D61-A23F-47EA-B727-89E90C41499A): 1
LogDevObjectVersion:   FortniteMain (601D1886-AC64-4F84-AA16-D3DE0DEAC7D6): 47
LogDevObjectVersion:   FortniteRelease (E7086368-6B23-4C58-8439-1B7016265E91): 1
LogDevObjectVersion:   Dev-Enterprise (9DFFBCD6-494F-0158-E221-12823C92A888): 10
LogDevObjectVersion:   Dev-Niagara (F2AED0AC-9AFE-416F-8664-AA7FFA26D6FC): 1
LogDevObjectVersion:   Dev-Destruction (174F1F0B-B4C6-45A5-B13F-2EE8D0FB917D): 10
LogDevObjectVersion:   Dev-Physics-Ext (35F94A83-E258-406C-A318-09F59610247C): 41
LogDevObjectVersion:   Dev-PhysicsMaterial-Chaos (B68FC16E-8B1B-42E2-B453-215C058844FE): 1
LogDevObjectVersion:   Dev-CineCamera (B2E18506-4273-CFC2-A54E-F4BB758BBA07): 1
LogDevObjectVersion:   Dev-VirtualProduction (64F58936-FD1B-42BA-BA96-7289D5D0FA4E): 1
LogDevObjectVersion:   Dev-MediaFramework (6F0ED827-A609-4895-9C91-998D90180EA4): 2
LogInit: Presizing for max 25165824 objects, including 0 objects not considered by GC, pre-allocating 0 bytes for permanent pool.
LogConfig: Applying CVar settings from Section [/Script/Engine.StreamingSettings] File [C:/Users/matoo/OneDrive/Documents/GitHub/SavePrincess/SavePrincess/Saved/Config/Windows/Engine.ini]
LogConfig: Setting CVar [[s.MinBulkDataSizeForAsyncLoading:131072]]
LogConfig: Setting CVar [[s.AsyncLoadingThreadEnabled:0]]
LogConfig: Setting CVar [[s.EventDrivenLoaderEnabled:1]]
LogConfig: Setting CVar [[s.WarnIfTimeLimitExceeded:0]]
LogConfig: Setting CVar [[s.TimeLimitExceededMultiplier:1.5]]
LogConfig: Setting CVar [[s.TimeLimitExceededMinTime:0.005]]
LogConfig: Setting CVar [[s.UseBackgroundLevelStreaming:1]]
LogConfig: Setting CVar [[s.PriorityAsyncLoadingExtraTime:15.0]]
LogConfig: Setting CVar [[s.LevelStreamingActorsUpdateTimeLimit:5.0]]
LogConfig: Setting CVar [[s.PriorityLevelStreamingActorsUpdateExtraTime:5.0]]
LogConfig: Setting CVar [[s.LevelStreamingComponentsRegistrationGranularity:10]]
LogConfig: Setting CVar [[s.UnregisterComponentsTimeLimit:1.0]]
LogConfig: Setting CVar [[s.LevelStreamingComponentsUnregistrationGranularity:5]]
LogConfig: Setting CVar [[s.FlushStreamingOnExit:1]]
LogInit: Object subsystem initialized
LogConfig: Setting CVar [[con.DebugEarlyDefault:1]]
LogConfig: Setting CVar [[r.setres:1280x720]]
[2022.10.17-04.13.41:159][  0]LogConfig: Setting CVar [[r.VSync:0]]
[2022.10.17-04.13.41:159][  0]LogConfig: Setting CVar [[r.RHICmdBypass:0]]
[2022.10.17-04.13.41:159][  0]LogConfig: Applying CVar settings from Section [/Script/Engine.RendererSettings] File [C:/Users/matoo/OneDrive/Documents/GitHub/SavePrincess/SavePrincess/Saved/Config/Windows/Engine.ini]
[2022.10.17-04.13.41:159][  0]LogConfig: Setting CVar [[r.GPUCrashDebugging:0]]
[2022.10.17-04.13.41:159][  0]LogConfig: Applying CVar settings from Section [/Script/Engine.RendererOverrideSettings] File [C:/Users/matoo/OneDrive/Documents/GitHub/SavePrincess/SavePrincess/Saved/Config/Windows/Engine.ini]
[2022.10.17-04.13.41:159][  0]LogConfig: Applying CVar settings from Section [/Script/Engine.StreamingSettings] File [C:/Users/matoo/OneDrive/Documents/GitHub/SavePrincess/SavePrincess/Saved/Config/Windows/Engine.ini]
[2022.10.17-04.13.41:159][  0]LogConfig: Setting CVar [[s.MinBulkDataSizeForAsyncLoading:131072]]
[2022.10.17-04.13.41:159][  0]LogConfig: Setting CVar [[s.AsyncLoadingThreadEnabled:0]]
[2022.10.17-04.13.41:159][  0]LogConfig: Setting CVar [[s.EventDrivenLoaderEnabled:1]]
[2022.10.17-04.13.41:159][  0]LogConfig: Setting CVar [[s.WarnIfTimeLimitExceeded:0]]
[2022.10.17-04.13.41:159][  0]LogConfig: Setting CVar [[s.TimeLimitExceededMultiplier:1.5]]
[2022.10.17-04.13.41:159][  0]LogConfig: Setting CVar [[s.TimeLimitExceededMinTime:0.005]]
[2022.10.17-04.13.41:159][  0]LogConfig: Setting CVar [[s.UseBackgroundLevelStreaming:1]]
[2022.10.17-04.13.41:159][  0]LogConfig: Setting CVar [[s.PriorityAsyncLoadingExtraTime:15.0]]
[2022.10.17-04.13.41:159][  0]LogConfig: Setting CVar [[s.LevelStreamingActorsUpdateTimeLimit:5.0]]
[2022.10.17-04.13.41:159][  0]LogConfig: Setting CVar [[s.PriorityLevelStreamingActorsUpdateExtraTime:5.0]]
[2022.10.17-04.13.41:159][  0]LogConfig: Setting CVar [[s.LevelStreamingComponentsRegistrationGranularity:10]]
[2022.10.17-04.13.41:159][  0]LogConfig: Setting CVar [[s.UnregisterComponentsTimeLimit:1.0]]
[2022.10.17-04.13.41:159][  0]LogConfig: Setting CVar [[s.LevelStreamingComponentsUnregistrationGranularity:5]]
[2022.10.17-04.13.41:159][  0]LogConfig: Setting CVar [[s.FlushStreamingOnExit:1]]
[2022.10.17-04.13.41:159][  0]LogConfig: Applying CVar settings from Section [/Script/Engine.GarbageCollectionSettings] File [C:/Users/matoo/OneDrive/Documents/GitHub/SavePrincess/SavePrincess/Saved/Config/Windows/Engine.ini]
[2022.10.17-04.13.41:159][  0]LogConfig: Setting CVar [[gc.MaxObjectsNotConsideredByGC:1]]
[2022.10.17-04.13.41:159][  0]LogConfig: Setting CVar [[gc.SizeOfPermanentObjectPool:0]]
[2022.10.17-04.13.41:159][  0]LogConfig: Setting CVar [[gc.FlushStreamingOnGC:0]]
[2022.10.17-04.13.41:159][  0]LogConfig: Setting CVar [[gc.NumRetriesBeforeForcingGC:10]]
[2022.10.17-04.13.41:159][  0]LogConfig: Setting CVar [[gc.AllowParallelGC:1]]
[2022.10.17-04.13.41:159][  0]LogConfig: Setting CVar [[gc.TimeBetweenPurgingPendingKillObjects:61.1]]
[2022.10.17-04.13.41:159][  0]LogConfig: Setting CVar [[gc.MaxObjectsInEditor:25165824]]
[2022.10.17-04.13.41:159][  0]LogConfig: Setting CVar [[gc.IncrementalBeginDestroyEnabled:1]]
[2022.10.17-04.13.41:159][  0]LogConfig: Setting CVar [[gc.CreateGCClusters:1]]
[2022.10.17-04.13.41:159][  0]LogConfig: Setting CVar [[gc.MinGCClusterSize:5]]
[2022.10.17-04.13.41:159][  0]LogConfig: Setting CVar [[gc.ActorClusteringEnabled:0]]
[2022.10.17-04.13.41:159][  0]LogConfig: Setting CVar [[gc.BlueprintClusteringEnabled:0]]
[2022.10.17-04.13.41:159][  0]LogConfig: Setting CVar [[gc.UseDisregardForGCOnDedicatedServers:0]]
[2022.10.17-04.13.41:159][  0]LogConfig: Setting CVar [[gc.MultithreadedDestructionEnabled:1]]
[2022.10.17-04.13.41:159][  0]LogConfig: Applying CVar settings from Section [/Script/Engine.NetworkSettings] File [C:/Users/matoo/OneDrive/Documents/GitHub/SavePrincess/SavePrincess/Saved/Config/Windows/Engine.ini]
[2022.10.17-04.13.41:159][  0]LogConfig: Applying CVar settings from Section [/Script/UnrealEd.CookerSettings] File [C:/Users/matoo/OneDrive/Documents/GitHub/SavePrincess/SavePrincess/Saved/Config/Windows/Engine.ini]
[2022.10.17-04.13.41:175][  0]LogConfig: Applying CVar settings from Section [ViewDistanceQuality@3] File [C:/Users/matoo/OneDrive/Documents/GitHub/SavePrincess/SavePrincess/Saved/Config/Windows/Scalability.ini]
[2022.10.17-04.13.41:175][  0]LogConfig: Setting CVar [[r.SkeletalMeshLODBias:0]]
[2022.10.17-04.13.41:175][  0]LogConfig: Setting CVar [[r.ViewDistanceScale:1.0]]
[2022.10.17-04.13.41:175][  0]LogConfig: Applying CVar settings from Section [AntiAliasingQuality@3] File [C:/Users/matoo/OneDrive/Documents/GitHub/SavePrincess/SavePrincess/Saved/Config/Windows/Scalability.ini]
[2022.10.17-04.13.41:175][  0]LogConfig: Setting CVar [[r.PostProcessAAQuality:4]]
[2022.10.17-04.13.41:175][  0]LogConfig: Applying CVar settings from Section [ShadowQuality@3] File [C:/Users/matoo/OneDrive/Documents/GitHub/SavePrincess/SavePrincess/Saved/Config/Windows/Scalability.ini]
[2022.10.17-04.13.41:175][  0]LogConfig: Setting CVar [[r.LightFunctionQuality:1]]
[2022.10.17-04.13.41:175][  0]LogConfig: Setting CVar [[r.ShadowQuality:5]]
[2022.10.17-04.13.41:175][  0]LogConfig: Setting CVar [[r.Shadow.CSM.MaxCascades:10]]
[2022.10.17-04.13.41:175][  0]LogConfig: Setting CVar [[r.Shadow.MaxResolution:2048]]
[2022.10.17-04.13.41:175][  0]LogConfig: Setting CVar [[r.Shadow.MaxCSMResolution:2048]]
[2022.10.17-04.13.41:175][  0]LogConfig: Setting CVar [[r.Shadow.RadiusThreshold:0.01]]
[2022.10.17-04.13.41:175][  0]LogConfig: Setting CVar [[r.Shadow.DistanceScale:1.0]]
[2022.10.17-04.13.41:175][  0]LogConfig: Setting CVar [[r.Shadow.CSM.TransitionScale:1.0]]
[2022.10.17-04.13.41:175][  0]LogConfig: Setting CVar [[r.Shadow.PreShadowResolutionFactor:1.0]]
[2022.10.17-04.13.41:175][  0]LogConfig: Setting CVar [[r.DistanceFieldShadowing:1]]
[2022.10.17-04.13.41:175][  0]LogConfig: Setting CVar [[r.DistanceFieldAO:1]]
[2022.10.17-04.13.41:175][  0]LogConfig: Setting CVar [[r.AOQuality:2]]
[2022.10.17-04.13.41:175][  0]LogConfig: Setting CVar [[r.VolumetricFog:1]]
[2022.10.17-04.13.41:175][  0]LogConfig: Setting CVar [[r.VolumetricFog.GridPixelSize:8]]
[2022.10.17-04.13.41:175][  0]LogConfig: Setting CVar [[r.VolumetricFog.GridSizeZ:128]]
[2022.10.17-04.13.41:175][  0]LogConfig: Setting CVar [[r.VolumetricFog.HistoryMissSupersampleCount:4]]
[2022.10.17-04.13.41:175][  0]LogConfig: Setting CVar [[r.LightMaxDrawDistanceScale:1]]
[2022.10.17-04.13.41:175][  0]LogConfig: Setting CVar [[r.CapsuleShadows:1]]
[2022.10.17-04.13.41:175][  0]LogConfig: Applying CVar settings from Section [PostProcessQuality@3] File [C:/Users/matoo/OneDrive/Documents/GitHub/SavePrincess/SavePrincess/Saved/Config/Windows/Scalability.ini]
[2022.10.17-04.13.41:175][  0]LogConfig: Setting CVar [[r.MotionBlurQuality:4]]
[2022.10.17-04.13.41:175][  0]LogConfig: Setting CVar [[r.AmbientOcclusionMipLevelFactor:0.4]]
[2022.10.17-04.13.41:175][  0]LogConfig: Setting CVar [[r.AmbientOcclusionMaxQuality:100]]
[2022.10.17-04.13.41:175][  0]LogConfig: Setting CVar [[r.AmbientOcclusionLevels:-1]]
[2022.10.17-04.13.41:175][  0]LogConfig: Setting CVar [[r.AmbientOcclusionRadiusScale:1.0]]
[2022.10.17-04.13.41:175][  0]LogConfig: Setting CVar [[r.DepthOfFieldQuality:2]]
[2022.10.17-04.13.41:175][  0]LogConfig: Setting CVar [[r.RenderTargetPoolMin:400]]
[2022.10.17-04.13.41:175][  0]LogConfig: Setting CVar [[r.LensFlareQuality:2]]
[2022.10.17-04.13.41:175][  0]LogConfig: Setting CVar [[r.SceneColorFringeQuality:1]]
[2022.10.17-04.13.41:175][  0]LogConfig: Setting CVar [[r.EyeAdaptationQuality:2]]
[2022.10.17-04.13.41:176][  0]LogConfig: Setting CVar [[r.BloomQuality:5]]
[2022.10.17-04.13.41:176][  0]LogConfig: Setting CVar [[r.FastBlurThreshold:100]]
[2022.10.17-04.13.41:176][  0]LogConfig: Setting CVar [[r.Upscale.Quality:3]]
[2022.10.17-04.13.41:176][  0]LogConfig: Setting CVar [[r.Tonemapper.GrainQuantization:1]]
[2022.10.17-04.13.41:176][  0]LogConfig: Setting CVar [[r.LightShaftQuality:1]]
[2022.10.17-04.13.41:176][  0]LogConfig: Setting CVar [[r.Filter.SizeScale:1]]
[2022.10.17-04.13.41:176][  0]LogConfig: Setting CVar [[r.Tonemapper.Quality:5]]
[2022.10.17-04.13.41:176][  0]LogConfig: Setting CVar [[r.DOF.Gather.AccumulatorQuality:1        ; higher gathering accumulator quality]]
[2022.10.17-04.13.41:176][  0]LogConfig: Setting CVar [[r.DOF.Gather.PostfilterMethod:1          ; Median3x3 postfilering method]]
[2022.10.17-04.13.41:176][  0]LogConfig: Setting CVar [[r.DOF.Gather.EnableBokehSettings:0       ; no bokeh simulation when gathering]]
[2022.10.17-04.13.41:176][  0]LogConfig: Setting CVar [[r.DOF.Gather.RingCount:4                 ; medium number of samples when gathering]]
[2022.10.17-04.13.41:176][  0]LogConfig: Setting CVar [[r.DOF.Scatter.ForegroundCompositing:1    ; additive foreground scattering]]
[2022.10.17-04.13.41:176][  0]LogConfig: Setting CVar [[r.DOF.Scatter.BackgroundCompositing:2    ; additive background scattering]]
[2022.10.17-04.13.41:176][  0]LogConfig: Setting CVar [[r.DOF.Scatter.EnableBokehSettings:1      ; bokeh simulation when scattering]]
[2022.10.17-04.13.41:176][  0]LogConfig: Setting CVar [[r.DOF.Scatter.MaxSpriteRatio:0.1         ; only a maximum of 10% of scattered bokeh]]
[2022.10.17-04.13.41:176][  0]LogConfig: Setting CVar [[r.DOF.Recombine.Quality:1                ; cheap slight out of focus]]
[2022.10.17-04.13.41:176][  0]LogConfig: Setting CVar [[r.DOF.Recombine.EnableBokehSettings:0    ; no bokeh simulation on slight out of focus]]
[2022.10.17-04.13.41:176][  0]LogConfig: Setting CVar [[r.DOF.TemporalAAQuality:1                ; more stable temporal accumulation]]
[2022.10.17-04.13.41:176][  0]LogConfig: Setting CVar [[r.DOF.Kernel.MaxForegroundRadius:0.025]]
[2022.10.17-04.13.41:176][  0]LogConfig: Setting CVar [[r.DOF.Kernel.MaxBackgroundRadius:0.025]]
[2022.10.17-04.13.41:176][  0]LogConfig: Applying CVar settings from Section [TextureQuality@3] File [C:/Users/matoo/OneDrive/Documents/GitHub/SavePrincess/SavePrincess/Saved/Config/Windows/Scalability.ini]
[2022.10.17-04.13.41:176][  0]LogConfig: Setting CVar [[r.Streaming.MipBias:0]]
[2022.10.17-04.13.41:176][  0]LogConfig: Setting CVar [[r.Streaming.AmortizeCPUToGPUCopy:0]]
[2022.10.17-04.13.41:176][  0]LogConfig: Setting CVar [[r.Streaming.MaxNumTexturesToStreamPerFrame:0]]
[2022.10.17-04.13.41:176][  0]LogConfig: Setting CVar [[r.Streaming.Boost:1]]
[2022.10.17-04.13.41:176][  0]LogConfig: Setting CVar [[r.MaxAnisotropy:8]]
[2022.10.17-04.13.41:176][  0]LogConfig: Setting CVar [[r.VT.MaxAnisotropy:8]]
[2022.10.17-04.13.41:176][  0]LogConfig: Setting CVar [[r.Streaming.LimitPoolSizeToVRAM:0]]
[2022.10.17-04.13.41:176][  0]LogConfig: Setting CVar [[r.Streaming.PoolSize:1000]]
[2022.10.17-04.13.41:176][  0]LogConfig: Setting CVar [[r.Streaming.MaxEffectiveScreenSize:0]]
[2022.10.17-04.13.41:176][  0]LogConfig: Applying CVar settings from Section [EffectsQuality@3] File [C:/Users/matoo/OneDrive/Documents/GitHub/SavePrincess/SavePrincess/Saved/Config/Windows/Scalability.ini]
[2022.10.17-04.13.41:176][  0]LogConfig: Setting CVar [[r.TranslucencyLightingVolumeDim:64]]
[2022.10.17-04.13.41:176][  0]LogConfig: Setting CVar [[r.RefractionQuality:2]]
[2022.10.17-04.13.41:176][  0]LogConfig: Setting CVar [[r.SSR.Quality:3]]
[2022.10.17-04.13.41:176][  0]LogConfig: Setting CVar [[r.SSR.HalfResSceneColor:0]]
[2022.10.17-04.13.41:176][  0]LogConfig: Setting CVar [[r.SceneColorFormat:4]]
[2022.10.17-04.13.41:176][  0]LogConfig: Setting CVar [[r.DetailMode:2]]
[2022.10.17-04.13.41:176][  0]LogConfig: Setting CVar [[r.TranslucencyVolumeBlur:1]]
[2022.10.17-04.13.41:176][  0]LogConfig: Setting CVar [[r.MaterialQualityLevel:1 ; High quality]]
[2022.10.17-04.13.41:176][  0]LogConfig: Setting CVar [[r.AnisotropicMaterials:1]]
[2022.10.17-04.13.41:176][  0]LogConfig: Setting CVar [[r.SSS.Scale:1]]
[2022.10.17-04.13.41:176][  0]LogConfig: Setting CVar [[r.SSS.SampleSet:2]]
[2022.10.17-04.13.41:176][  0]LogConfig: Setting CVar [[r.SSS.Quality:1]]
[2022.10.17-04.13.41:176][  0]LogConfig: Setting CVar [[r.SSS.HalfRes:0]]
[2022.10.17-04.13.41:176][  0]LogConfig: Setting CVar [[r.SSGI.Quality:3]]
[2022.10.17-04.13.41:176][  0]LogConfig: Setting CVar [[r.EmitterSpawnRateScale:1.0]]
[2022.10.17-04.13.41:176][  0]LogConfig: Setting CVar [[r.ParticleLightQuality:2]]
[2022.10.17-04.13.41:176][  0]LogConfig: Setting CVar [[r.SkyAtmosphere.AerialPerspectiveLUT.FastApplyOnOpaque:1 ; Always have FastSkyLUT 1 in this case to avoid wrong sky]]
[2022.10.17-04.13.41:176][  0]LogConfig: Setting CVar [[r.SkyAtmosphere.AerialPerspectiveLUT.SampleCountMaxPerSlice:4]]
[2022.10.17-04.13.41:176][  0]LogConfig: Setting CVar [[r.SkyAtmosphere.AerialPerspectiveLUT.DepthResolution:16.0]]
[2022.10.17-04.13.41:176][  0]LogConfig: Setting CVar [[r.SkyAtmosphere.FastSkyLUT:1]]
[2022.10.17-04.13.41:176][  0]LogConfig: Setting CVar [[r.SkyAtmosphere.FastSkyLUT.SampleCountMin:4.0]]
[2022.10.17-04.13.41:176][  0]LogConfig: Setting CVar [[r.SkyAtmosphere.FastSkyLUT.SampleCountMax:128.0]]
[2022.10.17-04.13.41:176][  0]LogConfig: Setting CVar [[r.SkyAtmosphere.SampleCountMin:4.0]]
[2022.10.17-04.13.41:176][  0]LogConfig: Setting CVar [[r.SkyAtmosphere.SampleCountMax:128.0]]
[2022.10.17-04.13.41:176][  0]LogConfig: Setting CVar [[r.SkyAtmosphere.TransmittanceLUT.UseSmallFormat:0]]
[2022.10.17-04.13.41:176][  0]LogConfig: Setting CVar [[r.SkyAtmosphere.TransmittanceLUT.SampleCount:10.0]]
[2022.10.17-04.13.41:176][  0]LogConfig: Setting CVar [[r.SkyAtmosphere.MultiScatteringLUT.SampleCount:15.0]]
[2022.10.17-04.13.41:176][  0]LogConfig: Setting CVar [[r.SkyLight.RealTimeReflectionCapture:1]]
[2022.10.17-04.13.41:176][  0]LogConfig: Applying CVar settings from Section [FoliageQuality@3] File [C:/Users/matoo/OneDrive/Documents/GitHub/SavePrincess/SavePrincess/Saved/Config/Windows/Scalability.ini]
[2022.10.17-04.13.41:176][  0]LogConfig: Setting CVar [[foliage.DensityScale:1.0]]
[2022.10.17-04.13.41:176][  0]LogConfig: Setting CVar [[grass.DensityScale:1.0]]
[2022.10.17-04.13.41:176][  0]LogConfig: Applying CVar settings from Section [ShadingQuality@3] File [C:/Users/matoo/OneDrive/Documents/GitHub/SavePrincess/SavePrincess/Saved/Config/Windows/Scalability.ini]
[2022.10.17-04.13.41:176][  0]LogConfig: Setting CVar [[r.HairStrands.SkyLighting.IntegrationType:2]]
[2022.10.17-04.13.41:176][  0]LogConfig: Setting CVar [[r.HairStrands.SkyAO.SampleCount:4]]
[2022.10.17-04.13.41:176][  0]LogConfig: Setting CVar [[r.HairStrands.Visibility.MSAA.SamplePerPixel:4]]
[2022.10.17-04.13.41:176][  0]LogInit: Selected Device Profile: [Windows]
[2022.10.17-04.13.41:176][  0]LogInit: Applying CVar settings loaded from the selected device profile: [Windows]
[2022.10.17-04.13.41:176][  0]LogHAL: Display: Platform has ~ 32 GB [34271191040 / 34359738368 / 32], which maps to Largest [LargestMinGB=32, LargerMinGB=12, DefaultMinGB=8, SmallerMinGB=6, SmallestMinGB=0)
[2022.10.17-04.13.41:176][  0]LogInit: Going up to parent DeviceProfile []
[2022.10.17-04.13.41:176][  0]LogConfig: Applying CVar settings from Section [ViewDistanceQuality@3] File [C:/Users/matoo/OneDrive/Documents/GitHub/SavePrincess/SavePrincess/Saved/Config/Windows/Scalability.ini]
[2022.10.17-04.13.41:176][  0]LogConfig: Setting CVar [[r.SkeletalMeshLODBias:0]]
[2022.10.17-04.13.41:176][  0]LogConfig: Setting CVar [[r.ViewDistanceScale:1.0]]
[2022.10.17-04.13.41:176][  0]LogConfig: Applying CVar settings from Section [AntiAliasingQuality@3] File [C:/Users/matoo/OneDrive/Documents/GitHub/SavePrincess/SavePrincess/Saved/Config/Windows/Scalability.ini]
[2022.10.17-04.13.41:176][  0]LogConfig: Setting CVar [[r.PostProcessAAQuality:4]]
[2022.10.17-04.13.41:176][  0]LogConfig: Applying CVar settings from Section [ShadowQuality@3] File [C:/Users/matoo/OneDrive/Documents/GitHub/SavePrincess/SavePrincess/Saved/Config/Windows/Scalability.ini]
[2022.10.17-04.13.41:176][  0]LogConfig: Setting CVar [[r.LightFunctionQuality:1]]
[2022.10.17-04.13.41:176][  0]LogConfig: Setting CVar [[r.ShadowQuality:5]]
[2022.10.17-04.13.41:176][  0]LogConfig: Setting CVar [[r.Shadow.CSM.MaxCascades:10]]
[2022.10.17-04.13.41:176][  0]LogConfig: Setting CVar [[r.Shadow.MaxResolution:2048]]
[2022.10.17-04.13.41:176][  0]LogConfig: Setting CVar [[r.Shadow.MaxCSMResolution:2048]]
[2022.10.17-04.13.41:176][  0]LogConfig: Setting CVar [[r.Shadow.RadiusThreshold:0.01]]
[2022.10.17-04.13.41:176][  0]LogConfig: Setting CVar [[r.Shadow.DistanceScale:1.0]]
[2022.10.17-04.13.41:176][  0]LogConfig: Setting CVar [[r.Shadow.CSM.TransitionScale:1.0]]
[2022.10.17-04.13.41:176][  0]LogConfig: Setting CVar [[r.Shadow.PreShadowResolutionFactor:1.0]]
[2022.10.17-04.13.41:176][  0]LogConfig: Setting CVar [[r.DistanceFieldShadowing:1]]
[2022.10.17-04.13.41:176][  0]LogConfig: Setting CVar [[r.DistanceFieldAO:1]]
[2022.10.17-04.13.41:176][  0]LogConfig: Setting CVar [[r.AOQuality:2]]
[2022.10.17-04.13.41:176][  0]LogConfig: Setting CVar [[r.VolumetricFog:1]]
[2022.10.17-04.13.41:176][  0]LogConfig: Setting CVar [[r.VolumetricFog.GridPixelSize:8]]
[2022.10.17-04.13.41:176][  0]LogConfig: Setting CVar [[r.VolumetricFog.GridSizeZ:128]]
[2022.10.17-04.13.41:176][  0]LogConfig: Setting CVar [[r.VolumetricFog.HistoryMissSupersampleCount:4]]
[2022.10.17-04.13.41:176][  0]LogConfig: Setting CVar [[r.LightMaxDrawDistanceScale:1]]
[2022.10.17-04.13.41:176][  0]LogConfig: Setting CVar [[r.CapsuleShadows:1]]
[2022.10.17-04.13.41:176][  0]LogConfig: Applying CVar settings from Section [PostProcessQuality@3] File [C:/Users/matoo/OneDrive/Documents/GitHub/SavePrincess/SavePrincess/Saved/Config/Windows/Scalability.ini]
[2022.10.17-04.13.41:176][  0]LogConfig: Setting CVar [[r.MotionBlurQuality:4]]
[2022.10.17-04.13.41:176][  0]LogConfig: Setting CVar [[r.AmbientOcclusionMipLevelFactor:0.4]]
[2022.10.17-04.13.41:176][  0]LogConfig: Setting CVar [[r.AmbientOcclusionMaxQuality:100]]
[2022.10.17-04.13.41:176][  0]LogConfig: Setting CVar [[r.AmbientOcclusionLevels:-1]]
[2022.10.17-04.13.41:176][  0]LogConfig: Setting CVar [[r.AmbientOcclusionRadiusScale:1.0]]
[2022.10.17-04.13.41:176][  0]LogConfig: Setting CVar [[r.DepthOfFieldQuality:2]]
[2022.10.17-04.13.41:176][  0]LogConfig: Setting CVar [[r.RenderTargetPoolMin:400]]
[2022.10.17-04.13.41:176][  0]LogConfig: Setting CVar [[r.LensFlareQuality:2]]
[2022.10.17-04.13.41:176][  0]LogConfig: Setting CVar [[r.SceneColorFringeQuality:1]]
[2022.10.17-04.13.41:176][  0]LogConfig: Setting CVar [[r.EyeAdaptationQuality:2]]
[2022.10.17-04.13.41:177][  0]LogConfig: Setting CVar [[r.BloomQuality:5]]
[2022.10.17-04.13.41:177][  0]LogConfig: Setting CVar [[r.FastBlurThreshold:100]]
[2022.10.17-04.13.41:177][  0]LogConfig: Setting CVar [[r.Upscale.Quality:3]]
[2022.10.17-04.13.41:177][  0]LogConfig: Setting CVar [[r.Tonemapper.GrainQuantization:1]]
[2022.10.17-04.13.41:177][  0]LogConfig: Setting CVar [[r.LightShaftQuality:1]]
[2022.10.17-04.13.41:177][  0]LogConfig: Setting CVar [[r.Filter.SizeScale:1]]
[2022.10.17-04.13.41:177][  0]LogConfig: Setting CVar [[r.Tonemapper.Quality:5]]
[2022.10.17-04.13.41:177][  0]LogConfig: Setting CVar [[r.DOF.Gather.AccumulatorQuality:1        ; higher gathering accumulator quality]]
[2022.10.17-04.13.41:177][  0]LogConfig: Setting CVar [[r.DOF.Gather.PostfilterMethod:1          ; Median3x3 postfilering method]]
[2022.10.17-04.13.41:177][  0]LogConfig: Setting CVar [[r.DOF.Gather.EnableBokehSettings:0       ; no bokeh simulation when gathering]]
[2022.10.17-04.13.41:177][  0]LogConfig: Setting CVar [[r.DOF.Gather.RingCount:4                 ; medium number of samples when gathering]]
[2022.10.17-04.13.41:177][  0]LogConfig: Setting CVar [[r.DOF.Scatter.ForegroundCompositing:1    ; additive foreground scattering]]
[2022.10.17-04.13.41:177][  0]LogConfig: Setting CVar [[r.DOF.Scatter.BackgroundCompositing:2    ; additive background scattering]]
[2022.10.17-04.13.41:177][  0]LogConfig: Setting CVar [[r.DOF.Scatter.EnableBokehSettings:1      ; bokeh simulation when scattering]]
[2022.10.17-04.13.41:177][  0]LogConfig: Setting CVar [[r.DOF.Scatter.MaxSpriteRatio:0.1         ; only a maximum of 10% of scattered bokeh]]
[2022.10.17-04.13.41:177][  0]LogConfig: Setting CVar [[r.DOF.Recombine.Quality:1                ; cheap slight out of focus]]
[2022.10.17-04.13.41:177][  0]LogConfig: Setting CVar [[r.DOF.Recombine.EnableBokehSettings:0    ; no bokeh simulation on slight out of focus]]
[2022.10.17-04.13.41:177][  0]LogConfig: Setting CVar [[r.DOF.TemporalAAQuality:1                ; more stable temporal accumulation]]
[2022.10.17-04.13.41:177][  0]LogConfig: Setting CVar [[r.DOF.Kernel.MaxForegroundRadius:0.025]]
[2022.10.17-04.13.41:177][  0]LogConfig: Setting CVar [[r.DOF.Kernel.MaxBackgroundRadius:0.025]]
[2022.10.17-04.13.41:177][  0]LogConfig: Applying CVar settings from Section [TextureQuality@3] File [C:/Users/matoo/OneDrive/Documents/GitHub/SavePrincess/SavePrincess/Saved/Config/Windows/Scalability.ini]
[2022.10.17-04.13.41:177][  0]LogConfig: Setting CVar [[r.Streaming.MipBias:0]]
[2022.10.17-04.13.41:177][  0]LogConfig: Setting CVar [[r.Streaming.AmortizeCPUToGPUCopy:0]]
[2022.10.17-04.13.41:177][  0]LogConfig: Setting CVar [[r.Streaming.MaxNumTexturesToStreamPerFrame:0]]
[2022.10.17-04.13.41:177][  0]LogConfig: Setting CVar [[r.Streaming.Boost:1]]
[2022.10.17-04.13.41:177][  0]LogConfig: Setting CVar [[r.MaxAnisotropy:8]]
[2022.10.17-04.13.41:177][  0]LogConfig: Setting CVar [[r.VT.MaxAnisotropy:8]]
[2022.10.17-04.13.41:177][  0]LogConfig: Setting CVar [[r.Streaming.LimitPoolSizeToVRAM:0]]
[2022.10.17-04.13.41:177][  0]LogConfig: Setting CVar [[r.Streaming.PoolSize:1000]]
[2022.10.17-04.13.41:177][  0]LogConfig: Setting CVar [[r.Streaming.MaxEffectiveScreenSize:0]]
[2022.10.17-04.13.41:177][  0]LogConfig: Applying CVar settings from Section [EffectsQuality@3] File [C:/Users/matoo/OneDrive/Documents/GitHub/SavePrincess/SavePrincess/Saved/Config/Windows/Scalability.ini]
[2022.10.17-04.13.41:177][  0]LogConfig: Setting CVar [[r.TranslucencyLightingVolumeDim:64]]
[2022.10.17-04.13.41:177][  0]LogConfig: Setting CVar [[r.RefractionQuality:2]]
[2022.10.17-04.13.41:177][  0]LogConfig: Setting CVar [[r.SSR.Quality:3]]
[2022.10.17-04.13.41:177][  0]LogConfig: Setting CVar [[r.SSR.HalfResSceneColor:0]]
[2022.10.17-04.13.41:177][  0]LogConfig: Setting CVar [[r.SceneColorFormat:4]]
[2022.10.17-04.13.41:177][  0]LogConfig: Setting CVar [[r.DetailMode:2]]
[2022.10.17-04.13.41:177][  0]LogConfig: Setting CVar [[r.TranslucencyVolumeBlur:1]]
[2022.10.17-04.13.41:177][  0]LogConfig: Setting CVar [[r.MaterialQualityLevel:1 ; High quality]]
[2022.10.17-04.13.41:177][  0]LogConfig: Setting CVar [[r.AnisotropicMaterials:1]]
[2022.10.17-04.13.41:177][  0]LogConfig: Setting CVar [[r.SSS.Scale:1]]
[2022.10.17-04.13.41:177][  0]LogConfig: Setting CVar [[r.SSS.SampleSet:2]]
[2022.10.17-04.13.41:177][  0]LogConfig: Setting CVar [[r.SSS.Quality:1]]
[2022.10.17-04.13.41:177][  0]LogConfig: Setting CVar [[r.SSS.HalfRes:0]]
[2022.10.17-04.13.41:177][  0]LogConfig: Setting CVar [[r.SSGI.Quality:3]]
[2022.10.17-04.13.41:177][  0]LogConfig: Setting CVar [[r.EmitterSpawnRateScale:1.0]]
[2022.10.17-04.13.41:177][  0]LogConfig: Setting CVar [[r.ParticleLightQuality:2]]
[2022.10.17-04.13.41:177][  0]LogConfig: Setting CVar [[r.SkyAtmosphere.AerialPerspectiveLUT.FastApplyOnOpaque:1 ; Always have FastSkyLUT 1 in this case to avoid wrong sky]]
[2022.10.17-04.13.41:177][  0]LogConfig: Setting CVar [[r.SkyAtmosphere.AerialPerspectiveLUT.SampleCountMaxPerSlice:4]]
[2022.10.17-04.13.41:177][  0]LogConfig: Setting CVar [[r.SkyAtmosphere.AerialPerspectiveLUT.DepthResolution:16.0]]
[2022.10.17-04.13.41:177][  0]LogConfig: Setting CVar [[r.SkyAtmosphere.FastSkyLUT:1]]
[2022.10.17-04.13.41:177][  0]LogConfig: Setting CVar [[r.SkyAtmosphere.FastSkyLUT.SampleCountMin:4.0]]
[2022.10.17-04.13.41:177][  0]LogConfig: Setting CVar [[r.SkyAtmosphere.FastSkyLUT.SampleCountMax:128.0]]
[2022.10.17-04.13.41:177][  0]LogConfig: Setting CVar [[r.SkyAtmosphere.SampleCountMin:4.0]]
[2022.10.17-04.13.41:177][  0]LogConfig: Setting CVar [[r.SkyAtmosphere.SampleCountMax:128.0]]
[2022.10.17-04.13.41:177][  0]LogConfig: Setting CVar [[r.SkyAtmosphere.TransmittanceLUT.UseSmallFormat:0]]
[2022.10.17-04.13.41:177][  0]LogConfig: Setting CVar [[r.SkyAtmosphere.TransmittanceLUT.SampleCount:10.0]]
[2022.10.17-04.13.41:177][  0]LogConfig: Setting CVar [[r.SkyAtmosphere.MultiScatteringLUT.SampleCount:15.0]]
[2022.10.17-04.13.41:177][  0]LogConfig: Setting CVar [[r.SkyLight.RealTimeReflectionCapture:1]]
[2022.10.17-04.13.41:177][  0]LogConfig: Applying CVar settings from Section [FoliageQuality@3] File [C:/Users/matoo/OneDrive/Documents/GitHub/SavePrincess/SavePrincess/Saved/Config/Windows/Scalability.ini]
[2022.10.17-04.13.41:177][  0]LogConfig: Setting CVar [[foliage.DensityScale:1.0]]
[2022.10.17-04.13.41:177][  0]LogConfig: Setting CVar [[grass.DensityScale:1.0]]
[2022.10.17-04.13.41:177][  0]LogConfig: Applying CVar settings from Section [ShadingQuality@3] File [C:/Users/matoo/OneDrive/Documents/GitHub/SavePrincess/SavePrincess/Saved/Config/Windows/Scalability.ini]
[2022.10.17-04.13.41:177][  0]LogConfig: Setting CVar [[r.HairStrands.SkyLighting.IntegrationType:2]]
[2022.10.17-04.13.41:177][  0]LogConfig: Setting CVar [[r.HairStrands.SkyAO.SampleCount:4]]
[2022.10.17-04.13.41:177][  0]LogConfig: Setting CVar [[r.HairStrands.Visibility.MSAA.SamplePerPixel:4]]
[2022.10.17-04.13.41:177][  0]LogConfig: Applying CVar settings from Section [Startup] File [../../../Engine/Config/ConsoleVariables.ini]
[2022.10.17-04.13.41:177][  0]LogConfig: Setting CVar [[net.UseAdaptiveNetUpdateFrequency:0]]
[2022.10.17-04.13.41:177][  0]LogConfig: Setting CVar [[p.chaos.AllowCreatePhysxBodies:1]]
[2022.10.17-04.13.41:177][  0]LogConfig: Setting CVar [[fx.SkipVectorVMBackendOptimizations:1]]
[2022.10.17-04.13.41:177][  0]LogConfig: Applying CVar settings from Section [ConsoleVariables] File [C:/Users/matoo/OneDrive/Documents/GitHub/SavePrincess/SavePrincess/Saved/Config/Windows/Engine.ini]
[2022.10.17-04.13.41:177][  0]LogConfig: Applying CVar settings from Section [ConsoleVariables] File [C:/Users/matoo/OneDrive/Documents/GitHub/SavePrincess/SavePrincess/Saved/Config/Windows/Editor.ini]
[2022.10.17-04.13.41:177][  0]LogInit: Computer: DESKTOP-R5E1UO9
[2022.10.17-04.13.41:177][  0]LogInit: User: matoo
[2022.10.17-04.13.41:177][  0]LogInit: CPU Page size=4096, Cores=8
[2022.10.17-04.13.41:177][  0]LogInit: High frequency timer resolution =10.000000 MHz
[2022.10.17-04.13.41:177][  0]LogMemory: Memory total: Physical=31.9GB (32GB approx)
[2022.10.17-04.13.41:177][  0]LogMemory: Platform Memory Stats for Windows
[2022.10.17-04.13.41:177][  0]LogMemory: Process Physical Memory: 146.31 MB used, 150.78 MB peak
[2022.10.17-04.13.41:177][  0]LogMemory: Process Virtual Memory: 128.77 MB used, 128.77 MB peak
[2022.10.17-04.13.41:177][  0]LogMemory: Physical Memory: 12316.30 MB used,  20367.25 MB free, 32683.55 MB total
[2022.10.17-04.13.41:177][  0]LogMemory: Virtual Memory: 134200576.00 MB used,  17148.45 MB free, 134217728.00 MB total
[2022.10.17-04.13.41:181][  0]LogWindows: WindowsPlatformFeatures enabled
[2022.10.17-04.13.41:209][  0]LogInit: Physics initialised using underlying interface: PhysX
[2022.10.17-04.13.41:209][  0]LogInit: Using OS detected language (en-US).
[2022.10.17-04.13.41:209][  0]LogInit: Using OS detected locale (en-US).
[2022.10.17-04.13.41:211][  0]LogTextLocalizationManager: No specific localization for 'en-US' exists, so the 'en' localization will be used.
[2022.10.17-04.13.41:353][  0]LogInit: Setting process to per monitor DPI aware
[2022.10.17-04.13.41:362][  0]LogWindowsTextInputMethodSystem: Display: IME system deactivated.
[2022.10.17-04.13.41:373][  0]LogSlate: New Slate User Created.  User Index 0, Is Virtual User: 0
[2022.10.17-04.13.41:373][  0]LogSlate: Slate User Registered.  User Index 0, Is Virtual User: 0
[2022.10.17-04.13.41:454][  0]LogD3D11RHI: Loaded GFSDK_Aftermath_Lib.x64.dll
[2022.10.17-04.13.41:479][  0]LogHMD: Failed to initialize OpenVR with code 126
[2022.10.17-04.13.41:479][  0]LogD3D11RHI: D3D11 min allowed feature level: 11_0
[2022.10.17-04.13.41:479][  0]LogD3D11RHI: D3D11 max allowed feature level: 11_0
[2022.10.17-04.13.41:479][  0]LogD3D11RHI: D3D11 adapters:
[2022.10.17-04.13.41:558][  0]LogD3D11RHI:    0. 'NVIDIA GeForce RTX 3080' (Feature Level 11_0)
[2022.10.17-04.13.41:558][  0]LogD3D11RHI:       10078/0/16341 MB DedicatedVideo/DedicatedSystem/SharedSystem, Outputs:2, VendorId:0x10de
[2022.10.17-04.13.41:559][  0]LogD3D11RHI:    1. 'Microsoft Basic Render Driver' (Feature Level 11_0)
[2022.10.17-04.13.41:560][  0]LogD3D11RHI:       0/0/16341 MB DedicatedVideo/DedicatedSystem/SharedSystem, Outputs:0, VendorId:0x1414
[2022.10.17-04.13.41:560][  0]LogD3D11RHI: Chosen D3D11 Adapter:
[2022.10.17-04.13.41:560][  0]LogD3D11RHI:     Description : NVIDIA GeForce RTX 3080
[2022.10.17-04.13.41:560][  0]LogD3D11RHI:     VendorId    : 10de
[2022.10.17-04.13.41:560][  0]LogD3D11RHI:     DeviceId    : 2216
[2022.10.17-04.13.41:560][  0]LogD3D11RHI:     SubSysId    : 403f1458
[2022.10.17-04.13.41:560][  0]LogD3D11RHI:     Revision    : 00a1
[2022.10.17-04.13.41:560][  0]LogD3D11RHI:     DedicatedVideoMemory : 10567548928 bytes
[2022.10.17-04.13.41:560][  0]LogD3D11RHI:     DedicatedSystemMemory : 0 bytes
[2022.10.17-04.13.41:560][  0]LogD3D11RHI:     SharedSystemMemory : 17135595520 bytes
[2022.10.17-04.13.41:560][  0]LogD3D11RHI:     AdapterLuid : 0 65094
[2022.10.17-04.13.41:564][  0]LogD3D11RHI: Creating new Direct3DDevice
[2022.10.17-04.13.41:564][  0]LogD3D11RHI:     GPU DeviceId: 0x2216 (for the marketing name, search the web for "GPU Device Id")
[2022.10.17-04.13.41:564][  0]LogWindows: EnumDisplayDevices:
[2022.10.17-04.13.41:565][  0]LogWindows:    0. 'NVIDIA GeForce RTX 3080' (P:1 D:1)
[2022.10.17-04.13.41:565][  0]LogWindows:    1. 'NVIDIA GeForce RTX 3080' (P:0 D:1)
[2022.10.17-04.13.41:565][  0]LogWindows:    2. 'NVIDIA GeForce RTX 3080' (P:0 D:0)
[2022.10.17-04.13.41:565][  0]LogWindows:    3. 'NVIDIA GeForce RTX 3080' (P:0 D:0)
[2022.10.17-04.13.41:565][  0]LogWindows: DebugString: FoundDriverCount:4 
[2022.10.17-04.13.41:565][  0]LogD3D11RHI:     Adapter Name: NVIDIA GeForce RTX 3080
[2022.10.17-04.13.41:565][  0]LogD3D11RHI:   Driver Version: 516.59 (internal:31.0.15.1659, unified:516.59)
[2022.10.17-04.13.41:565][  0]LogD3D11RHI:      Driver Date: 6-23-2022
[2022.10.17-04.13.41:565][  0]LogRHI: Texture pool is 7054 MB (70% of 10078 MB)
[2022.10.17-04.13.41:565][  0]LogD3D11RHI: Creating D3DDevice using adapter:
[2022.10.17-04.13.41:565][  0]LogD3D11RHI:     Description : NVIDIA GeForce RTX 3080
[2022.10.17-04.13.41:565][  0]LogD3D11RHI:     VendorId    : 10de
[2022.10.17-04.13.41:565][  0]LogD3D11RHI:     DeviceId    : 2216
[2022.10.17-04.13.41:565][  0]LogD3D11RHI:     SubSysId    : 403f1458
[2022.10.17-04.13.41:565][  0]LogD3D11RHI:     Revision    : 00a1
[2022.10.17-04.13.41:565][  0]LogD3D11RHI:     DedicatedVideoMemory : 10567548928 bytes
[2022.10.17-04.13.41:565][  0]LogD3D11RHI:     DedicatedSystemMemory : 0 bytes
[2022.10.17-04.13.41:565][  0]LogD3D11RHI:     SharedSystemMemory : 17135595520 bytes
[2022.10.17-04.13.41:565][  0]LogD3D11RHI:     AdapterLuid : 0 65094
[2022.10.17-04.13.41:616][  0]LogD3D11RHI: RHI has support for 64 bit atomics
[2022.10.17-04.13.41:617][  0]LogD3D11RHI: Async texture creation enabled
[2022.10.17-04.13.41:617][  0]LogD3D11RHI: Array index from any shader is supported
[2022.10.17-04.13.41:617][  0]LogD3D11RHI: HDR output is supported on display 0 (NvId: 0x80061080).
[2022.10.17-04.13.41:641][  0]LogD3D11RHI: GPU Timing Frequency: 1000.000000 (Debug: 2 2)
[2022.10.17-04.13.41:661][  0]LogRHI: GeForceNow SDK initialized: 1
[2022.10.17-04.13.41:887][  0]LogTargetPlatformManager: Display: Loaded TargetPlatform 'AllDesktop'
[2022.10.17-04.13.41:902][  0]LogTargetPlatformManager: Display: Loaded TargetPlatform 'Android'
[2022.10.17-04.13.41:902][  0]LogTargetPlatformManager: Display: Loaded TargetPlatform 'Android_ASTC'
[2022.10.17-04.13.41:903][  0]LogTargetPlatformManager: Display: Loaded TargetPlatform 'Android_DXT'
[2022.10.17-04.13.41:903][  0]LogTargetPlatformManager: Display: Loaded TargetPlatform 'Android_ETC2'
[2022.10.17-04.13.41:903][  0]LogTargetPlatformManager: Display: Loaded TargetPlatform 'AndroidClient'
[2022.10.17-04.13.41:903][  0]LogTargetPlatformManager: Display: Loaded TargetPlatform 'Android_ASTCClient'
[2022.10.17-04.13.41:903][  0]LogTargetPlatformManager: Display: Loaded TargetPlatform 'Android_DXTClient'
[2022.10.17-04.13.41:903][  0]LogTargetPlatformManager: Display: Loaded TargetPlatform 'Android_ETC2Client'
[2022.10.17-04.13.41:903][  0]LogTargetPlatformManager: Display: Loaded TargetPlatform 'Android_Multi'
[2022.10.17-04.13.41:903][  0]LogTargetPlatformManager: Display: Loaded TargetPlatform 'Android_MultiClient'
[2022.10.17-04.13.41:915][  0]LogTargetPlatformManager: Display: Loaded TargetPlatform 'IOSClient'
[2022.10.17-04.13.41:915][  0]LogTargetPlatformManager: Display: Loaded TargetPlatform 'IOS'
[2022.10.17-04.13.41:921][  0]LogTargetPlatformManager: Display: Loaded TargetPlatform 'Linux'
[2022.10.17-04.13.41:925][  0]LogTargetPlatformManager: Display: Loaded TargetPlatform 'LinuxNoEditor'
[2022.10.17-04.13.41:928][  0]LogTargetPlatformManager: Display: Loaded TargetPlatform 'LinuxClient'
[2022.10.17-04.13.41:931][  0]LogTargetPlatformManager: Display: Loaded TargetPlatform 'LinuxServer'
[2022.10.17-04.13.41:938][  0]LogTargetPlatformManager: Display: Loaded TargetPlatform 'LinuxAArch64NoEditor'
[2022.10.17-04.13.41:941][  0]LogTargetPlatformManager: Display: Loaded TargetPlatform 'LinuxAArch64Client'
[2022.10.17-04.13.41:944][  0]LogTargetPlatformManager: Display: Loaded TargetPlatform 'LinuxAArch64Server'
[2022.10.17-04.13.41:962][  0]LogTargetPlatformManager: Display: Loaded TargetPlatform 'Lumin'
[2022.10.17-04.13.41:962][  0]LogTargetPlatformManager: Display: Loaded TargetPlatform 'LuminClient'
[2022.10.17-04.13.41:968][  0]LogTargetPlatformManager: Display: Loaded TargetPlatform 'MacNoEditor'
[2022.10.17-04.13.41:971][  0]LogTargetPlatformManager: Display: Loaded TargetPlatform 'Mac'
[2022.10.17-04.13.41:974][  0]LogTargetPlatformManager: Display: Loaded TargetPlatform 'MacClient'
[2022.10.17-04.13.41:977][  0]LogTargetPlatformManager: Display: Loaded TargetPlatform 'MacServer'
[2022.10.17-04.13.41:984][  0]LogTargetPlatformManager: Display: Loaded TargetPlatform 'TVOSClient'
[2022.10.17-04.13.41:984][  0]LogTargetPlatformManager: Display: Loaded TargetPlatform 'TVOS'
[2022.10.17-04.13.41:990][  0]LogTargetPlatformManager: Display: Loaded TargetPlatform 'WindowsNoEditor'
[2022.10.17-04.13.41:993][  0]LogTargetPlatformManager: Display: Loaded TargetPlatform 'Windows'
[2022.10.17-04.13.41:996][  0]LogTargetPlatformManager: Display: Loaded TargetPlatform 'WindowsClient'
[2022.10.17-04.13.41:999][  0]LogTargetPlatformManager: Display: Loaded TargetPlatform 'WindowsServer'
[2022.10.17-04.13.41:999][  0]LogTargetPlatformManager: Display: Building Assets For Windows
[2022.10.17-04.13.42:005][  0]LogAudioDebug: Display: Lib vorbis DLL was dynamically loaded.
[2022.10.17-04.13.42:023][  0]LogTextureFormatOodle: Display: Oodle Texture 2.9.0 init RDO Off
[2022.10.17-04.13.42:044][  0]LogRendererCore: Ray tracing is disabled. Reason: r.RayTracing=0.
[2022.10.17-04.13.42:044][  0]LogShaderCompilers: Guid format shader working directory is -21 characters bigger than the processId version (C:/Users/matoo/OneDrive/Documents/GitHub/SavePrincess/SavePrincess/Intermediate/Shaders/WorkingDirectory/26676/).
[2022.10.17-04.13.42:044][  0]LogShaderCompilers: Cleaned the shader compiler working directory 'C:/Users/matoo/AppData/Local/Temp/UnrealShaderWorkingDir/52D0E9114E17CD7CF3F6158E1F02ED11/'.
[2022.10.17-04.13.42:044][  0]LogXGEController: Cannot use XGE Controller as Incredibuild is not installed on this machine.
[2022.10.17-04.13.42:044][  0]LogShaderCompilers: Cannot use XGE Shader Compiler as Incredibuild is not installed on this machine.
[2022.10.17-04.13.42:044][  0]LogShaderCompilers: Display: Using Local Shader Compiler.
[2022.10.17-04.13.42:654][  0]LogDerivedDataCache: Display: Max Cache Size: 512 MB
[2022.10.17-04.13.42:697][  0]LogDerivedDataCache: Loaded boot cache 0.04s 94MB C:/Users/matoo/AppData/Local/UnrealEngine/4.27/DerivedDataCache/Boot.ddc.
[2022.10.17-04.13.42:697][  0]LogDerivedDataCache: Display: Loaded Boot cache: C:/Users/matoo/AppData/Local/UnrealEngine/4.27/DerivedDataCache/Boot.ddc
[2022.10.17-04.13.42:697][  0]LogDerivedDataCache: FDerivedDataBackendGraph:  Pak pak cache file C:/Users/matoo/OneDrive/Documents/GitHub/SavePrincess/SavePrincess/DerivedDataCache/DDC.ddp not found, will not use a pak cache.
[2022.10.17-04.13.42:697][  0]LogDerivedDataCache: Unable to find inner node Pak for hierarchical cache Hierarchy.
[2022.10.17-04.13.42:697][  0]LogDerivedDataCache: FDerivedDataBackendGraph:  CompressedPak pak cache file C:/Users/matoo/OneDrive/Documents/GitHub/SavePrincess/SavePrincess/DerivedDataCache/Compressed.ddp not found, will not use a pak cache.
[2022.10.17-04.13.42:697][  0]LogDerivedDataCache: Unable to find inner node CompressedPak for hierarchical cache Hierarchy.
[2022.10.17-04.13.42:710][  0]LogDerivedDataCache: Display: Pak cache opened for reading ../../../Engine/DerivedDataCache/Compressed.ddp.
[2022.10.17-04.13.42:710][  0]LogDerivedDataCache: FDerivedDataBackendGraph:  EnterprisePak pak cache file ../../../Enterprise/DerivedDataCache/Compressed.ddp not found, will not use a pak cache.
[2022.10.17-04.13.42:710][  0]LogDerivedDataCache: Unable to find inner node EnterprisePak for hierarchical cache Hierarchy.
[2022.10.17-04.13.42:714][  0]LogDerivedDataCache: Speed tests for C:/Users/matoo/AppData/Local/UnrealEngine/Common/DerivedDataCache took 0.00 seconds
[2022.10.17-04.13.42:714][  0]LogDerivedDataCache: Display: Performance to C:/Users/matoo/AppData/Local/UnrealEngine/Common/DerivedDataCache: Latency=0.02ms. RandomReadSpeed=1951.89MBs, RandomWriteSpeed=294.07MBs. Assigned SpeedClass 'Local'
[2022.10.17-04.13.42:716][  0]LogDerivedDataCache: Using Local data cache path C:/Users/matoo/AppData/Local/UnrealEngine/Common/DerivedDataCache: Writable
[2022.10.17-04.13.42:717][  0]LogDerivedDataCache: Shared data cache path not found in *engine.ini, will not use an Shared cache.
[2022.10.17-04.13.42:717][  0]LogDerivedDataCache: Unable to find inner node Shared for hierarchical cache Hierarchy.
[2022.10.17-04.13.42:755][  0]LogSlate: Using FreeType 2.10.0
[2022.10.17-04.13.42:755][  0]LogSlate: SlateFontServices - WITH_FREETYPE: 1, WITH_HARFBUZZ: 1
[2022.10.17-04.13.42:773][  0]LogAssetRegistry: FAssetRegistry took 0.0019 seconds to start up
[2022.10.17-04.13.42:948][  0]LogInit: Selected Device Profile: [Windows]
[2022.10.17-04.13.42:949][  0]LogInit: Active device profile: [0000028D50A24900][0000028D4F5F4AC0 49] Windows
[2022.10.17-04.13.42:949][  0]LogInit: Profiles: [0000028D50A24900][0000028D4F5F4AC0 49] Windows, [0000028D509C3800][0000028D4F5FCC40 49] WindowsNoEditor, [0000028D50A27500][0000028D4F60CDC0 49] WindowsServer, [0000028D509C0E00][0000028D4F614F40 49] WindowsClient, [0000028D50A27800][0000028D4F6190C0 49] IOS, [0000028D509C2800][0000028D4F61D240 49] iPadAir, [0000028D50A26000][0000028D4F6213C0 49] iPadAir2, [0000028D507ECA00][0000028D4F629680 49] IPadPro, [0000028D507ECB00][0000028D4F6256C0 49] iPadAir3, [0000028D509C1900][0000028D4F62D840 49] iPadAir4, [0000028D507EF400][0000028D4C8E19C0 49] iPadMini2, [0000028D509C2A00][0000028D4C8E5B40 49] iPadMini3, [0000028D507ED700][0000028D4C8E8140 49] iPadMini4, [0000028D50A25100][0000028D4C8EC2C0 49] iPadMini5, [0000028D50800300][0000028D4C8F4580 49] iPhone6, [0000028D50800400][0000028D4C8F05C0 49] iPodTouch6, [0000028D507EF600][0000028D4C8FC880 49] iPhone7, [0000028D507ED800][0000028D4C8F88C0 49] iPodTouch7, [0000028D50803F00][0000028D4F5F8A00 49] iPhone5S, [0000028D509C2200][0000028D4C900B40 49] iPhone6Plus, [0000028D507EC200][0000028D4C904C80 49] iPhone6S, [0000028D509C2400][0000028D4C908DC0 49] iPhone6SPlus, [0000028D507EFC00][0000028D4C910F40 49] iPhone7Plus, [0000028D509C0300][0000028D4C9150C0 49] iPhoneSE, [0000028D507EF500][0000028D4C919240 49] iPhone8, [0000028D509C1E00][0000028D4C91D3C0 49] iPhone8Plus, [0000028D507ED100][0000028D4C921540 49] iPhoneX, [0000028D509C0400][0000028D4C9256C0 49] iPhoneXS, [0000028D507ED300][0000028D4C929840 49] iPhoneXSMax, [0000028D509C1400][0000028D4C92D9C0 49] iPhoneXR, [0000028D507EF800][0000028D4C931B40 49] iPhone11, [0000028D509C2E00][0000028D4CF10140 49] iPhone11Pro, [0000028D507EF700][0000028D4CF142C0 49] iPhone11ProMax, [0000028D509C0F00][0000028D4CF18440 49] iPhoneSE2, [0000028D507EEE00][0000028D4CF1C5C0 49] iPhone12Mini, [0000028D509C3C00][0000028D4CF20740 49] iPhone12, [0000028D507EE400][0000028D4CF248C0 49] iPhone12Pro, [0000028D509C0700][0000028D4CF28A40 49] iPhone12ProMax, [0000028D507EE300][0000028D4C90CB80 49] iPadPro105, [0000028D509C3100][0000028D4CF2CCC0 49] iPadPro129, [0000028D507EE200][0000028D4CF30E00 49] iPadPro97, [0000028D509C0B00][0000028D4CF34F40 49] iPadPro2_129, [0000028D507EF200][0000028D4CF3D0C0 49] iPad5, [0000028D509C3400][0000028D4CF41240 49] iPad6, [0000028D507EF300][0000028D4CF453C0 49] iPad7, [0000028D509C0200][0000028D4CF49540 49] iPad8, [0000028D507EDA00][0000028D4CF4D6C0 49] iPadPro11, [0000028D509C1600][0000028D4CF51840 49] iPadPro2_11, [0000028D507EDD00][0000028D4CF559C0 49] iPadPro3_129, [0000028D509C3900][0000028D4CF59B40 49] iPadPro4_129, [0000028D507EF000][0000028D4CF5C140 49] AppleTV, [0000028D509C3F00][0000028D4CF602C0 49] AppleTV4K, [0000028D507EC100][0000028D4CF64440 49] TVOS, [0000028D509C2500][0000028D4CF685C0 49] Mac, [0000028D507EFB00][0000028D439A2740 49] MacClient, [0000028D509C1B00][0000028D439A68C0 49] MacNoEditor, [0000028D507EEC00][0000028D439AAA40 49] MacServer, [0000028D509C0A00][0000028D439AEBC0 49] Linux, [0000028D507EE000][0000028D439B2D40 49] LinuxAArch64, [0000028D509C2700][0000028D4CF38E80 49] LinuxNoEditor, [0000028D507EE500][0000028D439B6FC0 49] LinuxAArch64NoEditor, [0000028D509C1500][0000028D439BB100 49] LinuxClient, [0000028D507EF900][0000028D439C3280 49] LinuxAArch64Client, [0000028D509C1700][0000028D439C7400 49] LinuxServer, [0000028D507ED900][0000028D439CB580 49] LinuxAArch64Server, [0000028D509C3700][0000028D439CF700 49] Android, [0000028D507EC600][0000028D439D3880 49] Android_Low, [0000028D509C2D00][0000028D439D7A00 49] Android_Mid, [0000028D50A27A00][0000028D439DBB80 49] Android_High, [0000028D50801C00][0000028D439DE180 49] Android_Default, [0000028D50A26100][0000028D439E2300 49] Android_Adreno4xx, [0000028D50802700][0000028D439E6480 49] Android_Adreno5xx_Low, [0000028D50A24A00][0000028D439EA600 49] Android_Adreno5xx, [0000028D50802D00][0000028D439EE780 49] Android_Adreno6xx, [0000028D50A25200][0000028D439F2900 49] Android_Adreno6xx_Vulkan, [0000028D50802800][0000028D439F6A80 49] Android_Mali_T6xx, [0000028D50A26600][0000028D439FAC00 49] Android_Mali_T7xx, [0000028D50802E00][0000028D439FED80 49] Android_Mali_T8xx, [0000028D50A27200][0000028D43A02F00 49] Android_Mali_G71, [0000028D50803C00][0000028D439BF040 49] Android_Mali_G72, [0000028D50A26A00][0000028D43A07180 49] Android_Mali_G72_Vulkan, [0000028D50801B00][0000028D43A0B2C0 49] Android_Mali_G76, [0000028D50A25A00][0000028D43F39440 49] Android_Mali_G76_Vulkan, [0000028D50802000][0000028D43F3D5C0 49] Android_Mali_G77, [0000028D50A26D00][0000028D43F41740 49] Android_Mali_G77_Vulkan, [0000028D50803800][0000028D43F458C0 49] Android_Mali_G78, [0000028D50A26800][0000028D43F49A40 49] Android_Mali_G78_Vulkan, [0000028D50801200][0000028D43F4DBC0 49] Android_Mali_G710, [0000028D50A24E00][0000028D43F501C0 49] Android_Mali_G710_Vulkan, [0000028D50803500][0000028D43F54340 49] Android_Vulkan_SM5, [0000028D50A27400][0000028D43F584C0 49] Android_PowerVR_G6xxx, [0000028D50802C00][0000028D43F5C640 49] Android_PowerVR_GT7xxx, [0000028D50A27C00][0000028D43F607C0 49] Android_PowerVR_GE8xxx, [0000028D50800E00][0000028D43F64940 49] Android_PowerVR_GM9xxx, [0000028D50A25800][0000028D43F68AC0 49] Android_PowerVR_GM9xxx_Vulkan, [0000028D50802400][0000028D43F6CC40 49] Android_TegraK1, [0000028D50A25000][0000028D43F70DC0 49] Android_Unknown_Vulkan, [0000028D509C3A00][0000028D43F74F40 49] Lumin, [0000028D50A25E00][0000028D43F790C0 49] Lumin_Desktop, [0000028D509C1C00][0000028D43A0F200 49] HoloLens, 
[2022.10.17-04.13.43:046][  0]LogMeshReduction: Using QuadricMeshReduction for automatic static mesh reduction
[2022.10.17-04.13.43:046][  0]LogMeshReduction: Using SimplygonMeshReduction for automatic skeletal mesh reduction
[2022.10.17-04.13.43:046][  0]LogMeshReduction: Using ProxyLODMeshReduction for automatic mesh merging
[2022.10.17-04.13.43:046][  0]LogMeshReduction: No distributed automatic mesh merging module available
[2022.10.17-04.13.43:046][  0]LogMeshMerging: No distributed automatic mesh merging module available
[2022.10.17-04.13.43:058][  0]LogNetVersion: SavePrincess 1.0.0, NetCL: 17155196, EngineNetVer: 17, GameNetVer: 0 (Checksum: 2606911838)
[2022.10.17-04.13.43:337][  0]LogTexture: Default maximum texture size for cubemaps generated from long-lat sources has been changed from 512 to unlimited. In order to preserve old behaiour for '/Engine/MapTemplates/Sky/DaylightAmbientCubemap.DaylightAmbientCubemap', its maximum texture size has been explicitly set to 512.
[2022.10.17-04.13.43:377][  0]LogHMD: PokeAHoleMaterial loaded successfully
[2022.10.17-04.13.43:381][  0]LogUObjectArray: 17178 objects as part of root set at end of initial load.
[2022.10.17-04.13.43:381][  0]LogUObjectAllocator: 4302048 out of 0 bytes used by permanent object pool.
[2022.10.17-04.13.43:381][  0]LogUObjectArray: CloseDisregardForGC: 0/0 objects in disregard for GC pool
[2022.10.17-04.13.43:564][  0]LogNiagaraDebuggerClient: Niagara Debugger Client Initialized | Session: E3C38A634AAD68A84FC9669B43770E95 | Instance: 36A470774E18D38E19A15299960991B4 (DESKTOP-R5E1UO9-26676).
[2022.10.17-04.13.43:645][  0]LogTcpMessaging: Initializing TcpMessaging bridge
[2022.10.17-04.13.43:648][  0]LogUdpMessaging: Initializing bridge on interface 0.0.0.0:0 to multicast group 230.0.0.1:6666.
[2022.10.17-04.13.43:680][  0]LogPython: Using Python 3.7.7
[2022.10.17-04.13.44:216][  0]SourceControl: Source control is disabled
[2022.10.17-04.13.44:216][  0]SourceControl: Source control is disabled
[2022.10.17-04.13.44:227][  0]SourceControl: Source control is disabled
[2022.10.17-04.13.44:228][  0]SourceControl: Source control is disabled
[2022.10.17-04.13.44:234][  0]SourceControl: Source control is disabled
[2022.10.17-04.13.44:238][  0]LogUProjectInfo: Found projects:
[2022.10.17-04.13.44:315][  0]LogAndroidPermission: UAndroidPermissionCallbackProxy::GetInstance
[2022.10.17-04.13.44:330][  0]LogAudioCaptureCore: Display: No Audio Capture implementations found. Audio input will be silent.
[2022.10.17-04.13.44:330][  0]LogAudioCaptureCore: Display: No Audio Capture implementations found. Audio input will be silent.
[2022.10.17-04.13.44:498][  0]LogOpenImageDenoise: OIDN starting up
[2022.10.17-04.13.44:503][  0]LogCollectionManager: Loaded 0 collections in 0.000456 seconds
[2022.10.17-04.13.44:520][  0]LogFileCache: Scanning file cache for directory 'C:/Users/matoo/OneDrive/Documents/GitHub/SavePrincess/SavePrincess/Saved/Collections/' took 0.00s
[2022.10.17-04.13.44:520][  0]LogFileCache: Scanning file cache for directory 'C:/Users/matoo/OneDrive/Documents/GitHub/SavePrincess/SavePrincess/Content/Developers/matoo/Collections/' took 0.00s
[2022.10.17-04.13.44:520][  0]LogFileCache: Scanning file cache for directory 'C:/Users/matoo/OneDrive/Documents/GitHub/SavePrincess/SavePrincess/Content/Collections/' took 0.00s
[2022.10.17-04.13.44:520][  0]LogOcInput: OculusInput pre-init called
[2022.10.17-04.13.44:707][  0]LogEngine: Initializing Engine...
[2022.10.17-04.13.44:760][  0]LogHMD: Failed to initialize OpenVR with code 108
[2022.10.17-04.20.45:003][  0]LogHMD: Optional extension XR_VARJO_quad_views is not available
[2022.10.17-04.20.45:003][  0]LogHMD: Warning: Required extension XR_EXT_hand_tracking is not available
[2022.10.17-04.20.45:003][  0]LogHMD: Could not enable all required OpenXR extensions for OpenXRHandTracking on current system. This plugin will be loaded but ignored, but will be enabled on a target platform that supports the required extension.
[2022.10.17-04.20.45:003][  0]LogHMD: Warning: Required extension XR_EXT_eye_gaze_interaction is not available
[2022.10.17-04.20.45:003][  0]LogHMD: Could not enable all required OpenXR extensions for OpenXREyeTracker on current system. This plugin will be loaded but ignored, but will be enabled on a target platform that supports the required extension.
